2018-04-16 10:57:14.650  INFO 432 --- [  restartedMain] com.atm.SpringBootStartApplication       : Starting SpringBootStartApplication on DESKTOP-8J9M5H4 with PID 432 (started by chenyihui in D:\Java web\atm)
2018-04-16 10:57:14.691  INFO 432 --- [  restartedMain] com.atm.SpringBootStartApplication       : No active profile set, falling back to default profiles: default
2018-04-16 10:57:14.895  INFO 432 --- [  restartedMain] ConfigServletWebServerApplicationContext : Refreshing org.springframework.boot.web.servlet.context.AnnotationConfigServletWebServerApplicationContext@5247c484: startup date [Mon Apr 16 10:57:14 CST 2018]; root of context hierarchy
2018-04-16 10:57:18.428  INFO 432 --- [  restartedMain] .s.d.r.c.RepositoryConfigurationDelegate : Multiple Spring Data modules found, entering strict repository configuration mode!
2018-04-16 10:57:20.132  INFO 432 --- [  restartedMain] trationDelegate$BeanPostProcessorChecker : Bean 'shiroConfig' of type [com.atm.config.ShiroConfig$$EnhancerBySpringCGLIB$$be0bb96b] is not eligible for getting processed by all BeanPostProcessors (for example: not eligible for auto-proxying)
2018-04-16 10:57:20.550  INFO 432 --- [  restartedMain] trationDelegate$BeanPostProcessorChecker : Bean 'org.springframework.boot.context.properties.ConversionServiceDeducer$Factory' of type [org.springframework.boot.context.properties.ConversionServiceDeducer$Factory] is not eligible for getting processed by all BeanPostProcessors (for example: not eligible for auto-proxying)
2018-04-16 10:57:20.594  INFO 432 --- [  restartedMain] trationDelegate$BeanPostProcessorChecker : Bean 'mybatis-org.mybatis.spring.boot.autoconfigure.MybatisProperties' of type [org.mybatis.spring.boot.autoconfigure.MybatisProperties] is not eligible for getting processed by all BeanPostProcessors (for example: not eligible for auto-proxying)
2018-04-16 10:57:20.626  INFO 432 --- [  restartedMain] trationDelegate$BeanPostProcessorChecker : Bean 'org.mybatis.spring.boot.autoconfigure.MybatisAutoConfiguration' of type [org.mybatis.spring.boot.autoconfigure.MybatisAutoConfiguration$$EnhancerBySpringCGLIB$$cff5878e] is not eligible for getting processed by all BeanPostProcessors (for example: not eligible for auto-proxying)
2018-04-16 10:57:20.651  INFO 432 --- [  restartedMain] trationDelegate$BeanPostProcessorChecker : Bean 'org.springframework.boot.autoconfigure.jdbc.DataSourceConfiguration$Generic' of type [org.springframework.boot.autoconfigure.jdbc.DataSourceConfiguration$Generic] is not eligible for getting processed by all BeanPostProcessors (for example: not eligible for auto-proxying)
2018-04-16 10:57:20.735  INFO 432 --- [  restartedMain] trationDelegate$BeanPostProcessorChecker : Bean 'spring.datasource-org.springframework.boot.autoconfigure.jdbc.DataSourceProperties' of type [org.springframework.boot.autoconfigure.jdbc.DataSourceProperties] is not eligible for getting processed by all BeanPostProcessors (for example: not eligible for auto-proxying)
2018-04-16 10:57:20.920  INFO 432 --- [  restartedMain] trationDelegate$BeanPostProcessorChecker : Bean 'dataSource' of type [com.alibaba.druid.pool.DruidDataSource] is not eligible for getting processed by all BeanPostProcessors (for example: not eligible for auto-proxying)
2018-04-16 10:57:21.732  INFO 432 --- [  restartedMain] trationDelegate$BeanPostProcessorChecker : Bean 'sqlSessionFactory' of type [org.apache.ibatis.session.defaults.DefaultSqlSessionFactory] is not eligible for getting processed by all BeanPostProcessors (for example: not eligible for auto-proxying)
2018-04-16 10:57:21.750  INFO 432 --- [  restartedMain] trationDelegate$BeanPostProcessorChecker : Bean 'sqlSessionTemplate' of type [org.mybatis.spring.SqlSessionTemplate] is not eligible for getting processed by all BeanPostProcessors (for example: not eligible for auto-proxying)
2018-04-16 10:57:21.751  INFO 432 --- [  restartedMain] trationDelegate$BeanPostProcessorChecker : Bean 'accountMapper' of type [org.mybatis.spring.mapper.MapperFactoryBean] is not eligible for getting processed by all BeanPostProcessors (for example: not eligible for auto-proxying)
2018-04-16 10:57:21.755  INFO 432 --- [  restartedMain] trationDelegate$BeanPostProcessorChecker : Bean 'accountMapper' of type [com.sun.proxy.$Proxy66] is not eligible for getting processed by all BeanPostProcessors (for example: not eligible for auto-proxying)
2018-04-16 10:57:21.758  INFO 432 --- [  restartedMain] trationDelegate$BeanPostProcessorChecker : Bean 'accountServiceImpl' of type [com.atm.service.impl.AccountServiceImpl] is not eligible for getting processed by all BeanPostProcessors (for example: not eligible for auto-proxying)
2018-04-16 10:57:21.778  INFO 432 --- [  restartedMain] trationDelegate$BeanPostProcessorChecker : Bean 'userMapper' of type [org.mybatis.spring.mapper.MapperFactoryBean] is not eligible for getting processed by all BeanPostProcessors (for example: not eligible for auto-proxying)
2018-04-16 10:57:21.783  INFO 432 --- [  restartedMain] trationDelegate$BeanPostProcessorChecker : Bean 'userMapper' of type [com.sun.proxy.$Proxy68] is not eligible for getting processed by all BeanPostProcessors (for example: not eligible for auto-proxying)
2018-04-16 10:57:21.791  INFO 432 --- [  restartedMain] trationDelegate$BeanPostProcessorChecker : Bean 'userServiceImpl' of type [com.atm.service.impl.UserServiceImpl] is not eligible for getting processed by all BeanPostProcessors (for example: not eligible for auto-proxying)
2018-04-16 10:57:21.841  INFO 432 --- [  restartedMain] trationDelegate$BeanPostProcessorChecker : Bean 'org.springframework.boot.autoconfigure.data.redis.RedisAutoConfiguration' of type [org.springframework.boot.autoconfigure.data.redis.RedisAutoConfiguration$$EnhancerBySpringCGLIB$$92b8619a] is not eligible for getting processed by all BeanPostProcessors (for example: not eligible for auto-proxying)
2018-04-16 10:57:21.889  INFO 432 --- [  restartedMain] trationDelegate$BeanPostProcessorChecker : Bean 'spring.redis-org.springframework.boot.autoconfigure.data.redis.RedisProperties' of type [org.springframework.boot.autoconfigure.data.redis.RedisProperties] is not eligible for getting processed by all BeanPostProcessors (for example: not eligible for auto-proxying)
2018-04-16 10:57:21.905  INFO 432 --- [  restartedMain] trationDelegate$BeanPostProcessorChecker : Bean 'org.springframework.boot.autoconfigure.data.redis.LettuceConnectionConfiguration' of type [org.springframework.boot.autoconfigure.data.redis.LettuceConnectionConfiguration$$EnhancerBySpringCGLIB$$b23af4a8] is not eligible for getting processed by all BeanPostProcessors (for example: not eligible for auto-proxying)
2018-04-16 10:57:22.275  INFO 432 --- [  restartedMain] trationDelegate$BeanPostProcessorChecker : Bean 'lettuceClientResources' of type [io.lettuce.core.resource.DefaultClientResources] is not eligible for getting processed by all BeanPostProcessors (for example: not eligible for auto-proxying)
2018-04-16 10:57:22.595  INFO 432 --- [  restartedMain] trationDelegate$BeanPostProcessorChecker : Bean 'redisConnectionFactory' of type [org.springframework.data.redis.connection.lettuce.LettuceConnectionFactory] is not eligible for getting processed by all BeanPostProcessors (for example: not eligible for auto-proxying)
2018-04-16 10:57:22.629  INFO 432 --- [  restartedMain] trationDelegate$BeanPostProcessorChecker : Bean 'redisTemplate' of type [org.springframework.data.redis.core.RedisTemplate] is not eligible for getting processed by all BeanPostProcessors (for example: not eligible for auto-proxying)
2018-04-16 10:57:22.648  INFO 432 --- [  restartedMain] trationDelegate$BeanPostProcessorChecker : Bean 'stringRedisTemplate' of type [org.springframework.data.redis.core.StringRedisTemplate] is not eligible for getting processed by all BeanPostProcessors (for example: not eligible for auto-proxying)
2018-04-16 10:57:22.650  INFO 432 --- [  restartedMain] trationDelegate$BeanPostProcessorChecker : Bean 'redisService' of type [com.atm.cache.redis.RedisService] is not eligible for getting processed by all BeanPostProcessors (for example: not eligible for auto-proxying)
2018-04-16 10:57:22.651  INFO 432 --- [  restartedMain] trationDelegate$BeanPostProcessorChecker : Bean 'userRealm' of type [com.atm.shiro.UserRealm] is not eligible for getting processed by all BeanPostProcessors (for example: not eligible for auto-proxying)
2018-04-16 10:57:22.671  INFO 432 --- [  restartedMain] trationDelegate$BeanPostProcessorChecker : Bean 'redisShiroSessionDao' of type [com.atm.shiro.RedisShiroSessionDao] is not eligible for getting processed by all BeanPostProcessors (for example: not eligible for auto-proxying)
2018-04-16 10:57:22.711  INFO 432 --- [  restartedMain] trationDelegate$BeanPostProcessorChecker : Bean 'sessionManager' of type [org.apache.shiro.web.session.mgt.DefaultWebSessionManager] is not eligible for getting processed by all BeanPostProcessors (for example: not eligible for auto-proxying)
2018-04-16 10:57:23.592  INFO 432 --- [  restartedMain] trationDelegate$BeanPostProcessorChecker : Bean 'securityManager' of type [org.apache.shiro.web.mgt.DefaultWebSecurityManager] is not eligible for getting processed by all BeanPostProcessors (for example: not eligible for auto-proxying)
2018-04-16 10:57:23.600  INFO 432 --- [  restartedMain] trationDelegate$BeanPostProcessorChecker : Bean 'asyncTaskConfig' of type [com.atm.Async.AsyncTaskConfig$$EnhancerBySpringCGLIB$$a2432e53] is not eligible for getting processed by all BeanPostProcessors (for example: not eligible for auto-proxying)
2018-04-16 10:57:23.605  INFO 432 --- [  restartedMain] o.s.s.concurrent.ThreadPoolTaskExecutor  : Initializing ExecutorService 
2018-04-16 10:57:23.770  INFO 432 --- [  restartedMain] trationDelegate$BeanPostProcessorChecker : Bean 'org.springframework.transaction.annotation.ProxyTransactionManagementConfiguration' of type [org.springframework.transaction.annotation.ProxyTransactionManagementConfiguration$$EnhancerBySpringCGLIB$$9d21365e] is not eligible for getting processed by all BeanPostProcessors (for example: not eligible for auto-proxying)
2018-04-16 10:57:23.804  INFO 432 --- [  restartedMain] trationDelegate$BeanPostProcessorChecker : Bean 'authorizationAttributeSourceAdvisor' of type [org.apache.shiro.spring.security.interceptor.AuthorizationAttributeSourceAdvisor] is not eligible for getting processed by all BeanPostProcessors (for example: not eligible for auto-proxying)
2018-04-16 10:57:24.706  INFO 432 --- [  restartedMain] o.s.b.w.embedded.tomcat.TomcatWebServer  : Tomcat initialized with port(s): 8080 (http)
2018-04-16 10:57:24.752  INFO 432 --- [  restartedMain] o.apache.catalina.core.StandardService   : Starting service [Tomcat]
2018-04-16 10:57:24.753  INFO 432 --- [  restartedMain] org.apache.catalina.core.StandardEngine  : Starting Servlet Engine: Apache Tomcat/8.5.28
2018-04-16 10:57:24.768  INFO 432 --- [ost-startStop-1] o.a.catalina.core.AprLifecycleListener   : The APR based Apache Tomcat Native library which allows optimal performance in production environments was not found on the java.library.path: [C:\Program Files\Java\jdk1.8.0_161\bin;C:\WINDOWS\Sun\Java\bin;C:\WINDOWS\system32;C:\WINDOWS;C:\Program Files\Java\jdk1.8.0_161\bin;C:\Program Files\Java\jdk1.8.0_161\jre\bin;C:\ProgramData\Oracle\Java\javapath;C:\WINDOWS\system32;C:\WINDOWS;C:\WINDOWS\System32\Wbem;C:\WINDOWS\System32\WindowsPowerShell\v1.0\;%USERPROFILE%\.dnx\bin;C:\Program Files\Microsoft DNX\Dnvm\;C:\Program Files\Microsoft SQL Server\120\DTS\Binn\;C:\Program Files (x86)\Windows Kits\10\Windows Performance Toolkit\;C:\Program Files (x86)\MySQL\MySQL Server 5.5\bin;D:\Program Files (x86)\bin;D:\Program Files\github\Git\cmd;C:\Program Files\TortoiseGit\bin;D:\Program Files\node.js\;C:\WINDOWS\system32;C:\WINDOWS;C:\WINDOWS\System32\Wbem;?D:\apache-maven-3.5.3\bin\;%CATALINA_HOME%\lib;%CATALINA_HOME%\bin;C:\Users\chenyihui\AppData\Local\Microsoft\WindowsApps;D:\Program Files\node.js\node_global\;C:\Users\chenyihui\AppData\Roaming\npm\node_modules;C:\Users\chenyihui\AppData\Local\GitHubDesktop\bin;"C:\WINDOWS\system32;";.]
2018-04-16 10:57:24.991  INFO 432 --- [ost-startStop-1] o.a.c.c.C.[Tomcat].[localhost].[/]       : Initializing Spring embedded WebApplicationContext
2018-04-16 10:57:24.991  INFO 432 --- [ost-startStop-1] o.s.web.context.ContextLoader            : Root WebApplicationContext: initialization completed in 10097 ms
2018-04-16 10:57:25.473  INFO 432 --- [ost-startStop-1] o.s.b.w.servlet.ServletRegistrationBean  : Servlet dispatcherServlet mapped to [/]
2018-04-16 10:57:25.483  INFO 432 --- [ost-startStop-1] o.s.b.w.servlet.FilterRegistrationBean   : Mapping filter: 'characterEncodingFilter' to: [/*]
2018-04-16 10:57:25.485  INFO 432 --- [ost-startStop-1] o.s.b.w.servlet.FilterRegistrationBean   : Mapping filter: 'hiddenHttpMethodFilter' to: [/*]
2018-04-16 10:57:25.486  INFO 432 --- [ost-startStop-1] o.s.b.w.servlet.FilterRegistrationBean   : Mapping filter: 'httpPutFormContentFilter' to: [/*]
2018-04-16 10:57:25.487  INFO 432 --- [ost-startStop-1] o.s.b.w.servlet.FilterRegistrationBean   : Mapping filter: 'requestContextFilter' to: [/*]
2018-04-16 10:57:25.488  INFO 432 --- [ost-startStop-1] o.s.b.w.servlet.FilterRegistrationBean   : Mapping filter: 'kickoutSessionControlFilter' to: [/*]
2018-04-16 10:57:25.489  INFO 432 --- [ost-startStop-1] o.s.b.w.servlet.FilterRegistrationBean   : Mapping filter: 'shiroFilter' to: [/*]
2018-04-16 10:57:27.667  INFO 432 --- [  restartedMain] s.w.s.m.m.a.RequestMappingHandlerAdapter : Looking for @ControllerAdvice: org.springframework.boot.web.servlet.context.AnnotationConfigServletWebServerApplicationContext@5247c484: startup date [Mon Apr 16 10:57:14 CST 2018]; root of context hierarchy
2018-04-16 10:57:27.941  INFO 432 --- [  restartedMain] s.w.s.m.m.a.RequestMappingHandlerMapping : Mapped "{[/account/update],methods=[POST]}" onto public com.atm.dto.ResultMap com.atm.controller.AccountController.update(com.atm.entity.Account)
2018-04-16 10:57:27.943  INFO 432 --- [  restartedMain] s.w.s.m.m.a.RequestMappingHandlerMapping : Mapped "{[/account/list],methods=[GET]}" onto public com.atm.dto.ResultMap com.atm.controller.AccountController.list(java.util.Map<java.lang.String, java.lang.Object>)
2018-04-16 10:57:27.947  INFO 432 --- [  restartedMain] s.w.s.m.m.a.RequestMappingHandlerMapping : Mapped "{[/account/info/{aid}],methods=[GET]}" onto public com.atm.dto.ResultMap com.atm.controller.AccountController.info(java.lang.Integer)
2018-04-16 10:57:27.953  INFO 432 --- [  restartedMain] s.w.s.m.m.a.RequestMappingHandlerMapping : Mapped "{[/card/update],methods=[PUT]}" onto public com.atm.dto.ResultMap com.atm.controller.CardController.update(com.atm.entity.Card)
2018-04-16 10:57:27.954  INFO 432 --- [  restartedMain] s.w.s.m.m.a.RequestMappingHandlerMapping : Mapped "{[/card/list],methods=[GET]}" onto public com.atm.dto.ResultMap com.atm.controller.CardController.list(java.util.Map<java.lang.String, java.lang.Object>)
2018-04-16 10:57:27.955  INFO 432 --- [  restartedMain] s.w.s.m.m.a.RequestMappingHandlerMapping : Mapped "{[/card/info/{cardid}],methods=[GET]}" onto public com.atm.dto.ResultMap com.atm.controller.CardController.info(java.lang.Integer)
2018-04-16 10:57:27.962  INFO 432 --- [  restartedMain] s.w.s.m.m.a.RequestMappingHandlerMapping : Mapped "{[/deposit/list],methods=[GET]}" onto public com.atm.dto.ResultMap com.atm.controller.DepositController.list(java.util.Map<java.lang.String, java.lang.Object>)
2018-04-16 10:57:27.964  INFO 432 --- [  restartedMain] s.w.s.m.m.a.RequestMappingHandlerMapping : Mapped "{[/deposit/save],methods=[POST]}" onto public com.atm.dto.ResultMap com.atm.controller.DepositController.save(java.lang.String)
2018-04-16 10:57:27.967  INFO 432 --- [  restartedMain] s.w.s.m.m.a.RequestMappingHandlerMapping : Mapped "{[/deposit/info/{id}],methods=[GET]}" onto public com.atm.dto.ResultMap com.atm.controller.DepositController.info(java.lang.Integer)
2018-04-16 10:57:27.971  INFO 432 --- [  restartedMain] s.w.s.m.m.a.RequestMappingHandlerMapping : Mapped "{[/freemaker]}" onto public org.springframework.web.servlet.ModelAndView com.atm.controller.FreemakerController.say(org.springframework.ui.Model)
2018-04-16 10:57:27.976  INFO 432 --- [  restartedMain] s.w.s.m.m.a.RequestMappingHandlerMapping : Mapped "{[/hello],methods=[GET]}" onto public java.lang.String com.atm.controller.FreemakerController.getHello()
2018-04-16 10:57:27.981  INFO 432 --- [  restartedMain] s.w.s.m.m.a.RequestMappingHandlerMapping : Mapped "{[/saveAccount],methods=[POST]}" onto public com.atm.dto.ResultMap com.atm.controller.PageController.save(com.atm.entity.Account)
2018-04-16 10:57:27.983  INFO 432 --- [  restartedMain] s.w.s.m.m.a.RequestMappingHandlerMapping : Mapped "{[/home]}" onto public org.springframework.web.servlet.ModelAndView com.atm.controller.PageController.home()
2018-04-16 10:57:27.984  INFO 432 --- [  restartedMain] s.w.s.m.m.a.RequestMappingHandlerMapping : Mapped "{[/login.jhtml]}" onto public org.springframework.web.servlet.ModelAndView com.atm.controller.PageController.login()
2018-04-16 10:57:27.986  INFO 432 --- [  restartedMain] s.w.s.m.m.a.RequestMappingHandlerMapping : Mapped "{[/module/{htmlName}]}" onto public java.lang.String com.atm.controller.PageController.showPage(javax.servlet.http.HttpServletRequest,java.lang.String)
2018-04-16 10:57:27.988  INFO 432 --- [  restartedMain] s.w.s.m.m.a.RequestMappingHandlerMapping : Mapped "{[/Sign_in],methods=[POST]}" onto public com.atm.dto.ResultMap com.atm.controller.PageController.Sign_in(com.atm.entity.Account)
2018-04-16 10:57:27.989  INFO 432 --- [  restartedMain] s.w.s.m.m.a.RequestMappingHandlerMapping : Mapped "{[/listCard]}" onto public java.util.List<com.atm.entity.Card> com.atm.controller.PageController.listCard()
2018-04-16 10:57:27.989  INFO 432 --- [  restartedMain] s.w.s.m.m.a.RequestMappingHandlerMapping : Mapped "{[/testRole]}" onto public java.lang.String com.atm.controller.PageController.testRole()
2018-04-16 10:57:27.989  INFO 432 --- [  restartedMain] s.w.s.m.m.a.RequestMappingHandlerMapping : Mapped "{[/unauthorizedurl.jhtml]}" onto public java.lang.String com.atm.controller.PageController.unauthorizedurl()
2018-04-16 10:57:27.990  INFO 432 --- [  restartedMain] s.w.s.m.m.a.RequestMappingHandlerMapping : Mapped "{[/logout],methods=[GET]}" onto public java.lang.String com.atm.controller.PageController.logout()
2018-04-16 10:57:27.991  INFO 432 --- [  restartedMain] s.w.s.m.m.a.RequestMappingHandlerMapping : Mapped "{[/transfer/toTransfer]}" onto public com.atm.dto.ResultMap com.atm.controller.TransferController.transferAsyncTask(java.lang.String)
2018-04-16 10:57:27.996  INFO 432 --- [  restartedMain] s.w.s.m.m.a.RequestMappingHandlerMapping : Mapped "{[/User/update]}" onto public com.atm.dto.ResultMap com.atm.controller.UserController.update(com.atm.entity.User)
2018-04-16 10:57:27.998  INFO 432 --- [  restartedMain] s.w.s.m.m.a.RequestMappingHandlerMapping : Mapped "{[/User/list]}" onto public com.atm.dto.ResultMap com.atm.controller.UserController.list(java.util.Map<java.lang.String, java.lang.Object>)
2018-04-16 10:57:28.000  INFO 432 --- [  restartedMain] s.w.s.m.m.a.RequestMappingHandlerMapping : Mapped "{[/User/info/{userid}]}" onto public com.atm.dto.ResultMap com.atm.controller.UserController.info(java.lang.Integer)
2018-04-16 10:57:28.002  INFO 432 --- [  restartedMain] s.w.s.m.m.a.RequestMappingHandlerMapping : Mapped "{[/withdraw/list],methods=[GET]}" onto public com.atm.dto.ResultMap com.atm.controller.WithdrawController.list(java.util.Map<java.lang.String, java.lang.Object>)
2018-04-16 10:57:28.003  INFO 432 --- [  restartedMain] s.w.s.m.m.a.RequestMappingHandlerMapping : Mapped "{[/withdraw/save],methods=[POST]}" onto public com.atm.dto.ResultMap com.atm.controller.WithdrawController.save(java.lang.String)
2018-04-16 10:57:28.004  INFO 432 --- [  restartedMain] s.w.s.m.m.a.RequestMappingHandlerMapping : Mapped "{[/withdraw/info/{id}],methods=[GET]}" onto public com.atm.dto.ResultMap com.atm.controller.WithdrawController.info(java.lang.Integer)
2018-04-16 10:57:28.012  INFO 432 --- [  restartedMain] s.w.s.m.m.a.RequestMappingHandlerMapping : Mapped "{[/error]}" onto public org.springframework.http.ResponseEntity<java.util.Map<java.lang.String, java.lang.Object>> org.springframework.boot.autoconfigure.web.servlet.error.BasicErrorController.error(javax.servlet.http.HttpServletRequest)
2018-04-16 10:57:28.015  INFO 432 --- [  restartedMain] s.w.s.m.m.a.RequestMappingHandlerMapping : Mapped "{[/error],produces=[text/html]}" onto public org.springframework.web.servlet.ModelAndView org.springframework.boot.autoconfigure.web.servlet.error.BasicErrorController.errorHtml(javax.servlet.http.HttpServletRequest,javax.servlet.http.HttpServletResponse)
2018-04-16 10:57:28.476  INFO 432 --- [  restartedMain] o.s.w.s.handler.SimpleUrlHandlerMapping  : Mapped URL path [/webjars/**] onto handler of type [class org.springframework.web.servlet.resource.ResourceHttpRequestHandler]
2018-04-16 10:57:28.477  INFO 432 --- [  restartedMain] o.s.w.s.handler.SimpleUrlHandlerMapping  : Mapped URL path [/static/**] onto handler of type [class org.springframework.web.servlet.resource.ResourceHttpRequestHandler]
2018-04-16 10:57:28.589  INFO 432 --- [  restartedMain] .m.m.a.ExceptionHandlerExceptionResolver : Detected @ExceptionHandler methods in RRExceptionHandler
2018-04-16 10:57:28.794  INFO 432 --- [  restartedMain] o.s.w.s.handler.SimpleUrlHandlerMapping  : Mapped URL path [/**/favicon.ico] onto handler of type [class org.springframework.web.servlet.resource.ResourceHttpRequestHandler]
2018-04-16 10:57:29.555  INFO 432 --- [  restartedMain] o.s.w.s.v.f.FreeMarkerConfigurer         : ClassTemplateLoader for Spring macros added to FreeMarker configuration
2018-04-16 10:57:30.081  INFO 432 --- [  restartedMain] o.s.b.d.a.OptionalLiveReloadServer       : LiveReload server is running on port 35729
2018-04-16 10:57:30.211  INFO 432 --- [  restartedMain] o.s.j.e.a.AnnotationMBeanExporter        : Registering beans for JMX exposure on startup
2018-04-16 10:57:30.217  INFO 432 --- [  restartedMain] o.s.j.e.a.AnnotationMBeanExporter        : Bean with name 'dataSource' has been autodetected for JMX exposure
2018-04-16 10:57:30.225  INFO 432 --- [  restartedMain] o.s.j.e.a.AnnotationMBeanExporter        : Located MBean 'dataSource': registering with JMX server as MBean [com.alibaba.druid.pool:name=dataSource,type=DruidDataSource]
2018-04-16 10:57:30.239  INFO 432 --- [  restartedMain] o.s.c.support.DefaultLifecycleProcessor  : Starting beans in phase 2147483647
2018-04-16 10:57:30.407  INFO 432 --- [    container-1] io.lettuce.core.EpollProvider            : Starting without optional epoll library
2018-04-16 10:57:30.412  INFO 432 --- [    container-1] io.lettuce.core.KqueueProvider           : Starting without optional kqueue library
2018-04-16 10:57:31.530  INFO 432 --- [  restartedMain] o.s.b.w.embedded.tomcat.TomcatWebServer  : Tomcat started on port(s): 8080 (http) with context path ''
2018-04-16 10:57:31.535  INFO 432 --- [  restartedMain] com.atm.SpringBootStartApplication       : Started SpringBootStartApplication in 18.006 seconds (JVM running for 18.857)
2018-04-16 10:58:29.032  INFO 432 --- [nio-8080-exec-1] o.a.c.c.C.[Tomcat].[localhost].[/]       : Initializing Spring FrameworkServlet 'dispatcherServlet'
2018-04-16 10:58:29.041  INFO 432 --- [nio-8080-exec-1] o.s.web.servlet.DispatcherServlet        : FrameworkServlet 'dispatcherServlet': initialization started
2018-04-16 10:58:29.164  INFO 432 --- [nio-8080-exec-1] o.s.web.servlet.DispatcherServlet        : FrameworkServlet 'dispatcherServlet': initialization completed in 122 ms
2018-04-16 10:58:29.206  INFO 432 --- [nio-8080-exec-1] a.s.s.m.AbstractValidatingSessionManager : Enabling session validation scheduler...
2018-04-16 10:58:31.076  WARN 432 --- [nio-8080-exec-1] o.s.web.servlet.PageNotFound             : No mapping found for HTTP request with URI [/login.html] in DispatcherServlet with name 'dispatcherServlet'
2018-04-16 10:58:31.477  INFO 432 --- [nio-8080-exec-9] com.alibaba.druid.pool.DruidDataSource   : {dataSource-1} inited
2018-04-16 10:59:22.773  INFO 432 --- [nio-8080-exec-9] com.atm.dto.JsonUtils                    : JSON数据转对象成功================({"aid":76152308,"saveMoney":"200","saveTime":"2018-04-16 10:59:22"})
2018-04-16 10:59:22.818  INFO 432 --- [nio-8080-exec-9] com.atm.controller.CardController        : 存款成功
2018-04-16 11:01:02.988  INFO 432 --- [io-8080-exec-10] com.atm.dto.JsonUtils                    : JSON数据转对象成功================({"aid":76152308,"takeMoney":"100","takeTime":"2018-04-16 11:01:02"})
2018-04-16 18:23:00.134  INFO 16284 --- [  restartedMain] com.atm.SpringBootStartApplication       : Starting SpringBootStartApplication on DESKTOP-8J9M5H4 with PID 16284 (started by chenyihui in D:\Java web\atm)
2018-04-16 18:23:00.138  INFO 16284 --- [  restartedMain] com.atm.SpringBootStartApplication       : No active profile set, falling back to default profiles: default
2018-04-16 18:23:00.384  INFO 16284 --- [  restartedMain] ConfigServletWebServerApplicationContext : Refreshing org.springframework.boot.web.servlet.context.AnnotationConfigServletWebServerApplicationContext@5247c484: startup date [Mon Apr 16 18:23:00 CST 2018]; root of context hierarchy
2018-04-16 18:23:04.322  INFO 16284 --- [  restartedMain] .s.d.r.c.RepositoryConfigurationDelegate : Multiple Spring Data modules found, entering strict repository configuration mode!
2018-04-16 18:23:05.223  INFO 16284 --- [  restartedMain] trationDelegate$BeanPostProcessorChecker : Bean 'shiroConfig' of type [com.atm.config.ShiroConfig$$EnhancerBySpringCGLIB$$5497cc3c] is not eligible for getting processed by all BeanPostProcessors (for example: not eligible for auto-proxying)
2018-04-16 18:23:05.430  INFO 16284 --- [  restartedMain] trationDelegate$BeanPostProcessorChecker : Bean 'org.springframework.boot.context.properties.ConversionServiceDeducer$Factory' of type [org.springframework.boot.context.properties.ConversionServiceDeducer$Factory] is not eligible for getting processed by all BeanPostProcessors (for example: not eligible for auto-proxying)
2018-04-16 18:23:05.451  INFO 16284 --- [  restartedMain] trationDelegate$BeanPostProcessorChecker : Bean 'mybatis-org.mybatis.spring.boot.autoconfigure.MybatisProperties' of type [org.mybatis.spring.boot.autoconfigure.MybatisProperties] is not eligible for getting processed by all BeanPostProcessors (for example: not eligible for auto-proxying)
2018-04-16 18:23:05.483  INFO 16284 --- [  restartedMain] trationDelegate$BeanPostProcessorChecker : Bean 'org.mybatis.spring.boot.autoconfigure.MybatisAutoConfiguration' of type [org.mybatis.spring.boot.autoconfigure.MybatisAutoConfiguration$$EnhancerBySpringCGLIB$$66819a5f] is not eligible for getting processed by all BeanPostProcessors (for example: not eligible for auto-proxying)
2018-04-16 18:23:05.496  INFO 16284 --- [  restartedMain] trationDelegate$BeanPostProcessorChecker : Bean 'org.springframework.boot.autoconfigure.jdbc.DataSourceConfiguration$Generic' of type [org.springframework.boot.autoconfigure.jdbc.DataSourceConfiguration$Generic] is not eligible for getting processed by all BeanPostProcessors (for example: not eligible for auto-proxying)
2018-04-16 18:23:05.545  INFO 16284 --- [  restartedMain] trationDelegate$BeanPostProcessorChecker : Bean 'spring.datasource-org.springframework.boot.autoconfigure.jdbc.DataSourceProperties' of type [org.springframework.boot.autoconfigure.jdbc.DataSourceProperties] is not eligible for getting processed by all BeanPostProcessors (for example: not eligible for auto-proxying)
2018-04-16 18:23:05.761  INFO 16284 --- [  restartedMain] trationDelegate$BeanPostProcessorChecker : Bean 'dataSource' of type [com.alibaba.druid.pool.DruidDataSource] is not eligible for getting processed by all BeanPostProcessors (for example: not eligible for auto-proxying)
2018-04-16 18:23:06.737  INFO 16284 --- [  restartedMain] trationDelegate$BeanPostProcessorChecker : Bean 'sqlSessionFactory' of type [org.apache.ibatis.session.defaults.DefaultSqlSessionFactory] is not eligible for getting processed by all BeanPostProcessors (for example: not eligible for auto-proxying)
2018-04-16 18:23:06.764  INFO 16284 --- [  restartedMain] trationDelegate$BeanPostProcessorChecker : Bean 'sqlSessionTemplate' of type [org.mybatis.spring.SqlSessionTemplate] is not eligible for getting processed by all BeanPostProcessors (for example: not eligible for auto-proxying)
2018-04-16 18:23:06.766  INFO 16284 --- [  restartedMain] trationDelegate$BeanPostProcessorChecker : Bean 'accountMapper' of type [org.mybatis.spring.mapper.MapperFactoryBean] is not eligible for getting processed by all BeanPostProcessors (for example: not eligible for auto-proxying)
2018-04-16 18:23:06.771  INFO 16284 --- [  restartedMain] trationDelegate$BeanPostProcessorChecker : Bean 'accountMapper' of type [com.sun.proxy.$Proxy66] is not eligible for getting processed by all BeanPostProcessors (for example: not eligible for auto-proxying)
2018-04-16 18:23:06.774  INFO 16284 --- [  restartedMain] trationDelegate$BeanPostProcessorChecker : Bean 'accountServiceImpl' of type [com.atm.service.impl.AccountServiceImpl] is not eligible for getting processed by all BeanPostProcessors (for example: not eligible for auto-proxying)
2018-04-16 18:23:06.788  INFO 16284 --- [  restartedMain] trationDelegate$BeanPostProcessorChecker : Bean 'userMapper' of type [org.mybatis.spring.mapper.MapperFactoryBean] is not eligible for getting processed by all BeanPostProcessors (for example: not eligible for auto-proxying)
2018-04-16 18:23:06.790  INFO 16284 --- [  restartedMain] trationDelegate$BeanPostProcessorChecker : Bean 'userMapper' of type [com.sun.proxy.$Proxy68] is not eligible for getting processed by all BeanPostProcessors (for example: not eligible for auto-proxying)
2018-04-16 18:23:06.792  INFO 16284 --- [  restartedMain] trationDelegate$BeanPostProcessorChecker : Bean 'userServiceImpl' of type [com.atm.service.impl.UserServiceImpl] is not eligible for getting processed by all BeanPostProcessors (for example: not eligible for auto-proxying)
2018-04-16 18:23:06.837  INFO 16284 --- [  restartedMain] trationDelegate$BeanPostProcessorChecker : Bean 'org.springframework.boot.autoconfigure.data.redis.RedisAutoConfiguration' of type [org.springframework.boot.autoconfigure.data.redis.RedisAutoConfiguration$$EnhancerBySpringCGLIB$$2944746b] is not eligible for getting processed by all BeanPostProcessors (for example: not eligible for auto-proxying)
2018-04-16 18:23:06.887  INFO 16284 --- [  restartedMain] trationDelegate$BeanPostProcessorChecker : Bean 'spring.redis-org.springframework.boot.autoconfigure.data.redis.RedisProperties' of type [org.springframework.boot.autoconfigure.data.redis.RedisProperties] is not eligible for getting processed by all BeanPostProcessors (for example: not eligible for auto-proxying)
2018-04-16 18:23:06.916  INFO 16284 --- [  restartedMain] trationDelegate$BeanPostProcessorChecker : Bean 'org.springframework.boot.autoconfigure.data.redis.LettuceConnectionConfiguration' of type [org.springframework.boot.autoconfigure.data.redis.LettuceConnectionConfiguration$$EnhancerBySpringCGLIB$$48c70779] is not eligible for getting processed by all BeanPostProcessors (for example: not eligible for auto-proxying)
2018-04-16 18:23:07.305  INFO 16284 --- [  restartedMain] trationDelegate$BeanPostProcessorChecker : Bean 'lettuceClientResources' of type [io.lettuce.core.resource.DefaultClientResources] is not eligible for getting processed by all BeanPostProcessors (for example: not eligible for auto-proxying)
2018-04-16 18:23:07.517  INFO 16284 --- [  restartedMain] trationDelegate$BeanPostProcessorChecker : Bean 'redisConnectionFactory' of type [org.springframework.data.redis.connection.lettuce.LettuceConnectionFactory] is not eligible for getting processed by all BeanPostProcessors (for example: not eligible for auto-proxying)
2018-04-16 18:23:07.576  INFO 16284 --- [  restartedMain] trationDelegate$BeanPostProcessorChecker : Bean 'redisTemplate' of type [org.springframework.data.redis.core.RedisTemplate] is not eligible for getting processed by all BeanPostProcessors (for example: not eligible for auto-proxying)
2018-04-16 18:23:07.601  INFO 16284 --- [  restartedMain] trationDelegate$BeanPostProcessorChecker : Bean 'stringRedisTemplate' of type [org.springframework.data.redis.core.StringRedisTemplate] is not eligible for getting processed by all BeanPostProcessors (for example: not eligible for auto-proxying)
2018-04-16 18:23:07.604  INFO 16284 --- [  restartedMain] trationDelegate$BeanPostProcessorChecker : Bean 'redisService' of type [com.atm.cache.redis.RedisService] is not eligible for getting processed by all BeanPostProcessors (for example: not eligible for auto-proxying)
2018-04-16 18:23:07.606  INFO 16284 --- [  restartedMain] trationDelegate$BeanPostProcessorChecker : Bean 'userRealm' of type [com.atm.shiro.UserRealm] is not eligible for getting processed by all BeanPostProcessors (for example: not eligible for auto-proxying)
2018-04-16 18:23:07.625  INFO 16284 --- [  restartedMain] trationDelegate$BeanPostProcessorChecker : Bean 'redisShiroSessionDao' of type [com.atm.shiro.RedisShiroSessionDao] is not eligible for getting processed by all BeanPostProcessors (for example: not eligible for auto-proxying)
2018-04-16 18:23:07.664  INFO 16284 --- [  restartedMain] trationDelegate$BeanPostProcessorChecker : Bean 'sessionManager' of type [org.apache.shiro.web.session.mgt.DefaultWebSessionManager] is not eligible for getting processed by all BeanPostProcessors (for example: not eligible for auto-proxying)
2018-04-16 18:23:08.760  INFO 16284 --- [  restartedMain] trationDelegate$BeanPostProcessorChecker : Bean 'securityManager' of type [org.apache.shiro.web.mgt.DefaultWebSecurityManager] is not eligible for getting processed by all BeanPostProcessors (for example: not eligible for auto-proxying)
2018-04-16 18:23:08.780  INFO 16284 --- [  restartedMain] trationDelegate$BeanPostProcessorChecker : Bean 'asyncTaskConfig' of type [com.atm.Async.AsyncTaskConfig$$EnhancerBySpringCGLIB$$38cf4124] is not eligible for getting processed by all BeanPostProcessors (for example: not eligible for auto-proxying)
2018-04-16 18:23:08.787  INFO 16284 --- [  restartedMain] o.s.s.concurrent.ThreadPoolTaskExecutor  : Initializing ExecutorService 
2018-04-16 18:23:09.013  INFO 16284 --- [  restartedMain] trationDelegate$BeanPostProcessorChecker : Bean 'org.springframework.transaction.annotation.ProxyTransactionManagementConfiguration' of type [org.springframework.transaction.annotation.ProxyTransactionManagementConfiguration$$EnhancerBySpringCGLIB$$33ad492f] is not eligible for getting processed by all BeanPostProcessors (for example: not eligible for auto-proxying)
2018-04-16 18:23:09.087  INFO 16284 --- [  restartedMain] trationDelegate$BeanPostProcessorChecker : Bean 'authorizationAttributeSourceAdvisor' of type [org.apache.shiro.spring.security.interceptor.AuthorizationAttributeSourceAdvisor] is not eligible for getting processed by all BeanPostProcessors (for example: not eligible for auto-proxying)
2018-04-16 18:23:11.106  INFO 16284 --- [  restartedMain] o.s.b.w.embedded.tomcat.TomcatWebServer  : Tomcat initialized with port(s): 8080 (http)
2018-04-16 18:23:11.194  INFO 16284 --- [  restartedMain] o.apache.catalina.core.StandardService   : Starting service [Tomcat]
2018-04-16 18:23:11.195  INFO 16284 --- [  restartedMain] org.apache.catalina.core.StandardEngine  : Starting Servlet Engine: Apache Tomcat/8.5.28
2018-04-16 18:23:11.254  INFO 16284 --- [ost-startStop-1] o.a.catalina.core.AprLifecycleListener   : The APR based Apache Tomcat Native library which allows optimal performance in production environments was not found on the java.library.path: [C:\Program Files\Java\jdk1.8.0_161\bin;C:\WINDOWS\Sun\Java\bin;C:\WINDOWS\system32;C:\WINDOWS;C:\Program Files\Java\jdk1.8.0_161\bin;C:\Program Files\Java\jdk1.8.0_161\jre\bin;C:\ProgramData\Oracle\Java\javapath;C:\WINDOWS\system32;C:\WINDOWS;C:\WINDOWS\System32\Wbem;C:\WINDOWS\System32\WindowsPowerShell\v1.0\;%USERPROFILE%\.dnx\bin;C:\Program Files\Microsoft DNX\Dnvm\;C:\Program Files\Microsoft SQL Server\120\DTS\Binn\;C:\Program Files (x86)\Windows Kits\10\Windows Performance Toolkit\;C:\Program Files (x86)\MySQL\MySQL Server 5.5\bin;D:\Program Files (x86)\bin;D:\Program Files\github\Git\cmd;C:\Program Files\TortoiseGit\bin;D:\Program Files\node.js\;C:\WINDOWS\system32;C:\WINDOWS;C:\WINDOWS\System32\Wbem;?D:\apache-maven-3.5.3\bin\;%CATALINA_HOME%\lib;%CATALINA_HOME%\bin;C:\Users\chenyihui\AppData\Local\Microsoft\WindowsApps;D:\Program Files\node.js\node_global\;C:\Users\chenyihui\AppData\Roaming\npm\node_modules;C:\Users\chenyihui\AppData\Local\GitHubDesktop\bin;"C:\WINDOWS\system32;";.]
2018-04-16 18:23:11.730  INFO 16284 --- [ost-startStop-1] o.a.c.c.C.[Tomcat].[localhost].[/]       : Initializing Spring embedded WebApplicationContext
2018-04-16 18:23:11.731  INFO 16284 --- [ost-startStop-1] o.s.web.context.ContextLoader            : Root WebApplicationContext: initialization completed in 11346 ms
2018-04-16 18:23:12.374  INFO 16284 --- [ost-startStop-1] o.s.b.w.servlet.ServletRegistrationBean  : Servlet dispatcherServlet mapped to [/]
2018-04-16 18:23:12.383  INFO 16284 --- [ost-startStop-1] o.s.b.w.servlet.FilterRegistrationBean   : Mapping filter: 'characterEncodingFilter' to: [/*]
2018-04-16 18:23:12.384  INFO 16284 --- [ost-startStop-1] o.s.b.w.servlet.FilterRegistrationBean   : Mapping filter: 'hiddenHttpMethodFilter' to: [/*]
2018-04-16 18:23:12.384  INFO 16284 --- [ost-startStop-1] o.s.b.w.servlet.FilterRegistrationBean   : Mapping filter: 'httpPutFormContentFilter' to: [/*]
2018-04-16 18:23:12.385  INFO 16284 --- [ost-startStop-1] o.s.b.w.servlet.FilterRegistrationBean   : Mapping filter: 'requestContextFilter' to: [/*]
2018-04-16 18:23:12.385  INFO 16284 --- [ost-startStop-1] o.s.b.w.servlet.FilterRegistrationBean   : Mapping filter: 'kickoutSessionControlFilter' to: [/*]
2018-04-16 18:23:12.385  INFO 16284 --- [ost-startStop-1] o.s.b.w.servlet.FilterRegistrationBean   : Mapping filter: 'shiroFilter' to: [/*]
2018-04-16 18:23:16.891  INFO 16284 --- [  restartedMain] s.w.s.m.m.a.RequestMappingHandlerAdapter : Looking for @ControllerAdvice: org.springframework.boot.web.servlet.context.AnnotationConfigServletWebServerApplicationContext@5247c484: startup date [Mon Apr 16 18:23:00 CST 2018]; root of context hierarchy
2018-04-16 18:23:17.330  INFO 16284 --- [  restartedMain] s.w.s.m.m.a.RequestMappingHandlerMapping : Mapped "{[/account/update],methods=[POST]}" onto public com.atm.dto.ResultMap com.atm.controller.AccountController.update(com.atm.entity.Account)
2018-04-16 18:23:17.332  INFO 16284 --- [  restartedMain] s.w.s.m.m.a.RequestMappingHandlerMapping : Mapped "{[/account/list],methods=[GET]}" onto public com.atm.dto.ResultMap com.atm.controller.AccountController.list(java.util.Map<java.lang.String, java.lang.Object>)
2018-04-16 18:23:17.333  INFO 16284 --- [  restartedMain] s.w.s.m.m.a.RequestMappingHandlerMapping : Mapped "{[/account/info/{aid}],methods=[GET]}" onto public com.atm.dto.ResultMap com.atm.controller.AccountController.info(java.lang.Integer)
2018-04-16 18:23:17.339  INFO 16284 --- [  restartedMain] s.w.s.m.m.a.RequestMappingHandlerMapping : Mapped "{[/card/update],methods=[PUT]}" onto public com.atm.dto.ResultMap com.atm.controller.CardController.update(com.atm.entity.Card)
2018-04-16 18:23:17.340  INFO 16284 --- [  restartedMain] s.w.s.m.m.a.RequestMappingHandlerMapping : Mapped "{[/card/list],methods=[GET]}" onto public com.atm.dto.ResultMap com.atm.controller.CardController.list(java.util.Map<java.lang.String, java.lang.Object>)
2018-04-16 18:23:17.342  INFO 16284 --- [  restartedMain] s.w.s.m.m.a.RequestMappingHandlerMapping : Mapped "{[/card/info/{cardid}],methods=[GET]}" onto public com.atm.dto.ResultMap com.atm.controller.CardController.info(java.lang.Integer)
2018-04-16 18:23:17.346  INFO 16284 --- [  restartedMain] s.w.s.m.m.a.RequestMappingHandlerMapping : Mapped "{[/deposit/list],methods=[GET]}" onto public com.atm.dto.ResultMap com.atm.controller.DepositController.list(java.util.Map<java.lang.String, java.lang.Object>)
2018-04-16 18:23:17.346  INFO 16284 --- [  restartedMain] s.w.s.m.m.a.RequestMappingHandlerMapping : Mapped "{[/deposit/save],methods=[POST]}" onto public com.atm.dto.ResultMap com.atm.controller.DepositController.save(java.lang.String)
2018-04-16 18:23:17.376  INFO 16284 --- [  restartedMain] s.w.s.m.m.a.RequestMappingHandlerMapping : Mapped "{[/deposit/info/{id}],methods=[GET]}" onto public com.atm.dto.ResultMap com.atm.controller.DepositController.info(java.lang.Integer)
2018-04-16 18:23:17.380  INFO 16284 --- [  restartedMain] s.w.s.m.m.a.RequestMappingHandlerMapping : Mapped "{[/freemaker]}" onto public org.springframework.web.servlet.ModelAndView com.atm.controller.FreemakerController.say(org.springframework.ui.Model)
2018-04-16 18:23:17.381  INFO 16284 --- [  restartedMain] s.w.s.m.m.a.RequestMappingHandlerMapping : Mapped "{[/hello],methods=[GET]}" onto public java.lang.String com.atm.controller.FreemakerController.getHello()
2018-04-16 18:23:17.384  INFO 16284 --- [  restartedMain] s.w.s.m.m.a.RequestMappingHandlerMapping : Mapped "{[/saveAccount],methods=[POST]}" onto public com.atm.dto.ResultMap com.atm.controller.PageController.save(com.atm.entity.Account)
2018-04-16 18:23:17.385  INFO 16284 --- [  restartedMain] s.w.s.m.m.a.RequestMappingHandlerMapping : Mapped "{[/home]}" onto public org.springframework.web.servlet.ModelAndView com.atm.controller.PageController.home()
2018-04-16 18:23:17.386  INFO 16284 --- [  restartedMain] s.w.s.m.m.a.RequestMappingHandlerMapping : Mapped "{[/login.jhtml]}" onto public org.springframework.web.servlet.ModelAndView com.atm.controller.PageController.login()
2018-04-16 18:23:17.390  INFO 16284 --- [  restartedMain] s.w.s.m.m.a.RequestMappingHandlerMapping : Mapped "{[/Sign_in],methods=[POST]}" onto public com.atm.dto.ResultMap com.atm.controller.PageController.Sign_in(com.atm.entity.Account)
2018-04-16 18:23:17.390  INFO 16284 --- [  restartedMain] s.w.s.m.m.a.RequestMappingHandlerMapping : Mapped "{[/module/{htmlName}]}" onto public java.lang.String com.atm.controller.PageController.showPage(javax.servlet.http.HttpServletRequest,java.lang.String)
2018-04-16 18:23:17.391  INFO 16284 --- [  restartedMain] s.w.s.m.m.a.RequestMappingHandlerMapping : Mapped "{[/unauthorizedurl.jhtml]}" onto public java.lang.String com.atm.controller.PageController.unauthorizedurl()
2018-04-16 18:23:17.391  INFO 16284 --- [  restartedMain] s.w.s.m.m.a.RequestMappingHandlerMapping : Mapped "{[/logout],methods=[GET]}" onto public java.lang.String com.atm.controller.PageController.logout()
2018-04-16 18:23:17.393  INFO 16284 --- [  restartedMain] s.w.s.m.m.a.RequestMappingHandlerMapping : Mapped "{[/testRole]}" onto public java.lang.String com.atm.controller.PageController.testRole()
2018-04-16 18:23:17.394  INFO 16284 --- [  restartedMain] s.w.s.m.m.a.RequestMappingHandlerMapping : Mapped "{[/listCard]}" onto public java.util.List<com.atm.entity.Card> com.atm.controller.PageController.listCard()
2018-04-16 18:23:17.397  INFO 16284 --- [  restartedMain] s.w.s.m.m.a.RequestMappingHandlerMapping : Mapped "{[/transfer/toTransfer]}" onto public com.atm.dto.ResultMap com.atm.controller.TransferController.transferAsyncTask(java.lang.String)
2018-04-16 18:23:17.399  INFO 16284 --- [  restartedMain] s.w.s.m.m.a.RequestMappingHandlerMapping : Mapped "{[/User/update]}" onto public com.atm.dto.ResultMap com.atm.controller.UserController.update(com.atm.entity.User)
2018-04-16 18:23:17.400  INFO 16284 --- [  restartedMain] s.w.s.m.m.a.RequestMappingHandlerMapping : Mapped "{[/User/list]}" onto public com.atm.dto.ResultMap com.atm.controller.UserController.list(java.util.Map<java.lang.String, java.lang.Object>)
2018-04-16 18:23:17.402  INFO 16284 --- [  restartedMain] s.w.s.m.m.a.RequestMappingHandlerMapping : Mapped "{[/User/info/{userid}]}" onto public com.atm.dto.ResultMap com.atm.controller.UserController.info(java.lang.Integer)
2018-04-16 18:23:17.405  INFO 16284 --- [  restartedMain] s.w.s.m.m.a.RequestMappingHandlerMapping : Mapped "{[/withdraw/list],methods=[GET]}" onto public com.atm.dto.ResultMap com.atm.controller.WithdrawController.list(java.util.Map<java.lang.String, java.lang.Object>)
2018-04-16 18:23:17.406  INFO 16284 --- [  restartedMain] s.w.s.m.m.a.RequestMappingHandlerMapping : Mapped "{[/withdraw/save],methods=[POST]}" onto public com.atm.dto.ResultMap com.atm.controller.WithdrawController.save(java.lang.String)
2018-04-16 18:23:17.406  INFO 16284 --- [  restartedMain] s.w.s.m.m.a.RequestMappingHandlerMapping : Mapped "{[/withdraw/info/{id}],methods=[GET]}" onto public com.atm.dto.ResultMap com.atm.controller.WithdrawController.info(java.lang.Integer)
2018-04-16 18:23:17.417  INFO 16284 --- [  restartedMain] s.w.s.m.m.a.RequestMappingHandlerMapping : Mapped "{[/error]}" onto public org.springframework.http.ResponseEntity<java.util.Map<java.lang.String, java.lang.Object>> org.springframework.boot.autoconfigure.web.servlet.error.BasicErrorController.error(javax.servlet.http.HttpServletRequest)
2018-04-16 18:23:17.419  INFO 16284 --- [  restartedMain] s.w.s.m.m.a.RequestMappingHandlerMapping : Mapped "{[/error],produces=[text/html]}" onto public org.springframework.web.servlet.ModelAndView org.springframework.boot.autoconfigure.web.servlet.error.BasicErrorController.errorHtml(javax.servlet.http.HttpServletRequest,javax.servlet.http.HttpServletResponse)
2018-04-16 18:23:17.957  INFO 16284 --- [  restartedMain] o.s.w.s.handler.SimpleUrlHandlerMapping  : Mapped URL path [/webjars/**] onto handler of type [class org.springframework.web.servlet.resource.ResourceHttpRequestHandler]
2018-04-16 18:23:17.957  INFO 16284 --- [  restartedMain] o.s.w.s.handler.SimpleUrlHandlerMapping  : Mapped URL path [/static/**] onto handler of type [class org.springframework.web.servlet.resource.ResourceHttpRequestHandler]
2018-04-16 18:23:18.394  INFO 16284 --- [  restartedMain] .m.m.a.ExceptionHandlerExceptionResolver : Detected @ExceptionHandler methods in RRExceptionHandler
2018-04-16 18:23:18.551  INFO 16284 --- [  restartedMain] o.s.w.s.handler.SimpleUrlHandlerMapping  : Mapped URL path [/**/favicon.ico] onto handler of type [class org.springframework.web.servlet.resource.ResourceHttpRequestHandler]
2018-04-16 18:23:22.298  INFO 16284 --- [  restartedMain] o.s.w.s.v.f.FreeMarkerConfigurer         : ClassTemplateLoader for Spring macros added to FreeMarker configuration
2018-04-16 18:23:25.014  INFO 16284 --- [  restartedMain] o.s.b.d.a.OptionalLiveReloadServer       : LiveReload server is running on port 35729
2018-04-16 18:23:25.572  INFO 16284 --- [  restartedMain] o.s.j.e.a.AnnotationMBeanExporter        : Registering beans for JMX exposure on startup
2018-04-16 18:23:25.575  INFO 16284 --- [  restartedMain] o.s.j.e.a.AnnotationMBeanExporter        : Bean with name 'dataSource' has been autodetected for JMX exposure
2018-04-16 18:23:25.588  INFO 16284 --- [  restartedMain] o.s.j.e.a.AnnotationMBeanExporter        : Located MBean 'dataSource': registering with JMX server as MBean [com.alibaba.druid.pool:name=dataSource,type=DruidDataSource]
2018-04-16 18:23:25.610  INFO 16284 --- [  restartedMain] o.s.c.support.DefaultLifecycleProcessor  : Starting beans in phase 2147483647
2018-04-16 18:23:26.311  INFO 16284 --- [    container-1] io.lettuce.core.EpollProvider            : Starting without optional epoll library
2018-04-16 18:23:26.313  INFO 16284 --- [    container-1] io.lettuce.core.KqueueProvider           : Starting without optional kqueue library
2018-04-16 18:23:28.433  INFO 16284 --- [  restartedMain] o.s.b.w.embedded.tomcat.TomcatWebServer  : Tomcat started on port(s): 8080 (http) with context path ''
2018-04-16 18:23:28.441  INFO 16284 --- [  restartedMain] com.atm.SpringBootStartApplication       : Started SpringBootStartApplication in 29.614 seconds (JVM running for 30.887)
2018-04-16 18:23:32.428  INFO 16284 --- [nio-8080-exec-1] o.a.c.c.C.[Tomcat].[localhost].[/]       : Initializing Spring FrameworkServlet 'dispatcherServlet'
2018-04-16 18:23:32.429  INFO 16284 --- [nio-8080-exec-1] o.s.web.servlet.DispatcherServlet        : FrameworkServlet 'dispatcherServlet': initialization started
2018-04-16 18:23:32.511  INFO 16284 --- [nio-8080-exec-1] o.s.web.servlet.DispatcherServlet        : FrameworkServlet 'dispatcherServlet': initialization completed in 82 ms
2018-04-16 18:23:32.606  INFO 16284 --- [nio-8080-exec-1] a.s.s.m.AbstractValidatingSessionManager : Enabling session validation scheduler...
2018-04-16 18:23:35.213  WARN 16284 --- [nio-8080-exec-9] o.s.web.servlet.PageNotFound             : No mapping found for HTTP request with URI [/login.html] in DispatcherServlet with name 'dispatcherServlet'
2018-04-16 18:23:35.247  INFO 16284 --- [nio-8080-exec-1] com.alibaba.druid.pool.DruidDataSource   : {dataSource-1} inited
2018-04-16 18:24:16.635  INFO 16284 --- [nio-8080-exec-3] com.atm.dto.JsonUtils                    : JSON数据转对象成功================({"aid":76152308,"saveMoney":"200","saveTime":"2018-04-16 18:24:16"})
2018-04-16 18:24:16.719  INFO 16284 --- [nio-8080-exec-3] com.atm.controller.CardController        : 存款成功
2018-04-16 18:24:22.985  INFO 16284 --- [io-8080-exec-10] com.atm.dto.JsonUtils                    : JSON数据转对象成功================({"aid":76152308,"takeMoney":"200","takeTime":"2018-04-16 18:24:22"})
2018-04-16 18:28:31.325  INFO 16284 --- [       Thread-6] ConfigServletWebServerApplicationContext : Closing org.springframework.boot.web.servlet.context.AnnotationConfigServletWebServerApplicationContext@5247c484: startup date [Mon Apr 16 18:23:00 CST 2018]; root of context hierarchy
2018-04-16 18:28:31.330  INFO 16284 --- [       Thread-6] o.s.c.support.DefaultLifecycleProcessor  : Stopping beans in phase 2147483647
2018-04-16 18:28:32.595  INFO 16284 --- [       Thread-6] o.s.j.e.a.AnnotationMBeanExporter        : Unregistering JMX-exposed beans on shutdown
2018-04-16 18:28:32.597  INFO 16284 --- [       Thread-6] o.s.j.e.a.AnnotationMBeanExporter        : Unregistering JMX-exposed beans
2018-04-16 18:28:32.870  INFO 16284 --- [       Thread-6] a.s.s.m.AbstractValidatingSessionManager : Disabled session validation scheduler.
2018-04-16 18:28:34.454  INFO 16284 --- [       Thread-6] com.alibaba.druid.pool.DruidDataSource   : {dataSource-1} closed
2018-04-16 18:28:36.111  INFO 16284 --- [  restartedMain] com.atm.SpringBootStartApplication       : Starting SpringBootStartApplication on DESKTOP-8J9M5H4 with PID 16284 (started by chenyihui in D:\Java web\atm)
2018-04-16 18:28:36.112  INFO 16284 --- [  restartedMain] com.atm.SpringBootStartApplication       : No active profile set, falling back to default profiles: default
2018-04-16 18:28:36.130  INFO 16284 --- [  restartedMain] ConfigServletWebServerApplicationContext : Refreshing org.springframework.boot.web.servlet.context.AnnotationConfigServletWebServerApplicationContext@c8083f0: startup date [Mon Apr 16 18:28:36 CST 2018]; root of context hierarchy
2018-04-16 18:28:39.874  INFO 16284 --- [  restartedMain] .s.d.r.c.RepositoryConfigurationDelegate : Multiple Spring Data modules found, entering strict repository configuration mode!
2018-04-16 18:28:40.470  INFO 16284 --- [  restartedMain] trationDelegate$BeanPostProcessorChecker : Bean 'shiroConfig' of type [com.atm.config.ShiroConfig$$EnhancerBySpringCGLIB$$5497cc3c] is not eligible for getting processed by all BeanPostProcessors (for example: not eligible for auto-proxying)
2018-04-16 18:28:40.779  INFO 16284 --- [  restartedMain] trationDelegate$BeanPostProcessorChecker : Bean 'org.springframework.boot.context.properties.ConversionServiceDeducer$Factory' of type [org.springframework.boot.context.properties.ConversionServiceDeducer$Factory] is not eligible for getting processed by all BeanPostProcessors (for example: not eligible for auto-proxying)
2018-04-16 18:28:40.785  INFO 16284 --- [  restartedMain] trationDelegate$BeanPostProcessorChecker : Bean 'mybatis-org.mybatis.spring.boot.autoconfigure.MybatisProperties' of type [org.mybatis.spring.boot.autoconfigure.MybatisProperties] is not eligible for getting processed by all BeanPostProcessors (for example: not eligible for auto-proxying)
2018-04-16 18:28:40.855  INFO 16284 --- [  restartedMain] trationDelegate$BeanPostProcessorChecker : Bean 'org.mybatis.spring.boot.autoconfigure.MybatisAutoConfiguration' of type [org.mybatis.spring.boot.autoconfigure.MybatisAutoConfiguration$$EnhancerBySpringCGLIB$$66819a5f] is not eligible for getting processed by all BeanPostProcessors (for example: not eligible for auto-proxying)
2018-04-16 18:28:40.862  INFO 16284 --- [  restartedMain] trationDelegate$BeanPostProcessorChecker : Bean 'org.springframework.boot.autoconfigure.jdbc.DataSourceConfiguration$Generic' of type [org.springframework.boot.autoconfigure.jdbc.DataSourceConfiguration$Generic] is not eligible for getting processed by all BeanPostProcessors (for example: not eligible for auto-proxying)
2018-04-16 18:28:40.879  INFO 16284 --- [  restartedMain] trationDelegate$BeanPostProcessorChecker : Bean 'spring.datasource-org.springframework.boot.autoconfigure.jdbc.DataSourceProperties' of type [org.springframework.boot.autoconfigure.jdbc.DataSourceProperties] is not eligible for getting processed by all BeanPostProcessors (for example: not eligible for auto-proxying)
2018-04-16 18:28:40.965  INFO 16284 --- [  restartedMain] trationDelegate$BeanPostProcessorChecker : Bean 'dataSource' of type [com.alibaba.druid.pool.DruidDataSource] is not eligible for getting processed by all BeanPostProcessors (for example: not eligible for auto-proxying)
2018-04-16 18:28:41.455  INFO 16284 --- [  restartedMain] trationDelegate$BeanPostProcessorChecker : Bean 'sqlSessionFactory' of type [org.apache.ibatis.session.defaults.DefaultSqlSessionFactory] is not eligible for getting processed by all BeanPostProcessors (for example: not eligible for auto-proxying)
2018-04-16 18:28:41.489  INFO 16284 --- [  restartedMain] trationDelegate$BeanPostProcessorChecker : Bean 'sqlSessionTemplate' of type [org.mybatis.spring.SqlSessionTemplate] is not eligible for getting processed by all BeanPostProcessors (for example: not eligible for auto-proxying)
2018-04-16 18:28:41.496  INFO 16284 --- [  restartedMain] trationDelegate$BeanPostProcessorChecker : Bean 'accountMapper' of type [org.mybatis.spring.mapper.MapperFactoryBean] is not eligible for getting processed by all BeanPostProcessors (for example: not eligible for auto-proxying)
2018-04-16 18:28:41.499  INFO 16284 --- [  restartedMain] trationDelegate$BeanPostProcessorChecker : Bean 'accountMapper' of type [com.sun.proxy.$Proxy111] is not eligible for getting processed by all BeanPostProcessors (for example: not eligible for auto-proxying)
2018-04-16 18:28:41.500  INFO 16284 --- [  restartedMain] trationDelegate$BeanPostProcessorChecker : Bean 'accountServiceImpl' of type [com.atm.service.impl.AccountServiceImpl] is not eligible for getting processed by all BeanPostProcessors (for example: not eligible for auto-proxying)
2018-04-16 18:28:41.513  INFO 16284 --- [  restartedMain] trationDelegate$BeanPostProcessorChecker : Bean 'userMapper' of type [org.mybatis.spring.mapper.MapperFactoryBean] is not eligible for getting processed by all BeanPostProcessors (for example: not eligible for auto-proxying)
2018-04-16 18:28:41.515  INFO 16284 --- [  restartedMain] trationDelegate$BeanPostProcessorChecker : Bean 'userMapper' of type [com.sun.proxy.$Proxy112] is not eligible for getting processed by all BeanPostProcessors (for example: not eligible for auto-proxying)
2018-04-16 18:28:41.516  INFO 16284 --- [  restartedMain] trationDelegate$BeanPostProcessorChecker : Bean 'userServiceImpl' of type [com.atm.service.impl.UserServiceImpl] is not eligible for getting processed by all BeanPostProcessors (for example: not eligible for auto-proxying)
2018-04-16 18:28:41.566  INFO 16284 --- [  restartedMain] trationDelegate$BeanPostProcessorChecker : Bean 'org.springframework.boot.autoconfigure.data.redis.RedisAutoConfiguration' of type [org.springframework.boot.autoconfigure.data.redis.RedisAutoConfiguration$$EnhancerBySpringCGLIB$$2944746b] is not eligible for getting processed by all BeanPostProcessors (for example: not eligible for auto-proxying)
2018-04-16 18:28:41.576  INFO 16284 --- [  restartedMain] trationDelegate$BeanPostProcessorChecker : Bean 'spring.redis-org.springframework.boot.autoconfigure.data.redis.RedisProperties' of type [org.springframework.boot.autoconfigure.data.redis.RedisProperties] is not eligible for getting processed by all BeanPostProcessors (for example: not eligible for auto-proxying)
2018-04-16 18:28:41.581  INFO 16284 --- [  restartedMain] trationDelegate$BeanPostProcessorChecker : Bean 'org.springframework.boot.autoconfigure.data.redis.LettuceConnectionConfiguration' of type [org.springframework.boot.autoconfigure.data.redis.LettuceConnectionConfiguration$$EnhancerBySpringCGLIB$$48c70779] is not eligible for getting processed by all BeanPostProcessors (for example: not eligible for auto-proxying)
2018-04-16 18:28:41.585  INFO 16284 --- [  restartedMain] trationDelegate$BeanPostProcessorChecker : Bean 'lettuceClientResources' of type [io.lettuce.core.resource.DefaultClientResources] is not eligible for getting processed by all BeanPostProcessors (for example: not eligible for auto-proxying)
2018-04-16 18:28:41.587  INFO 16284 --- [  restartedMain] trationDelegate$BeanPostProcessorChecker : Bean 'redisConnectionFactory' of type [org.springframework.data.redis.connection.lettuce.LettuceConnectionFactory] is not eligible for getting processed by all BeanPostProcessors (for example: not eligible for auto-proxying)
2018-04-16 18:28:41.588  INFO 16284 --- [  restartedMain] trationDelegate$BeanPostProcessorChecker : Bean 'redisTemplate' of type [org.springframework.data.redis.core.RedisTemplate] is not eligible for getting processed by all BeanPostProcessors (for example: not eligible for auto-proxying)
2018-04-16 18:28:41.594  INFO 16284 --- [  restartedMain] trationDelegate$BeanPostProcessorChecker : Bean 'stringRedisTemplate' of type [org.springframework.data.redis.core.StringRedisTemplate] is not eligible for getting processed by all BeanPostProcessors (for example: not eligible for auto-proxying)
2018-04-16 18:28:41.597  INFO 16284 --- [  restartedMain] trationDelegate$BeanPostProcessorChecker : Bean 'redisService' of type [com.atm.cache.redis.RedisService] is not eligible for getting processed by all BeanPostProcessors (for example: not eligible for auto-proxying)
2018-04-16 18:28:41.598  INFO 16284 --- [  restartedMain] trationDelegate$BeanPostProcessorChecker : Bean 'userRealm' of type [com.atm.shiro.UserRealm] is not eligible for getting processed by all BeanPostProcessors (for example: not eligible for auto-proxying)
2018-04-16 18:28:41.638  INFO 16284 --- [  restartedMain] trationDelegate$BeanPostProcessorChecker : Bean 'redisShiroSessionDao' of type [com.atm.shiro.RedisShiroSessionDao] is not eligible for getting processed by all BeanPostProcessors (for example: not eligible for auto-proxying)
2018-04-16 18:28:41.641  INFO 16284 --- [  restartedMain] trationDelegate$BeanPostProcessorChecker : Bean 'sessionManager' of type [org.apache.shiro.web.session.mgt.DefaultWebSessionManager] is not eligible for getting processed by all BeanPostProcessors (for example: not eligible for auto-proxying)
2018-04-16 18:28:41.646  INFO 16284 --- [  restartedMain] trationDelegate$BeanPostProcessorChecker : Bean 'securityManager' of type [org.apache.shiro.web.mgt.DefaultWebSecurityManager] is not eligible for getting processed by all BeanPostProcessors (for example: not eligible for auto-proxying)
2018-04-16 18:28:41.657  INFO 16284 --- [  restartedMain] trationDelegate$BeanPostProcessorChecker : Bean 'asyncTaskConfig' of type [com.atm.Async.AsyncTaskConfig$$EnhancerBySpringCGLIB$$38cf4124] is not eligible for getting processed by all BeanPostProcessors (for example: not eligible for auto-proxying)
2018-04-16 18:28:41.657  INFO 16284 --- [  restartedMain] o.s.s.concurrent.ThreadPoolTaskExecutor  : Initializing ExecutorService 
2018-04-16 18:28:41.719  INFO 16284 --- [  restartedMain] trationDelegate$BeanPostProcessorChecker : Bean 'org.springframework.transaction.annotation.ProxyTransactionManagementConfiguration' of type [org.springframework.transaction.annotation.ProxyTransactionManagementConfiguration$$EnhancerBySpringCGLIB$$33ad492f] is not eligible for getting processed by all BeanPostProcessors (for example: not eligible for auto-proxying)
2018-04-16 18:28:41.730  INFO 16284 --- [  restartedMain] trationDelegate$BeanPostProcessorChecker : Bean 'authorizationAttributeSourceAdvisor' of type [org.apache.shiro.spring.security.interceptor.AuthorizationAttributeSourceAdvisor] is not eligible for getting processed by all BeanPostProcessors (for example: not eligible for auto-proxying)
2018-04-16 18:28:42.291  INFO 16284 --- [  restartedMain] o.s.b.w.embedded.tomcat.TomcatWebServer  : Tomcat initialized with port(s): 8080 (http)
2018-04-16 18:28:42.292  INFO 16284 --- [  restartedMain] o.apache.catalina.core.StandardService   : Starting service [Tomcat]
2018-04-16 18:28:42.293  INFO 16284 --- [  restartedMain] org.apache.catalina.core.StandardEngine  : Starting Servlet Engine: Apache Tomcat/8.5.28
2018-04-16 18:28:42.415  INFO 16284 --- [ost-startStop-1] o.a.c.c.C.[Tomcat].[localhost].[/]       : Initializing Spring embedded WebApplicationContext
2018-04-16 18:28:42.416  INFO 16284 --- [ost-startStop-1] o.s.web.context.ContextLoader            : Root WebApplicationContext: initialization completed in 6286 ms
2018-04-16 18:28:42.846  INFO 16284 --- [ost-startStop-1] o.s.b.w.servlet.ServletRegistrationBean  : Servlet dispatcherServlet mapped to [/]
2018-04-16 18:28:42.847  INFO 16284 --- [ost-startStop-1] o.s.b.w.servlet.FilterRegistrationBean   : Mapping filter: 'characterEncodingFilter' to: [/*]
2018-04-16 18:28:42.848  INFO 16284 --- [ost-startStop-1] o.s.b.w.servlet.FilterRegistrationBean   : Mapping filter: 'hiddenHttpMethodFilter' to: [/*]
2018-04-16 18:28:42.848  INFO 16284 --- [ost-startStop-1] o.s.b.w.servlet.FilterRegistrationBean   : Mapping filter: 'httpPutFormContentFilter' to: [/*]
2018-04-16 18:28:42.848  INFO 16284 --- [ost-startStop-1] o.s.b.w.servlet.FilterRegistrationBean   : Mapping filter: 'requestContextFilter' to: [/*]
2018-04-16 18:28:42.849  INFO 16284 --- [ost-startStop-1] o.s.b.w.servlet.FilterRegistrationBean   : Mapping filter: 'kickoutSessionControlFilter' to: [/*]
2018-04-16 18:28:42.849  INFO 16284 --- [ost-startStop-1] o.s.b.w.servlet.FilterRegistrationBean   : Mapping filter: 'shiroFilter' to: [/*]
2018-04-16 18:28:44.989  INFO 16284 --- [  restartedMain] s.w.s.m.m.a.RequestMappingHandlerAdapter : Looking for @ControllerAdvice: org.springframework.boot.web.servlet.context.AnnotationConfigServletWebServerApplicationContext@c8083f0: startup date [Mon Apr 16 18:28:36 CST 2018]; root of context hierarchy
2018-04-16 18:28:45.266  INFO 16284 --- [  restartedMain] s.w.s.m.m.a.RequestMappingHandlerMapping : Mapped "{[/account/update],methods=[POST]}" onto public com.atm.dto.ResultMap com.atm.controller.AccountController.update(com.atm.entity.Account)
2018-04-16 18:28:45.267  INFO 16284 --- [  restartedMain] s.w.s.m.m.a.RequestMappingHandlerMapping : Mapped "{[/account/list],methods=[GET]}" onto public com.atm.dto.ResultMap com.atm.controller.AccountController.list(java.util.Map<java.lang.String, java.lang.Object>)
2018-04-16 18:28:45.267  INFO 16284 --- [  restartedMain] s.w.s.m.m.a.RequestMappingHandlerMapping : Mapped "{[/account/info/{aid}],methods=[GET]}" onto public com.atm.dto.ResultMap com.atm.controller.AccountController.info(java.lang.Integer)
2018-04-16 18:28:45.269  INFO 16284 --- [  restartedMain] s.w.s.m.m.a.RequestMappingHandlerMapping : Mapped "{[/card/update],methods=[PUT]}" onto public com.atm.dto.ResultMap com.atm.controller.CardController.update(com.atm.entity.Card)
2018-04-16 18:28:45.270  INFO 16284 --- [  restartedMain] s.w.s.m.m.a.RequestMappingHandlerMapping : Mapped "{[/card/list],methods=[GET]}" onto public com.atm.dto.ResultMap com.atm.controller.CardController.list(java.util.Map<java.lang.String, java.lang.Object>)
2018-04-16 18:28:45.270  INFO 16284 --- [  restartedMain] s.w.s.m.m.a.RequestMappingHandlerMapping : Mapped "{[/card/info/{cardid}],methods=[GET]}" onto public com.atm.dto.ResultMap com.atm.controller.CardController.info(java.lang.Integer)
2018-04-16 18:28:45.272  INFO 16284 --- [  restartedMain] s.w.s.m.m.a.RequestMappingHandlerMapping : Mapped "{[/deposit/list],methods=[GET]}" onto public com.atm.dto.ResultMap com.atm.controller.DepositController.list(java.util.Map<java.lang.String, java.lang.Object>)
2018-04-16 18:28:45.273  INFO 16284 --- [  restartedMain] s.w.s.m.m.a.RequestMappingHandlerMapping : Mapped "{[/deposit/save],methods=[POST]}" onto public com.atm.dto.ResultMap com.atm.controller.DepositController.save(java.lang.String)
2018-04-16 18:28:45.274  INFO 16284 --- [  restartedMain] s.w.s.m.m.a.RequestMappingHandlerMapping : Mapped "{[/deposit/info/{id}],methods=[GET]}" onto public com.atm.dto.ResultMap com.atm.controller.DepositController.info(java.lang.Integer)
2018-04-16 18:28:45.281  INFO 16284 --- [  restartedMain] s.w.s.m.m.a.RequestMappingHandlerMapping : Mapped "{[/freemaker]}" onto public org.springframework.web.servlet.ModelAndView com.atm.controller.FreemakerController.say(org.springframework.ui.Model)
2018-04-16 18:28:45.284  INFO 16284 --- [  restartedMain] s.w.s.m.m.a.RequestMappingHandlerMapping : Mapped "{[/hello],methods=[GET]}" onto public java.lang.String com.atm.controller.FreemakerController.getHello()
2018-04-16 18:28:45.285  INFO 16284 --- [  restartedMain] s.w.s.m.m.a.RequestMappingHandlerMapping : Mapped "{[/saveAccount],methods=[POST]}" onto public com.atm.dto.ResultMap com.atm.controller.PageController.save(com.atm.entity.Account)
2018-04-16 18:28:45.286  INFO 16284 --- [  restartedMain] s.w.s.m.m.a.RequestMappingHandlerMapping : Mapped "{[/home]}" onto public org.springframework.web.servlet.ModelAndView com.atm.controller.PageController.home()
2018-04-16 18:28:45.286  INFO 16284 --- [  restartedMain] s.w.s.m.m.a.RequestMappingHandlerMapping : Mapped "{[/login.jhtml]}" onto public org.springframework.web.servlet.ModelAndView com.atm.controller.PageController.login()
2018-04-16 18:28:45.286  INFO 16284 --- [  restartedMain] s.w.s.m.m.a.RequestMappingHandlerMapping : Mapped "{[/Sign_in],methods=[POST]}" onto public com.atm.dto.ResultMap com.atm.controller.PageController.Sign_in(com.atm.entity.Account)
2018-04-16 18:28:45.286  INFO 16284 --- [  restartedMain] s.w.s.m.m.a.RequestMappingHandlerMapping : Mapped "{[/module/{htmlName}]}" onto public java.lang.String com.atm.controller.PageController.showPage(javax.servlet.http.HttpServletRequest,java.lang.String)
2018-04-16 18:28:45.286  INFO 16284 --- [  restartedMain] s.w.s.m.m.a.RequestMappingHandlerMapping : Mapped "{[/unauthorizedurl.jhtml]}" onto public java.lang.String com.atm.controller.PageController.unauthorizedurl()
2018-04-16 18:28:45.287  INFO 16284 --- [  restartedMain] s.w.s.m.m.a.RequestMappingHandlerMapping : Mapped "{[/logout],methods=[GET]}" onto public java.lang.String com.atm.controller.PageController.logout()
2018-04-16 18:28:45.287  INFO 16284 --- [  restartedMain] s.w.s.m.m.a.RequestMappingHandlerMapping : Mapped "{[/testRole]}" onto public java.lang.String com.atm.controller.PageController.testRole()
2018-04-16 18:28:45.318  INFO 16284 --- [  restartedMain] s.w.s.m.m.a.RequestMappingHandlerMapping : Mapped "{[/listCard]}" onto public java.util.List<com.atm.entity.Card> com.atm.controller.PageController.listCard()
2018-04-16 18:28:45.319  INFO 16284 --- [  restartedMain] s.w.s.m.m.a.RequestMappingHandlerMapping : Mapped "{[/transfer/toTransfer]}" onto public com.atm.dto.ResultMap com.atm.controller.TransferController.transferAsyncTask(java.lang.String)
2018-04-16 18:28:45.320  INFO 16284 --- [  restartedMain] s.w.s.m.m.a.RequestMappingHandlerMapping : Mapped "{[/User/update]}" onto public com.atm.dto.ResultMap com.atm.controller.UserController.update(com.atm.entity.User)
2018-04-16 18:28:45.321  INFO 16284 --- [  restartedMain] s.w.s.m.m.a.RequestMappingHandlerMapping : Mapped "{[/User/list]}" onto public com.atm.dto.ResultMap com.atm.controller.UserController.list(java.util.Map<java.lang.String, java.lang.Object>)
2018-04-16 18:28:45.321  INFO 16284 --- [  restartedMain] s.w.s.m.m.a.RequestMappingHandlerMapping : Mapped "{[/User/info/{userid}]}" onto public com.atm.dto.ResultMap com.atm.controller.UserController.info(java.lang.Integer)
2018-04-16 18:28:45.323  INFO 16284 --- [  restartedMain] s.w.s.m.m.a.RequestMappingHandlerMapping : Mapped "{[/withdraw/list],methods=[GET]}" onto public com.atm.dto.ResultMap com.atm.controller.WithdrawController.list(java.util.Map<java.lang.String, java.lang.Object>)
2018-04-16 18:28:45.324  INFO 16284 --- [  restartedMain] s.w.s.m.m.a.RequestMappingHandlerMapping : Mapped "{[/withdraw/save],methods=[POST]}" onto public com.atm.dto.ResultMap com.atm.controller.WithdrawController.save(java.lang.String)
2018-04-16 18:28:45.324  INFO 16284 --- [  restartedMain] s.w.s.m.m.a.RequestMappingHandlerMapping : Mapped "{[/withdraw/info/{id}],methods=[GET]}" onto public com.atm.dto.ResultMap com.atm.controller.WithdrawController.info(java.lang.Integer)
2018-04-16 18:28:45.328  INFO 16284 --- [  restartedMain] s.w.s.m.m.a.RequestMappingHandlerMapping : Mapped "{[/error]}" onto public org.springframework.http.ResponseEntity<java.util.Map<java.lang.String, java.lang.Object>> org.springframework.boot.autoconfigure.web.servlet.error.BasicErrorController.error(javax.servlet.http.HttpServletRequest)
2018-04-16 18:28:45.329  INFO 16284 --- [  restartedMain] s.w.s.m.m.a.RequestMappingHandlerMapping : Mapped "{[/error],produces=[text/html]}" onto public org.springframework.web.servlet.ModelAndView org.springframework.boot.autoconfigure.web.servlet.error.BasicErrorController.errorHtml(javax.servlet.http.HttpServletRequest,javax.servlet.http.HttpServletResponse)
2018-04-16 18:28:45.726  INFO 16284 --- [  restartedMain] o.s.w.s.handler.SimpleUrlHandlerMapping  : Mapped URL path [/webjars/**] onto handler of type [class org.springframework.web.servlet.resource.ResourceHttpRequestHandler]
2018-04-16 18:28:45.726  INFO 16284 --- [  restartedMain] o.s.w.s.handler.SimpleUrlHandlerMapping  : Mapped URL path [/static/**] onto handler of type [class org.springframework.web.servlet.resource.ResourceHttpRequestHandler]
2018-04-16 18:28:45.817  INFO 16284 --- [  restartedMain] .m.m.a.ExceptionHandlerExceptionResolver : Detected @ExceptionHandler methods in RRExceptionHandler
2018-04-16 18:28:46.311  INFO 16284 --- [  restartedMain] o.s.w.s.handler.SimpleUrlHandlerMapping  : Mapped URL path [/**/favicon.ico] onto handler of type [class org.springframework.web.servlet.resource.ResourceHttpRequestHandler]
2018-04-16 18:28:47.891  INFO 16284 --- [  restartedMain] o.s.w.s.v.f.FreeMarkerConfigurer         : ClassTemplateLoader for Spring macros added to FreeMarker configuration
2018-04-16 18:28:50.859  INFO 16284 --- [  restartedMain] o.s.b.d.a.OptionalLiveReloadServer       : LiveReload server is running on port 35729
2018-04-16 18:28:51.307  INFO 16284 --- [  restartedMain] o.s.j.e.a.AnnotationMBeanExporter        : Registering beans for JMX exposure on startup
2018-04-16 18:28:51.313  INFO 16284 --- [  restartedMain] o.s.j.e.a.AnnotationMBeanExporter        : Bean with name 'dataSource' has been autodetected for JMX exposure
2018-04-16 18:28:51.325  INFO 16284 --- [  restartedMain] o.s.j.e.a.AnnotationMBeanExporter        : Located MBean 'dataSource': registering with JMX server as MBean [com.alibaba.druid.pool:name=dataSource,type=DruidDataSource]
2018-04-16 18:28:51.341  INFO 16284 --- [  restartedMain] o.s.c.support.DefaultLifecycleProcessor  : Starting beans in phase 2147483647
2018-04-16 18:28:51.412  INFO 16284 --- [  restartedMain] o.s.b.w.embedded.tomcat.TomcatWebServer  : Tomcat started on port(s): 8080 (http) with context path ''
2018-04-16 18:28:51.414  INFO 16284 --- [  restartedMain] com.atm.SpringBootStartApplication       : Started SpringBootStartApplication in 15.583 seconds (JVM running for 353.86)
2018-04-16 18:28:51.420  INFO 16284 --- [  restartedMain] .ConditionEvaluationDeltaLoggingListener : Condition evaluation unchanged
2018-04-16 18:30:57.212  INFO 16284 --- [      Thread-13] ConfigServletWebServerApplicationContext : Closing org.springframework.boot.web.servlet.context.AnnotationConfigServletWebServerApplicationContext@c8083f0: startup date [Mon Apr 16 18:28:36 CST 2018]; root of context hierarchy
2018-04-16 18:30:57.215  INFO 16284 --- [      Thread-13] o.s.c.support.DefaultLifecycleProcessor  : Stopping beans in phase 2147483647
2018-04-16 18:30:57.220  INFO 16284 --- [      Thread-13] o.s.j.e.a.AnnotationMBeanExporter        : Unregistering JMX-exposed beans on shutdown
2018-04-16 18:30:57.226  INFO 16284 --- [      Thread-13] o.s.j.e.a.AnnotationMBeanExporter        : Unregistering JMX-exposed beans
2018-04-16 18:30:59.267  INFO 16284 --- [  restartedMain] com.atm.SpringBootStartApplication       : Starting SpringBootStartApplication on DESKTOP-8J9M5H4 with PID 16284 (started by chenyihui in D:\Java web\atm)
2018-04-16 18:30:59.268  INFO 16284 --- [  restartedMain] com.atm.SpringBootStartApplication       : No active profile set, falling back to default profiles: default
2018-04-16 18:30:59.275  INFO 16284 --- [  restartedMain] ConfigServletWebServerApplicationContext : Refreshing org.springframework.boot.web.servlet.context.AnnotationConfigServletWebServerApplicationContext@1c5132c1: startup date [Mon Apr 16 18:30:59 CST 2018]; root of context hierarchy
2018-04-16 18:31:00.703  INFO 16284 --- [  restartedMain] .s.d.r.c.RepositoryConfigurationDelegate : Multiple Spring Data modules found, entering strict repository configuration mode!
2018-04-16 18:31:00.937  INFO 16284 --- [  restartedMain] trationDelegate$BeanPostProcessorChecker : Bean 'shiroConfig' of type [com.atm.config.ShiroConfig$$EnhancerBySpringCGLIB$$5497cc3c] is not eligible for getting processed by all BeanPostProcessors (for example: not eligible for auto-proxying)
2018-04-16 18:31:01.025  INFO 16284 --- [  restartedMain] trationDelegate$BeanPostProcessorChecker : Bean 'org.springframework.boot.context.properties.ConversionServiceDeducer$Factory' of type [org.springframework.boot.context.properties.ConversionServiceDeducer$Factory] is not eligible for getting processed by all BeanPostProcessors (for example: not eligible for auto-proxying)
2018-04-16 18:31:01.031  INFO 16284 --- [  restartedMain] trationDelegate$BeanPostProcessorChecker : Bean 'mybatis-org.mybatis.spring.boot.autoconfigure.MybatisProperties' of type [org.mybatis.spring.boot.autoconfigure.MybatisProperties] is not eligible for getting processed by all BeanPostProcessors (for example: not eligible for auto-proxying)
2018-04-16 18:31:01.041  INFO 16284 --- [  restartedMain] trationDelegate$BeanPostProcessorChecker : Bean 'org.mybatis.spring.boot.autoconfigure.MybatisAutoConfiguration' of type [org.mybatis.spring.boot.autoconfigure.MybatisAutoConfiguration$$EnhancerBySpringCGLIB$$66819a5f] is not eligible for getting processed by all BeanPostProcessors (for example: not eligible for auto-proxying)
2018-04-16 18:31:01.044  INFO 16284 --- [  restartedMain] trationDelegate$BeanPostProcessorChecker : Bean 'org.springframework.boot.autoconfigure.jdbc.DataSourceConfiguration$Generic' of type [org.springframework.boot.autoconfigure.jdbc.DataSourceConfiguration$Generic] is not eligible for getting processed by all BeanPostProcessors (for example: not eligible for auto-proxying)
2018-04-16 18:31:01.074  INFO 16284 --- [  restartedMain] trationDelegate$BeanPostProcessorChecker : Bean 'spring.datasource-org.springframework.boot.autoconfigure.jdbc.DataSourceProperties' of type [org.springframework.boot.autoconfigure.jdbc.DataSourceProperties] is not eligible for getting processed by all BeanPostProcessors (for example: not eligible for auto-proxying)
2018-04-16 18:31:01.101  INFO 16284 --- [  restartedMain] trationDelegate$BeanPostProcessorChecker : Bean 'dataSource' of type [com.alibaba.druid.pool.DruidDataSource] is not eligible for getting processed by all BeanPostProcessors (for example: not eligible for auto-proxying)
2018-04-16 18:31:01.277  INFO 16284 --- [  restartedMain] trationDelegate$BeanPostProcessorChecker : Bean 'sqlSessionFactory' of type [org.apache.ibatis.session.defaults.DefaultSqlSessionFactory] is not eligible for getting processed by all BeanPostProcessors (for example: not eligible for auto-proxying)
2018-04-16 18:31:01.281  INFO 16284 --- [  restartedMain] trationDelegate$BeanPostProcessorChecker : Bean 'sqlSessionTemplate' of type [org.mybatis.spring.SqlSessionTemplate] is not eligible for getting processed by all BeanPostProcessors (for example: not eligible for auto-proxying)
2018-04-16 18:31:01.302  INFO 16284 --- [  restartedMain] trationDelegate$BeanPostProcessorChecker : Bean 'accountMapper' of type [org.mybatis.spring.mapper.MapperFactoryBean] is not eligible for getting processed by all BeanPostProcessors (for example: not eligible for auto-proxying)
2018-04-16 18:31:01.307  INFO 16284 --- [  restartedMain] trationDelegate$BeanPostProcessorChecker : Bean 'accountMapper' of type [com.sun.proxy.$Proxy118] is not eligible for getting processed by all BeanPostProcessors (for example: not eligible for auto-proxying)
2018-04-16 18:31:01.308  INFO 16284 --- [  restartedMain] trationDelegate$BeanPostProcessorChecker : Bean 'accountServiceImpl' of type [com.atm.service.impl.AccountServiceImpl] is not eligible for getting processed by all BeanPostProcessors (for example: not eligible for auto-proxying)
2018-04-16 18:31:01.317  INFO 16284 --- [  restartedMain] trationDelegate$BeanPostProcessorChecker : Bean 'userMapper' of type [org.mybatis.spring.mapper.MapperFactoryBean] is not eligible for getting processed by all BeanPostProcessors (for example: not eligible for auto-proxying)
2018-04-16 18:31:01.321  INFO 16284 --- [  restartedMain] trationDelegate$BeanPostProcessorChecker : Bean 'userMapper' of type [com.sun.proxy.$Proxy119] is not eligible for getting processed by all BeanPostProcessors (for example: not eligible for auto-proxying)
2018-04-16 18:31:01.323  INFO 16284 --- [  restartedMain] trationDelegate$BeanPostProcessorChecker : Bean 'userServiceImpl' of type [com.atm.service.impl.UserServiceImpl] is not eligible for getting processed by all BeanPostProcessors (for example: not eligible for auto-proxying)
2018-04-16 18:31:01.336  INFO 16284 --- [  restartedMain] trationDelegate$BeanPostProcessorChecker : Bean 'org.springframework.boot.autoconfigure.data.redis.RedisAutoConfiguration' of type [org.springframework.boot.autoconfigure.data.redis.RedisAutoConfiguration$$EnhancerBySpringCGLIB$$2944746b] is not eligible for getting processed by all BeanPostProcessors (for example: not eligible for auto-proxying)
2018-04-16 18:31:01.343  INFO 16284 --- [  restartedMain] trationDelegate$BeanPostProcessorChecker : Bean 'spring.redis-org.springframework.boot.autoconfigure.data.redis.RedisProperties' of type [org.springframework.boot.autoconfigure.data.redis.RedisProperties] is not eligible for getting processed by all BeanPostProcessors (for example: not eligible for auto-proxying)
2018-04-16 18:31:01.355  INFO 16284 --- [  restartedMain] trationDelegate$BeanPostProcessorChecker : Bean 'org.springframework.boot.autoconfigure.data.redis.LettuceConnectionConfiguration' of type [org.springframework.boot.autoconfigure.data.redis.LettuceConnectionConfiguration$$EnhancerBySpringCGLIB$$48c70779] is not eligible for getting processed by all BeanPostProcessors (for example: not eligible for auto-proxying)
2018-04-16 18:31:01.363  INFO 16284 --- [  restartedMain] trationDelegate$BeanPostProcessorChecker : Bean 'lettuceClientResources' of type [io.lettuce.core.resource.DefaultClientResources] is not eligible for getting processed by all BeanPostProcessors (for example: not eligible for auto-proxying)
2018-04-16 18:31:01.366  INFO 16284 --- [  restartedMain] trationDelegate$BeanPostProcessorChecker : Bean 'redisConnectionFactory' of type [org.springframework.data.redis.connection.lettuce.LettuceConnectionFactory] is not eligible for getting processed by all BeanPostProcessors (for example: not eligible for auto-proxying)
2018-04-16 18:31:01.367  INFO 16284 --- [  restartedMain] trationDelegate$BeanPostProcessorChecker : Bean 'redisTemplate' of type [org.springframework.data.redis.core.RedisTemplate] is not eligible for getting processed by all BeanPostProcessors (for example: not eligible for auto-proxying)
2018-04-16 18:31:01.372  INFO 16284 --- [  restartedMain] trationDelegate$BeanPostProcessorChecker : Bean 'stringRedisTemplate' of type [org.springframework.data.redis.core.StringRedisTemplate] is not eligible for getting processed by all BeanPostProcessors (for example: not eligible for auto-proxying)
2018-04-16 18:31:01.373  INFO 16284 --- [  restartedMain] trationDelegate$BeanPostProcessorChecker : Bean 'redisService' of type [com.atm.cache.redis.RedisService] is not eligible for getting processed by all BeanPostProcessors (for example: not eligible for auto-proxying)
2018-04-16 18:31:01.376  INFO 16284 --- [  restartedMain] trationDelegate$BeanPostProcessorChecker : Bean 'userRealm' of type [com.atm.shiro.UserRealm] is not eligible for getting processed by all BeanPostProcessors (for example: not eligible for auto-proxying)
2018-04-16 18:31:01.396  INFO 16284 --- [  restartedMain] trationDelegate$BeanPostProcessorChecker : Bean 'redisShiroSessionDao' of type [com.atm.shiro.RedisShiroSessionDao] is not eligible for getting processed by all BeanPostProcessors (for example: not eligible for auto-proxying)
2018-04-16 18:31:01.407  INFO 16284 --- [  restartedMain] trationDelegate$BeanPostProcessorChecker : Bean 'sessionManager' of type [org.apache.shiro.web.session.mgt.DefaultWebSessionManager] is not eligible for getting processed by all BeanPostProcessors (for example: not eligible for auto-proxying)
2018-04-16 18:31:01.414  INFO 16284 --- [  restartedMain] trationDelegate$BeanPostProcessorChecker : Bean 'securityManager' of type [org.apache.shiro.web.mgt.DefaultWebSecurityManager] is not eligible for getting processed by all BeanPostProcessors (for example: not eligible for auto-proxying)
2018-04-16 18:31:01.430  INFO 16284 --- [  restartedMain] trationDelegate$BeanPostProcessorChecker : Bean 'asyncTaskConfig' of type [com.atm.Async.AsyncTaskConfig$$EnhancerBySpringCGLIB$$38cf4124] is not eligible for getting processed by all BeanPostProcessors (for example: not eligible for auto-proxying)
2018-04-16 18:31:01.431  INFO 16284 --- [  restartedMain] o.s.s.concurrent.ThreadPoolTaskExecutor  : Initializing ExecutorService 
2018-04-16 18:31:01.453  INFO 16284 --- [  restartedMain] trationDelegate$BeanPostProcessorChecker : Bean 'org.springframework.transaction.annotation.ProxyTransactionManagementConfiguration' of type [org.springframework.transaction.annotation.ProxyTransactionManagementConfiguration$$EnhancerBySpringCGLIB$$33ad492f] is not eligible for getting processed by all BeanPostProcessors (for example: not eligible for auto-proxying)
2018-04-16 18:31:01.458  INFO 16284 --- [  restartedMain] trationDelegate$BeanPostProcessorChecker : Bean 'authorizationAttributeSourceAdvisor' of type [org.apache.shiro.spring.security.interceptor.AuthorizationAttributeSourceAdvisor] is not eligible for getting processed by all BeanPostProcessors (for example: not eligible for auto-proxying)
2018-04-16 18:31:01.699  INFO 16284 --- [  restartedMain] o.s.b.w.embedded.tomcat.TomcatWebServer  : Tomcat initialized with port(s): 8080 (http)
2018-04-16 18:31:01.703  INFO 16284 --- [  restartedMain] o.apache.catalina.core.StandardService   : Starting service [Tomcat]
2018-04-16 18:31:01.704  INFO 16284 --- [  restartedMain] org.apache.catalina.core.StandardEngine  : Starting Servlet Engine: Apache Tomcat/8.5.28
2018-04-16 18:31:01.763  INFO 16284 --- [ost-startStop-1] o.a.c.c.C.[Tomcat].[localhost].[/]       : Initializing Spring embedded WebApplicationContext
2018-04-16 18:31:01.765  INFO 16284 --- [ost-startStop-1] o.s.web.context.ContextLoader            : Root WebApplicationContext: initialization completed in 2490 ms
2018-04-16 18:31:01.979  INFO 16284 --- [ost-startStop-1] o.s.b.w.servlet.ServletRegistrationBean  : Servlet dispatcherServlet mapped to [/]
2018-04-16 18:31:01.981  INFO 16284 --- [ost-startStop-1] o.s.b.w.servlet.FilterRegistrationBean   : Mapping filter: 'characterEncodingFilter' to: [/*]
2018-04-16 18:31:01.983  INFO 16284 --- [ost-startStop-1] o.s.b.w.servlet.FilterRegistrationBean   : Mapping filter: 'hiddenHttpMethodFilter' to: [/*]
2018-04-16 18:31:01.983  INFO 16284 --- [ost-startStop-1] o.s.b.w.servlet.FilterRegistrationBean   : Mapping filter: 'httpPutFormContentFilter' to: [/*]
2018-04-16 18:31:01.984  INFO 16284 --- [ost-startStop-1] o.s.b.w.servlet.FilterRegistrationBean   : Mapping filter: 'requestContextFilter' to: [/*]
2018-04-16 18:31:01.984  INFO 16284 --- [ost-startStop-1] o.s.b.w.servlet.FilterRegistrationBean   : Mapping filter: 'kickoutSessionControlFilter' to: [/*]
2018-04-16 18:31:01.984  INFO 16284 --- [ost-startStop-1] o.s.b.w.servlet.FilterRegistrationBean   : Mapping filter: 'shiroFilter' to: [/*]
2018-04-16 18:31:02.791  INFO 16284 --- [  restartedMain] s.w.s.m.m.a.RequestMappingHandlerAdapter : Looking for @ControllerAdvice: org.springframework.boot.web.servlet.context.AnnotationConfigServletWebServerApplicationContext@1c5132c1: startup date [Mon Apr 16 18:30:59 CST 2018]; root of context hierarchy
2018-04-16 18:31:02.857  INFO 16284 --- [  restartedMain] s.w.s.m.m.a.RequestMappingHandlerMapping : Mapped "{[/account/update],methods=[POST]}" onto public com.atm.dto.ResultMap com.atm.controller.AccountController.update(com.atm.entity.Account)
2018-04-16 18:31:02.859  INFO 16284 --- [  restartedMain] s.w.s.m.m.a.RequestMappingHandlerMapping : Mapped "{[/account/list],methods=[GET]}" onto public com.atm.dto.ResultMap com.atm.controller.AccountController.list(java.util.Map<java.lang.String, java.lang.Object>)
2018-04-16 18:31:02.860  INFO 16284 --- [  restartedMain] s.w.s.m.m.a.RequestMappingHandlerMapping : Mapped "{[/account/info/{aid}],methods=[GET]}" onto public com.atm.dto.ResultMap com.atm.controller.AccountController.info(java.lang.Integer)
2018-04-16 18:31:02.863  INFO 16284 --- [  restartedMain] s.w.s.m.m.a.RequestMappingHandlerMapping : Mapped "{[/card/update],methods=[PUT]}" onto public com.atm.dto.ResultMap com.atm.controller.CardController.update(com.atm.entity.Card)
2018-04-16 18:31:02.864  INFO 16284 --- [  restartedMain] s.w.s.m.m.a.RequestMappingHandlerMapping : Mapped "{[/card/list],methods=[GET]}" onto public com.atm.dto.ResultMap com.atm.controller.CardController.list(java.util.Map<java.lang.String, java.lang.Object>)
2018-04-16 18:31:02.864  INFO 16284 --- [  restartedMain] s.w.s.m.m.a.RequestMappingHandlerMapping : Mapped "{[/card/info/{cardid}],methods=[GET]}" onto public com.atm.dto.ResultMap com.atm.controller.CardController.info(java.lang.Integer)
2018-04-16 18:31:02.866  INFO 16284 --- [  restartedMain] s.w.s.m.m.a.RequestMappingHandlerMapping : Mapped "{[/deposit/list],methods=[GET]}" onto public com.atm.dto.ResultMap com.atm.controller.DepositController.list(java.util.Map<java.lang.String, java.lang.Object>)
2018-04-16 18:31:02.868  INFO 16284 --- [  restartedMain] s.w.s.m.m.a.RequestMappingHandlerMapping : Mapped "{[/deposit/save],methods=[POST]}" onto public com.atm.dto.ResultMap com.atm.controller.DepositController.save(java.lang.String)
2018-04-16 18:31:02.868  INFO 16284 --- [  restartedMain] s.w.s.m.m.a.RequestMappingHandlerMapping : Mapped "{[/deposit/info/{id}],methods=[GET]}" onto public com.atm.dto.ResultMap com.atm.controller.DepositController.info(java.lang.Integer)
2018-04-16 18:31:02.869  INFO 16284 --- [  restartedMain] s.w.s.m.m.a.RequestMappingHandlerMapping : Mapped "{[/freemaker]}" onto public org.springframework.web.servlet.ModelAndView com.atm.controller.FreemakerController.say(org.springframework.ui.Model)
2018-04-16 18:31:02.870  INFO 16284 --- [  restartedMain] s.w.s.m.m.a.RequestMappingHandlerMapping : Mapped "{[/hello],methods=[GET]}" onto public java.lang.String com.atm.controller.FreemakerController.getHello()
2018-04-16 18:31:02.871  INFO 16284 --- [  restartedMain] s.w.s.m.m.a.RequestMappingHandlerMapping : Mapped "{[/saveAccount],methods=[POST]}" onto public com.atm.dto.ResultMap com.atm.controller.PageController.save(com.atm.entity.Account)
2018-04-16 18:31:02.872  INFO 16284 --- [  restartedMain] s.w.s.m.m.a.RequestMappingHandlerMapping : Mapped "{[/home]}" onto public org.springframework.web.servlet.ModelAndView com.atm.controller.PageController.home()
2018-04-16 18:31:02.872  INFO 16284 --- [  restartedMain] s.w.s.m.m.a.RequestMappingHandlerMapping : Mapped "{[/login.jhtml]}" onto public org.springframework.web.servlet.ModelAndView com.atm.controller.PageController.login()
2018-04-16 18:31:02.873  INFO 16284 --- [  restartedMain] s.w.s.m.m.a.RequestMappingHandlerMapping : Mapped "{[/Sign_in],methods=[POST]}" onto public com.atm.dto.ResultMap com.atm.controller.PageController.Sign_in(com.atm.entity.Account)
2018-04-16 18:31:02.873  INFO 16284 --- [  restartedMain] s.w.s.m.m.a.RequestMappingHandlerMapping : Mapped "{[/module/{htmlName}]}" onto public java.lang.String com.atm.controller.PageController.showPage(javax.servlet.http.HttpServletRequest,java.lang.String)
2018-04-16 18:31:02.873  INFO 16284 --- [  restartedMain] s.w.s.m.m.a.RequestMappingHandlerMapping : Mapped "{[/unauthorizedurl.jhtml]}" onto public java.lang.String com.atm.controller.PageController.unauthorizedurl()
2018-04-16 18:31:02.874  INFO 16284 --- [  restartedMain] s.w.s.m.m.a.RequestMappingHandlerMapping : Mapped "{[/logout],methods=[GET]}" onto public java.lang.String com.atm.controller.PageController.logout()
2018-04-16 18:31:02.874  INFO 16284 --- [  restartedMain] s.w.s.m.m.a.RequestMappingHandlerMapping : Mapped "{[/testRole]}" onto public java.lang.String com.atm.controller.PageController.testRole()
2018-04-16 18:31:02.874  INFO 16284 --- [  restartedMain] s.w.s.m.m.a.RequestMappingHandlerMapping : Mapped "{[/listCard]}" onto public java.util.List<com.atm.entity.Card> com.atm.controller.PageController.listCard()
2018-04-16 18:31:02.875  INFO 16284 --- [  restartedMain] s.w.s.m.m.a.RequestMappingHandlerMapping : Mapped "{[/transfer/toTransfer]}" onto public com.atm.dto.ResultMap com.atm.controller.TransferController.transferAsyncTask(java.lang.String)
2018-04-16 18:31:02.877  INFO 16284 --- [  restartedMain] s.w.s.m.m.a.RequestMappingHandlerMapping : Mapped "{[/User/update]}" onto public com.atm.dto.ResultMap com.atm.controller.UserController.update(com.atm.entity.User)
2018-04-16 18:31:02.878  INFO 16284 --- [  restartedMain] s.w.s.m.m.a.RequestMappingHandlerMapping : Mapped "{[/User/list]}" onto public com.atm.dto.ResultMap com.atm.controller.UserController.list(java.util.Map<java.lang.String, java.lang.Object>)
2018-04-16 18:31:02.879  INFO 16284 --- [  restartedMain] s.w.s.m.m.a.RequestMappingHandlerMapping : Mapped "{[/User/info/{userid}]}" onto public com.atm.dto.ResultMap com.atm.controller.UserController.info(java.lang.Integer)
2018-04-16 18:31:02.882  INFO 16284 --- [  restartedMain] s.w.s.m.m.a.RequestMappingHandlerMapping : Mapped "{[/withdraw/list],methods=[GET]}" onto public com.atm.dto.ResultMap com.atm.controller.WithdrawController.list(java.util.Map<java.lang.String, java.lang.Object>)
2018-04-16 18:31:02.884  INFO 16284 --- [  restartedMain] s.w.s.m.m.a.RequestMappingHandlerMapping : Mapped "{[/withdraw/save],methods=[POST]}" onto public com.atm.dto.ResultMap com.atm.controller.WithdrawController.save(java.lang.String)
2018-04-16 18:31:02.885  INFO 16284 --- [  restartedMain] s.w.s.m.m.a.RequestMappingHandlerMapping : Mapped "{[/withdraw/info/{id}],methods=[GET]}" onto public com.atm.dto.ResultMap com.atm.controller.WithdrawController.info(java.lang.Integer)
2018-04-16 18:31:02.888  INFO 16284 --- [  restartedMain] s.w.s.m.m.a.RequestMappingHandlerMapping : Mapped "{[/error]}" onto public org.springframework.http.ResponseEntity<java.util.Map<java.lang.String, java.lang.Object>> org.springframework.boot.autoconfigure.web.servlet.error.BasicErrorController.error(javax.servlet.http.HttpServletRequest)
2018-04-16 18:31:02.889  INFO 16284 --- [  restartedMain] s.w.s.m.m.a.RequestMappingHandlerMapping : Mapped "{[/error],produces=[text/html]}" onto public org.springframework.web.servlet.ModelAndView org.springframework.boot.autoconfigure.web.servlet.error.BasicErrorController.errorHtml(javax.servlet.http.HttpServletRequest,javax.servlet.http.HttpServletResponse)
2018-04-16 18:31:03.046  INFO 16284 --- [  restartedMain] o.s.w.s.handler.SimpleUrlHandlerMapping  : Mapped URL path [/webjars/**] onto handler of type [class org.springframework.web.servlet.resource.ResourceHttpRequestHandler]
2018-04-16 18:31:03.046  INFO 16284 --- [  restartedMain] o.s.w.s.handler.SimpleUrlHandlerMapping  : Mapped URL path [/static/**] onto handler of type [class org.springframework.web.servlet.resource.ResourceHttpRequestHandler]
2018-04-16 18:31:03.113  INFO 16284 --- [  restartedMain] .m.m.a.ExceptionHandlerExceptionResolver : Detected @ExceptionHandler methods in RRExceptionHandler
2018-04-16 18:31:03.173  INFO 16284 --- [  restartedMain] o.s.w.s.handler.SimpleUrlHandlerMapping  : Mapped URL path [/**/favicon.ico] onto handler of type [class org.springframework.web.servlet.resource.ResourceHttpRequestHandler]
2018-04-16 18:31:03.617  INFO 16284 --- [  restartedMain] o.s.w.s.v.f.FreeMarkerConfigurer         : ClassTemplateLoader for Spring macros added to FreeMarker configuration
2018-04-16 18:31:05.406  INFO 16284 --- [  restartedMain] o.s.b.d.a.OptionalLiveReloadServer       : LiveReload server is running on port 35729
2018-04-16 18:31:05.632  INFO 16284 --- [  restartedMain] o.s.j.e.a.AnnotationMBeanExporter        : Registering beans for JMX exposure on startup
2018-04-16 18:31:05.635  INFO 16284 --- [  restartedMain] o.s.j.e.a.AnnotationMBeanExporter        : Bean with name 'dataSource' has been autodetected for JMX exposure
2018-04-16 18:31:05.639  INFO 16284 --- [  restartedMain] o.s.j.e.a.AnnotationMBeanExporter        : Located MBean 'dataSource': registering with JMX server as MBean [com.alibaba.druid.pool:name=dataSource,type=DruidDataSource]
2018-04-16 18:31:05.642  INFO 16284 --- [  restartedMain] o.s.c.support.DefaultLifecycleProcessor  : Starting beans in phase 2147483647
2018-04-16 18:31:05.702  INFO 16284 --- [  restartedMain] o.s.b.w.embedded.tomcat.TomcatWebServer  : Tomcat started on port(s): 8080 (http) with context path ''
2018-04-16 18:31:05.704  INFO 16284 --- [  restartedMain] com.atm.SpringBootStartApplication       : Started SpringBootStartApplication in 6.556 seconds (JVM running for 488.15)
2018-04-16 18:31:05.707  INFO 16284 --- [  restartedMain] .ConditionEvaluationDeltaLoggingListener : Condition evaluation unchanged
