2018-04-27 11:10:21.411  INFO 17944 --- [  restartedMain] com.atm.SpringBootStartApplication       : Starting SpringBootStartApplication on DESKTOP-8J9M5H4 with PID 17944 (started by chenyihui in D:\Java web\atm)
2018-04-27 11:10:21.458  INFO 17944 --- [  restartedMain] com.atm.SpringBootStartApplication       : No active profile set, falling back to default profiles: default
2018-04-27 11:10:21.630  INFO 17944 --- [  restartedMain] ConfigServletWebServerApplicationContext : Refreshing org.springframework.boot.web.servlet.context.AnnotationConfigServletWebServerApplicationContext@7c091631: startup date [Fri Apr 27 11:10:21 CST 2018]; root of context hierarchy
2018-04-27 11:10:23.958  INFO 17944 --- [  restartedMain] .s.d.r.c.RepositoryConfigurationDelegate : Multiple Spring Data modules found, entering strict repository configuration mode!
2018-04-27 11:10:24.501  INFO 17944 --- [  restartedMain] trationDelegate$BeanPostProcessorChecker : Bean 'shiroConfig' of type [com.atm.config.ShiroConfig$$EnhancerBySpringCGLIB$$1cac6814] is not eligible for getting processed by all BeanPostProcessors (for example: not eligible for auto-proxying)
2018-04-27 11:10:24.673  INFO 17944 --- [  restartedMain] trationDelegate$BeanPostProcessorChecker : Bean 'org.springframework.boot.context.properties.ConversionServiceDeducer$Factory' of type [org.springframework.boot.context.properties.ConversionServiceDeducer$Factory] is not eligible for getting processed by all BeanPostProcessors (for example: not eligible for auto-proxying)
2018-04-27 11:10:24.689  INFO 17944 --- [  restartedMain] trationDelegate$BeanPostProcessorChecker : Bean 'mybatis-org.mybatis.spring.boot.autoconfigure.MybatisProperties' of type [org.mybatis.spring.boot.autoconfigure.MybatisProperties] is not eligible for getting processed by all BeanPostProcessors (for example: not eligible for auto-proxying)
2018-04-27 11:10:24.705  INFO 17944 --- [  restartedMain] trationDelegate$BeanPostProcessorChecker : Bean 'org.mybatis.spring.boot.autoconfigure.MybatisAutoConfiguration' of type [org.mybatis.spring.boot.autoconfigure.MybatisAutoConfiguration$$EnhancerBySpringCGLIB$$2e963637] is not eligible for getting processed by all BeanPostProcessors (for example: not eligible for auto-proxying)
2018-04-27 11:10:24.705  INFO 17944 --- [  restartedMain] trationDelegate$BeanPostProcessorChecker : Bean 'org.springframework.boot.autoconfigure.jdbc.DataSourceConfiguration$Generic' of type [org.springframework.boot.autoconfigure.jdbc.DataSourceConfiguration$Generic] is not eligible for getting processed by all BeanPostProcessors (for example: not eligible for auto-proxying)
2018-04-27 11:10:24.751  INFO 17944 --- [  restartedMain] trationDelegate$BeanPostProcessorChecker : Bean 'spring.datasource-org.springframework.boot.autoconfigure.jdbc.DataSourceProperties' of type [org.springframework.boot.autoconfigure.jdbc.DataSourceProperties] is not eligible for getting processed by all BeanPostProcessors (for example: not eligible for auto-proxying)
2018-04-27 11:10:24.876  INFO 17944 --- [  restartedMain] trationDelegate$BeanPostProcessorChecker : Bean 'dataSource' of type [com.alibaba.druid.pool.DruidDataSource] is not eligible for getting processed by all BeanPostProcessors (for example: not eligible for auto-proxying)
2018-04-27 11:10:25.595  INFO 17944 --- [  restartedMain] trationDelegate$BeanPostProcessorChecker : Bean 'sqlSessionFactory' of type [org.apache.ibatis.session.defaults.DefaultSqlSessionFactory] is not eligible for getting processed by all BeanPostProcessors (for example: not eligible for auto-proxying)
2018-04-27 11:10:25.613  INFO 17944 --- [  restartedMain] trationDelegate$BeanPostProcessorChecker : Bean 'sqlSessionTemplate' of type [org.mybatis.spring.SqlSessionTemplate] is not eligible for getting processed by all BeanPostProcessors (for example: not eligible for auto-proxying)
2018-04-27 11:10:25.613  INFO 17944 --- [  restartedMain] trationDelegate$BeanPostProcessorChecker : Bean 'accountMapper' of type [org.mybatis.spring.mapper.MapperFactoryBean] is not eligible for getting processed by all BeanPostProcessors (for example: not eligible for auto-proxying)
2018-04-27 11:10:25.629  INFO 17944 --- [  restartedMain] trationDelegate$BeanPostProcessorChecker : Bean 'accountMapper' of type [com.sun.proxy.$Proxy66] is not eligible for getting processed by all BeanPostProcessors (for example: not eligible for auto-proxying)
2018-04-27 11:10:25.629  INFO 17944 --- [  restartedMain] trationDelegate$BeanPostProcessorChecker : Bean 'accountServiceImpl' of type [com.atm.service.impl.AccountServiceImpl] is not eligible for getting processed by all BeanPostProcessors (for example: not eligible for auto-proxying)
2018-04-27 11:10:25.645  INFO 17944 --- [  restartedMain] trationDelegate$BeanPostProcessorChecker : Bean 'userMapper' of type [org.mybatis.spring.mapper.MapperFactoryBean] is not eligible for getting processed by all BeanPostProcessors (for example: not eligible for auto-proxying)
2018-04-27 11:10:25.645  INFO 17944 --- [  restartedMain] trationDelegate$BeanPostProcessorChecker : Bean 'userMapper' of type [com.sun.proxy.$Proxy68] is not eligible for getting processed by all BeanPostProcessors (for example: not eligible for auto-proxying)
2018-04-27 11:10:25.645  INFO 17944 --- [  restartedMain] trationDelegate$BeanPostProcessorChecker : Bean 'userServiceImpl' of type [com.atm.service.impl.UserServiceImpl] is not eligible for getting processed by all BeanPostProcessors (for example: not eligible for auto-proxying)
2018-04-27 11:10:25.660  INFO 17944 --- [  restartedMain] trationDelegate$BeanPostProcessorChecker : Bean 'org.springframework.boot.autoconfigure.data.redis.RedisAutoConfiguration' of type [org.springframework.boot.autoconfigure.data.redis.RedisAutoConfiguration$$EnhancerBySpringCGLIB$$f1591043] is not eligible for getting processed by all BeanPostProcessors (for example: not eligible for auto-proxying)
2018-04-27 11:10:25.692  INFO 17944 --- [  restartedMain] trationDelegate$BeanPostProcessorChecker : Bean 'spring.redis-org.springframework.boot.autoconfigure.data.redis.RedisProperties' of type [org.springframework.boot.autoconfigure.data.redis.RedisProperties] is not eligible for getting processed by all BeanPostProcessors (for example: not eligible for auto-proxying)
2018-04-27 11:10:25.692  INFO 17944 --- [  restartedMain] trationDelegate$BeanPostProcessorChecker : Bean 'org.springframework.boot.autoconfigure.data.redis.LettuceConnectionConfiguration' of type [org.springframework.boot.autoconfigure.data.redis.LettuceConnectionConfiguration$$EnhancerBySpringCGLIB$$10dba351] is not eligible for getting processed by all BeanPostProcessors (for example: not eligible for auto-proxying)
2018-04-27 11:10:25.895  INFO 17944 --- [  restartedMain] trationDelegate$BeanPostProcessorChecker : Bean 'lettuceClientResources' of type [io.lettuce.core.resource.DefaultClientResources] is not eligible for getting processed by all BeanPostProcessors (for example: not eligible for auto-proxying)
2018-04-27 11:10:26.035  INFO 17944 --- [  restartedMain] trationDelegate$BeanPostProcessorChecker : Bean 'redisConnectionFactory' of type [org.springframework.data.redis.connection.lettuce.LettuceConnectionFactory] is not eligible for getting processed by all BeanPostProcessors (for example: not eligible for auto-proxying)
2018-04-27 11:10:26.067  INFO 17944 --- [  restartedMain] trationDelegate$BeanPostProcessorChecker : Bean 'redisTemplate' of type [org.springframework.data.redis.core.RedisTemplate] is not eligible for getting processed by all BeanPostProcessors (for example: not eligible for auto-proxying)
2018-04-27 11:10:26.082  INFO 17944 --- [  restartedMain] trationDelegate$BeanPostProcessorChecker : Bean 'stringRedisTemplate' of type [org.springframework.data.redis.core.StringRedisTemplate] is not eligible for getting processed by all BeanPostProcessors (for example: not eligible for auto-proxying)
2018-04-27 11:10:26.082  INFO 17944 --- [  restartedMain] trationDelegate$BeanPostProcessorChecker : Bean 'redisService' of type [com.atm.cache.redis.RedisService] is not eligible for getting processed by all BeanPostProcessors (for example: not eligible for auto-proxying)
2018-04-27 11:10:26.082  INFO 17944 --- [  restartedMain] trationDelegate$BeanPostProcessorChecker : Bean 'userRealm' of type [com.atm.shiro.UserRealm] is not eligible for getting processed by all BeanPostProcessors (for example: not eligible for auto-proxying)
2018-04-27 11:10:26.113  INFO 17944 --- [  restartedMain] trationDelegate$BeanPostProcessorChecker : Bean 'redisShiroSessionDao' of type [com.atm.shiro.RedisShiroSessionDao] is not eligible for getting processed by all BeanPostProcessors (for example: not eligible for auto-proxying)
2018-04-27 11:10:26.145  INFO 17944 --- [  restartedMain] trationDelegate$BeanPostProcessorChecker : Bean 'sessionManager' of type [org.apache.shiro.web.session.mgt.DefaultWebSessionManager] is not eligible for getting processed by all BeanPostProcessors (for example: not eligible for auto-proxying)
2018-04-27 11:10:26.910  INFO 17944 --- [  restartedMain] trationDelegate$BeanPostProcessorChecker : Bean 'securityManager' of type [org.apache.shiro.web.mgt.DefaultWebSecurityManager] is not eligible for getting processed by all BeanPostProcessors (for example: not eligible for auto-proxying)
2018-04-27 11:10:26.920  INFO 17944 --- [  restartedMain] trationDelegate$BeanPostProcessorChecker : Bean 'asyncTaskConfig' of type [com.atm.Async.AsyncTaskConfig$$EnhancerBySpringCGLIB$$e3dcfc] is not eligible for getting processed by all BeanPostProcessors (for example: not eligible for auto-proxying)
2018-04-27 11:10:26.935  INFO 17944 --- [  restartedMain] o.s.s.concurrent.ThreadPoolTaskExecutor  : Initializing ExecutorService 
2018-04-27 11:10:27.060  INFO 17944 --- [  restartedMain] trationDelegate$BeanPostProcessorChecker : Bean 'org.springframework.transaction.annotation.ProxyTransactionManagementConfiguration' of type [org.springframework.transaction.annotation.ProxyTransactionManagementConfiguration$$EnhancerBySpringCGLIB$$fbc1e507] is not eligible for getting processed by all BeanPostProcessors (for example: not eligible for auto-proxying)
2018-04-27 11:10:27.076  INFO 17944 --- [  restartedMain] trationDelegate$BeanPostProcessorChecker : Bean 'authorizationAttributeSourceAdvisor' of type [org.apache.shiro.spring.security.interceptor.AuthorizationAttributeSourceAdvisor] is not eligible for getting processed by all BeanPostProcessors (for example: not eligible for auto-proxying)
2018-04-27 11:10:28.092  INFO 17944 --- [  restartedMain] o.s.b.w.embedded.tomcat.TomcatWebServer  : Tomcat initialized with port(s): 8080 (http)
2018-04-27 11:10:28.718  INFO 17944 --- [  restartedMain] o.apache.catalina.core.StandardService   : Starting service [Tomcat]
2018-04-27 11:10:28.718  INFO 17944 --- [  restartedMain] org.apache.catalina.core.StandardEngine  : Starting Servlet Engine: Apache Tomcat/8.5.28
2018-04-27 11:10:28.780  INFO 17944 --- [ost-startStop-1] o.a.catalina.core.AprLifecycleListener   : The APR based Apache Tomcat Native library which allows optimal performance in production environments was not found on the java.library.path: [C:\Program Files\Java\jdk1.8.0_161\bin;C:\WINDOWS\Sun\Java\bin;C:\WINDOWS\system32;C:\WINDOWS;C:\Program Files\Java\jdk1.8.0_161\bin;C:\Program Files\Java\jdk1.8.0_161\jre\bin;C:\ProgramData\Oracle\Java\javapath;C:\WINDOWS\system32;C:\WINDOWS;C:\WINDOWS\System32\Wbem;C:\WINDOWS\System32\WindowsPowerShell\v1.0\;%USERPROFILE%\.dnx\bin;C:\Program Files\Microsoft DNX\Dnvm\;C:\Program Files\Microsoft SQL Server\120\DTS\Binn\;C:\Program Files (x86)\MySQL\MySQL Server 5.5\bin;D:\Program Files (x86)\bin;D:\Program Files\github\Git\cmd;C:\Program Files\TortoiseGit\bin;D:\Program Files\node.js\;C:\WINDOWS\system32;C:\WINDOWS;C:\WINDOWS\System32\Wbem;?D:\apache-maven-3.5.3\bin\;%CATALINA_HOME%\lib;%CATALINA_HOME%\bin;C:\Users\chenyihui\AppData\Local\Microsoft\WindowsApps;D:\Program Files\node.js\node_global\;C:\Users\chenyihui\AppData\Roaming\npm\node_modules;C:\Users\chenyihui\AppData\Local\GitHubDesktop\bin;"C:\WINDOWS\system32;";.]
2018-04-27 11:10:29.108  INFO 17944 --- [ost-startStop-1] o.a.c.c.C.[Tomcat].[localhost].[/]       : Initializing Spring embedded WebApplicationContext
2018-04-27 11:10:29.108  INFO 17944 --- [ost-startStop-1] o.s.web.context.ContextLoader            : Root WebApplicationContext: initialization completed in 7478 ms
2018-04-27 11:10:29.765  INFO 17944 --- [ost-startStop-1] o.s.b.w.servlet.ServletRegistrationBean  : Servlet dispatcherServlet mapped to [/]
2018-04-27 11:10:29.769  INFO 17944 --- [ost-startStop-1] o.s.b.w.servlet.FilterRegistrationBean   : Mapping filter: 'characterEncodingFilter' to: [/*]
2018-04-27 11:10:29.769  INFO 17944 --- [ost-startStop-1] o.s.b.w.servlet.FilterRegistrationBean   : Mapping filter: 'hiddenHttpMethodFilter' to: [/*]
2018-04-27 11:10:29.769  INFO 17944 --- [ost-startStop-1] o.s.b.w.servlet.FilterRegistrationBean   : Mapping filter: 'httpPutFormContentFilter' to: [/*]
2018-04-27 11:10:29.769  INFO 17944 --- [ost-startStop-1] o.s.b.w.servlet.FilterRegistrationBean   : Mapping filter: 'requestContextFilter' to: [/*]
2018-04-27 11:10:29.769  INFO 17944 --- [ost-startStop-1] o.s.b.w.servlet.FilterRegistrationBean   : Mapping filter: 'kickoutSessionControlFilter' to: [/*]
2018-04-27 11:10:29.769  INFO 17944 --- [ost-startStop-1] o.s.b.w.servlet.FilterRegistrationBean   : Mapping filter: 'shiroFilter' to: [/*]
2018-04-27 11:10:31.191  INFO 17944 --- [  restartedMain] s.w.s.m.m.a.RequestMappingHandlerAdapter : Looking for @ControllerAdvice: org.springframework.boot.web.servlet.context.AnnotationConfigServletWebServerApplicationContext@7c091631: startup date [Fri Apr 27 11:10:21 CST 2018]; root of context hierarchy
2018-04-27 11:10:31.342  INFO 17944 --- [  restartedMain] s.w.s.m.m.a.RequestMappingHandlerMapping : Mapped "{[/account/update],methods=[POST]}" onto public com.atm.dto.ResultMap com.atm.controller.AccountController.update(com.atm.entity.Account)
2018-04-27 11:10:31.342  INFO 17944 --- [  restartedMain] s.w.s.m.m.a.RequestMappingHandlerMapping : Mapped "{[/account/list],methods=[GET]}" onto public com.atm.dto.ResultMap com.atm.controller.AccountController.list(java.util.Map<java.lang.String, java.lang.Object>)
2018-04-27 11:10:31.342  INFO 17944 --- [  restartedMain] s.w.s.m.m.a.RequestMappingHandlerMapping : Mapped "{[/account/info/{aid}],methods=[GET]}" onto public com.atm.dto.ResultMap com.atm.controller.AccountController.info(java.lang.Integer)
2018-04-27 11:10:31.357  INFO 17944 --- [  restartedMain] s.w.s.m.m.a.RequestMappingHandlerMapping : Mapped "{[/card/update],methods=[PUT]}" onto public com.atm.dto.ResultMap com.atm.controller.CardController.update(com.atm.entity.Card)
2018-04-27 11:10:31.357  INFO 17944 --- [  restartedMain] s.w.s.m.m.a.RequestMappingHandlerMapping : Mapped "{[/card/list],methods=[GET]}" onto public com.atm.dto.ResultMap com.atm.controller.CardController.list(java.util.Map<java.lang.String, java.lang.Object>)
2018-04-27 11:10:31.357  INFO 17944 --- [  restartedMain] s.w.s.m.m.a.RequestMappingHandlerMapping : Mapped "{[/card/info/{cardid}],methods=[GET]}" onto public com.atm.dto.ResultMap com.atm.controller.CardController.info(java.lang.Integer)
2018-04-27 11:10:31.357  INFO 17944 --- [  restartedMain] s.w.s.m.m.a.RequestMappingHandlerMapping : Mapped "{[/deposit/list],methods=[GET]}" onto public com.atm.dto.ResultMap com.atm.controller.DepositController.list(java.util.Map<java.lang.String, java.lang.Object>)
2018-04-27 11:10:31.357  INFO 17944 --- [  restartedMain] s.w.s.m.m.a.RequestMappingHandlerMapping : Mapped "{[/deposit/save],methods=[POST]}" onto public com.atm.dto.ResultMap com.atm.controller.DepositController.save(java.lang.String)
2018-04-27 11:10:31.357  INFO 17944 --- [  restartedMain] s.w.s.m.m.a.RequestMappingHandlerMapping : Mapped "{[/deposit/info/{id}],methods=[GET]}" onto public com.atm.dto.ResultMap com.atm.controller.DepositController.info(java.lang.Integer)
2018-04-27 11:10:31.357  INFO 17944 --- [  restartedMain] s.w.s.m.m.a.RequestMappingHandlerMapping : Mapped "{[/deposit/listTop/{aid}],methods=[GET]}" onto public com.atm.dto.ResultMap com.atm.controller.DepositController.listTop(java.lang.Integer)
2018-04-27 11:10:31.357  INFO 17944 --- [  restartedMain] s.w.s.m.m.a.RequestMappingHandlerMapping : Mapped "{[/freemaker]}" onto public org.springframework.web.servlet.ModelAndView com.atm.controller.FreemakerController.say(org.springframework.ui.Model)
2018-04-27 11:10:31.357  INFO 17944 --- [  restartedMain] s.w.s.m.m.a.RequestMappingHandlerMapping : Mapped "{[/hello],methods=[GET]}" onto public java.lang.String com.atm.controller.FreemakerController.getHello()
2018-04-27 11:10:31.357  INFO 17944 --- [  restartedMain] s.w.s.m.m.a.RequestMappingHandlerMapping : Mapped "{[/saveAccount],methods=[POST]}" onto public com.atm.dto.ResultMap com.atm.controller.PageController.save(com.atm.entity.Account)
2018-04-27 11:10:31.357  INFO 17944 --- [  restartedMain] s.w.s.m.m.a.RequestMappingHandlerMapping : Mapped "{[/home]}" onto public org.springframework.web.servlet.ModelAndView com.atm.controller.PageController.home()
2018-04-27 11:10:31.357  INFO 17944 --- [  restartedMain] s.w.s.m.m.a.RequestMappingHandlerMapping : Mapped "{[/login.jhtml]}" onto public org.springframework.web.servlet.ModelAndView com.atm.controller.PageController.login()
2018-04-27 11:10:31.357  INFO 17944 --- [  restartedMain] s.w.s.m.m.a.RequestMappingHandlerMapping : Mapped "{[/module/{htmlName}]}" onto public java.lang.String com.atm.controller.PageController.showPage(javax.servlet.http.HttpServletRequest,java.lang.String)
2018-04-27 11:10:31.357  INFO 17944 --- [  restartedMain] s.w.s.m.m.a.RequestMappingHandlerMapping : Mapped "{[/Sign_in],methods=[POST]}" onto public com.atm.dto.ResultMap com.atm.controller.PageController.Sign_in(com.atm.entity.Account)
2018-04-27 11:10:31.357  INFO 17944 --- [  restartedMain] s.w.s.m.m.a.RequestMappingHandlerMapping : Mapped "{[/testRole]}" onto public java.lang.String com.atm.controller.PageController.testRole()
2018-04-27 11:10:31.357  INFO 17944 --- [  restartedMain] s.w.s.m.m.a.RequestMappingHandlerMapping : Mapped "{[/logout],methods=[GET]}" onto public java.lang.String com.atm.controller.PageController.logout()
2018-04-27 11:10:31.357  INFO 17944 --- [  restartedMain] s.w.s.m.m.a.RequestMappingHandlerMapping : Mapped "{[/unauthorizedurl.jhtml]}" onto public java.lang.String com.atm.controller.PageController.unauthorizedurl()
2018-04-27 11:10:31.357  INFO 17944 --- [  restartedMain] s.w.s.m.m.a.RequestMappingHandlerMapping : Mapped "{[/listCard]}" onto public java.util.List<com.atm.entity.Card> com.atm.controller.PageController.listCard()
2018-04-27 11:10:31.373  INFO 17944 --- [  restartedMain] s.w.s.m.m.a.RequestMappingHandlerMapping : Mapped "{[/transfer/toTransfer]}" onto public com.atm.dto.ResultMap com.atm.controller.TransferController.transferAsyncTask(java.lang.String)
2018-04-27 11:10:31.373  INFO 17944 --- [  restartedMain] s.w.s.m.m.a.RequestMappingHandlerMapping : Mapped "{[/transfer/listTop/{senderid}],methods=[GET]}" onto public com.atm.dto.ResultMap com.atm.controller.TransferController.listTop(java.lang.Integer)
2018-04-27 11:10:31.373  INFO 17944 --- [  restartedMain] s.w.s.m.m.a.RequestMappingHandlerMapping : Mapped "{[/User/update]}" onto public com.atm.dto.ResultMap com.atm.controller.UserController.update(com.atm.entity.User)
2018-04-27 11:10:31.373  INFO 17944 --- [  restartedMain] s.w.s.m.m.a.RequestMappingHandlerMapping : Mapped "{[/User/list]}" onto public com.atm.dto.ResultMap com.atm.controller.UserController.list(java.util.Map<java.lang.String, java.lang.Object>)
2018-04-27 11:10:31.373  INFO 17944 --- [  restartedMain] s.w.s.m.m.a.RequestMappingHandlerMapping : Mapped "{[/User/info/{userid}]}" onto public com.atm.dto.ResultMap com.atm.controller.UserController.info(java.lang.Integer)
2018-04-27 11:10:31.373  INFO 17944 --- [  restartedMain] s.w.s.m.m.a.RequestMappingHandlerMapping : Mapped "{[/withdraw/list],methods=[GET]}" onto public com.atm.dto.ResultMap com.atm.controller.WithdrawController.list(java.util.Map<java.lang.String, java.lang.Object>)
2018-04-27 11:10:31.373  INFO 17944 --- [  restartedMain] s.w.s.m.m.a.RequestMappingHandlerMapping : Mapped "{[/withdraw/save],methods=[POST]}" onto public com.atm.dto.ResultMap com.atm.controller.WithdrawController.save(java.lang.String)
2018-04-27 11:10:31.373  INFO 17944 --- [  restartedMain] s.w.s.m.m.a.RequestMappingHandlerMapping : Mapped "{[/withdraw/info/{id}],methods=[GET]}" onto public com.atm.dto.ResultMap com.atm.controller.WithdrawController.info(java.lang.Integer)
2018-04-27 11:10:31.373  INFO 17944 --- [  restartedMain] s.w.s.m.m.a.RequestMappingHandlerMapping : Mapped "{[/withdraw/listTop/{aid}],methods=[GET]}" onto public com.atm.dto.ResultMap com.atm.controller.WithdrawController.listTop(java.lang.Integer)
2018-04-27 11:10:31.373  INFO 17944 --- [  restartedMain] s.w.s.m.m.a.RequestMappingHandlerMapping : Mapped "{[/error]}" onto public org.springframework.http.ResponseEntity<java.util.Map<java.lang.String, java.lang.Object>> org.springframework.boot.autoconfigure.web.servlet.error.BasicErrorController.error(javax.servlet.http.HttpServletRequest)
2018-04-27 11:10:31.373  INFO 17944 --- [  restartedMain] s.w.s.m.m.a.RequestMappingHandlerMapping : Mapped "{[/error],produces=[text/html]}" onto public org.springframework.web.servlet.ModelAndView org.springframework.boot.autoconfigure.web.servlet.error.BasicErrorController.errorHtml(javax.servlet.http.HttpServletRequest,javax.servlet.http.HttpServletResponse)
2018-04-27 11:10:31.592  INFO 17944 --- [  restartedMain] o.s.w.s.handler.SimpleUrlHandlerMapping  : Mapped URL path [/webjars/**] onto handler of type [class org.springframework.web.servlet.resource.ResourceHttpRequestHandler]
2018-04-27 11:10:31.592  INFO 17944 --- [  restartedMain] o.s.w.s.handler.SimpleUrlHandlerMapping  : Mapped URL path [/static/**] onto handler of type [class org.springframework.web.servlet.resource.ResourceHttpRequestHandler]
2018-04-27 11:10:31.670  INFO 17944 --- [  restartedMain] .m.m.a.ExceptionHandlerExceptionResolver : Detected @ExceptionHandler methods in RRExceptionHandler
2018-04-27 11:10:31.779  INFO 17944 --- [  restartedMain] o.s.w.s.handler.SimpleUrlHandlerMapping  : Mapped URL path [/**/favicon.ico] onto handler of type [class org.springframework.web.servlet.resource.ResourceHttpRequestHandler]
2018-04-27 11:10:32.685  INFO 17944 --- [  restartedMain] o.s.w.s.v.f.FreeMarkerConfigurer         : ClassTemplateLoader for Spring macros added to FreeMarker configuration
2018-04-27 11:10:35.009  INFO 17944 --- [  restartedMain] o.s.b.d.a.OptionalLiveReloadServer       : LiveReload server is running on port 35729
2018-04-27 11:10:35.203  INFO 17944 --- [  restartedMain] o.s.j.e.a.AnnotationMBeanExporter        : Registering beans for JMX exposure on startup
2018-04-27 11:10:35.203  INFO 17944 --- [  restartedMain] o.s.j.e.a.AnnotationMBeanExporter        : Bean with name 'dataSource' has been autodetected for JMX exposure
2018-04-27 11:10:35.203  INFO 17944 --- [  restartedMain] o.s.j.e.a.AnnotationMBeanExporter        : Located MBean 'dataSource': registering with JMX server as MBean [com.alibaba.druid.pool:name=dataSource,type=DruidDataSource]
2018-04-27 11:10:35.235  INFO 17944 --- [  restartedMain] o.s.c.support.DefaultLifecycleProcessor  : Starting beans in phase 2147483647
2018-04-27 11:10:35.438  INFO 17944 --- [    container-1] io.lettuce.core.EpollProvider            : Starting without optional epoll library
2018-04-27 11:10:35.438  INFO 17944 --- [    container-1] io.lettuce.core.KqueueProvider           : Starting without optional kqueue library
2018-04-27 11:10:36.641  INFO 17944 --- [  restartedMain] o.s.b.w.embedded.tomcat.TomcatWebServer  : Tomcat started on port(s): 8080 (http) with context path ''
2018-04-27 11:10:36.656  INFO 17944 --- [  restartedMain] com.atm.SpringBootStartApplication       : Started SpringBootStartApplication in 16.07 seconds (JVM running for 16.818)
2018-04-27 11:14:51.010  INFO 17944 --- [nio-8080-exec-9] o.a.c.c.C.[Tomcat].[localhost].[/]       : Initializing Spring FrameworkServlet 'dispatcherServlet'
2018-04-27 11:14:51.011  INFO 17944 --- [nio-8080-exec-9] o.s.web.servlet.DispatcherServlet        : FrameworkServlet 'dispatcherServlet': initialization started
2018-04-27 11:14:51.101  INFO 17944 --- [nio-8080-exec-9] o.s.web.servlet.DispatcherServlet        : FrameworkServlet 'dispatcherServlet': initialization completed in 90 ms
2018-04-27 11:14:51.189  INFO 17944 --- [nio-8080-exec-9] a.s.s.m.AbstractValidatingSessionManager : Enabling session validation scheduler...
2018-04-27 11:14:52.405  WARN 17944 --- [nio-8080-exec-1] o.s.web.servlet.PageNotFound             : No mapping found for HTTP request with URI [/login.html] in DispatcherServlet with name 'dispatcherServlet'
2018-04-27 11:15:42.653  INFO 17944 --- [nio-8080-exec-7] com.alibaba.druid.pool.DruidDataSource   : {dataSource-1} inited
2018-04-27 11:16:57.472  INFO 17944 --- [nio-8080-exec-3] com.atm.dto.JsonUtils                    : JSON数据转对象成功================({"aid":76152308,"saveMoney":"500","saveTime":"2018-04-27 11:16:37"})
2018-04-27 11:16:57.576  INFO 17944 --- [nio-8080-exec-3] com.atm.controller.CardController        : 存款成功
2018-04-27 11:17:33.654  INFO 17944 --- [nio-8080-exec-1] com.atm.dto.JsonUtils                    : JSON数据转对象成功================({"aid":76152308,"takeMoney":"80000","takeTime":"2018-04-27 11:17:07"})
2018-04-27 11:19:24.711  INFO 17944 --- [nio-8080-exec-8] com.atm.dto.JsonUtils                    : JSON数据转对象成功================({"senderid":76152308,"receiverid":"87914235","transferMoney":"500","transferTime":"2018-04-27 11:19:02"})
2018-04-27 11:19:24.739  INFO 17944 --- [nio-8080-exec-8] com.atm.controller.TransferController    : 转账成功
2018-04-27 11:22:33.430  INFO 17944 --- [nio-8080-exec-3] com.atm.dto.JsonUtils                    : JSON数据转对象成功================({"aid":76152308,"saveMoney":"5000","saveTime":"2018-04-27 11:22:31"})
2018-04-27 11:22:33.439  INFO 17944 --- [nio-8080-exec-3] com.atm.controller.CardController        : 存款成功
2018-04-27 11:23:20.861  INFO 17944 --- [nio-8080-exec-7] com.atm.dto.JsonUtils                    : JSON数据转对象成功================({"aid":76152308,"takeMoney":"500","takeTime":"2018-04-27 11:23:19"})
2018-04-27 11:43:09.067  INFO 17944 --- [       Thread-6] ConfigServletWebServerApplicationContext : Closing org.springframework.boot.web.servlet.context.AnnotationConfigServletWebServerApplicationContext@7c091631: startup date [Fri Apr 27 11:10:21 CST 2018]; root of context hierarchy
2018-04-27 11:43:09.077  INFO 17944 --- [       Thread-6] o.s.c.support.DefaultLifecycleProcessor  : Stopping beans in phase 2147483647
2018-04-27 11:43:09.092  INFO 17944 --- [       Thread-6] o.s.j.e.a.AnnotationMBeanExporter        : Unregistering JMX-exposed beans on shutdown
2018-04-27 11:43:09.092  INFO 17944 --- [       Thread-6] o.s.j.e.a.AnnotationMBeanExporter        : Unregistering JMX-exposed beans
2018-04-27 11:43:09.108  INFO 17944 --- [       Thread-6] a.s.s.m.AbstractValidatingSessionManager : Disabled session validation scheduler.
2018-04-27 11:43:10.233  INFO 17944 --- [       Thread-6] com.alibaba.druid.pool.DruidDataSource   : {dataSource-1} closed
2018-04-27 11:43:10.985  INFO 17944 --- [  restartedMain] com.atm.SpringBootStartApplication       : Starting SpringBootStartApplication on DESKTOP-8J9M5H4 with PID 17944 (started by chenyihui in D:\Java web\atm)
2018-04-27 11:43:10.985  INFO 17944 --- [  restartedMain] com.atm.SpringBootStartApplication       : No active profile set, falling back to default profiles: default
2018-04-27 11:43:11.000  INFO 17944 --- [  restartedMain] ConfigServletWebServerApplicationContext : Refreshing org.springframework.boot.web.servlet.context.AnnotationConfigServletWebServerApplicationContext@5a90829f: startup date [Fri Apr 27 11:43:11 CST 2018]; root of context hierarchy
2018-04-27 11:43:11.875  INFO 17944 --- [  restartedMain] .s.d.r.c.RepositoryConfigurationDelegate : Multiple Spring Data modules found, entering strict repository configuration mode!
2018-04-27 11:43:12.033  INFO 17944 --- [  restartedMain] trationDelegate$BeanPostProcessorChecker : Bean 'shiroConfig' of type [com.atm.config.ShiroConfig$$EnhancerBySpringCGLIB$$1cac6814] is not eligible for getting processed by all BeanPostProcessors (for example: not eligible for auto-proxying)
2018-04-27 11:43:12.095  INFO 17944 --- [  restartedMain] trationDelegate$BeanPostProcessorChecker : Bean 'org.springframework.boot.context.properties.ConversionServiceDeducer$Factory' of type [org.springframework.boot.context.properties.ConversionServiceDeducer$Factory] is not eligible for getting processed by all BeanPostProcessors (for example: not eligible for auto-proxying)
2018-04-27 11:43:12.111  INFO 17944 --- [  restartedMain] trationDelegate$BeanPostProcessorChecker : Bean 'mybatis-org.mybatis.spring.boot.autoconfigure.MybatisProperties' of type [org.mybatis.spring.boot.autoconfigure.MybatisProperties] is not eligible for getting processed by all BeanPostProcessors (for example: not eligible for auto-proxying)
2018-04-27 11:43:12.111  INFO 17944 --- [  restartedMain] trationDelegate$BeanPostProcessorChecker : Bean 'org.mybatis.spring.boot.autoconfigure.MybatisAutoConfiguration' of type [org.mybatis.spring.boot.autoconfigure.MybatisAutoConfiguration$$EnhancerBySpringCGLIB$$2e963637] is not eligible for getting processed by all BeanPostProcessors (for example: not eligible for auto-proxying)
2018-04-27 11:43:12.127  INFO 17944 --- [  restartedMain] trationDelegate$BeanPostProcessorChecker : Bean 'org.springframework.boot.autoconfigure.jdbc.DataSourceConfiguration$Generic' of type [org.springframework.boot.autoconfigure.jdbc.DataSourceConfiguration$Generic] is not eligible for getting processed by all BeanPostProcessors (for example: not eligible for auto-proxying)
2018-04-27 11:43:12.127  INFO 17944 --- [  restartedMain] trationDelegate$BeanPostProcessorChecker : Bean 'spring.datasource-org.springframework.boot.autoconfigure.jdbc.DataSourceProperties' of type [org.springframework.boot.autoconfigure.jdbc.DataSourceProperties] is not eligible for getting processed by all BeanPostProcessors (for example: not eligible for auto-proxying)
2018-04-27 11:43:12.174  INFO 17944 --- [  restartedMain] trationDelegate$BeanPostProcessorChecker : Bean 'dataSource' of type [com.alibaba.druid.pool.DruidDataSource] is not eligible for getting processed by all BeanPostProcessors (for example: not eligible for auto-proxying)
2018-04-27 11:43:12.345  INFO 17944 --- [  restartedMain] trationDelegate$BeanPostProcessorChecker : Bean 'sqlSessionFactory' of type [org.apache.ibatis.session.defaults.DefaultSqlSessionFactory] is not eligible for getting processed by all BeanPostProcessors (for example: not eligible for auto-proxying)
2018-04-27 11:43:12.361  INFO 17944 --- [  restartedMain] trationDelegate$BeanPostProcessorChecker : Bean 'sqlSessionTemplate' of type [org.mybatis.spring.SqlSessionTemplate] is not eligible for getting processed by all BeanPostProcessors (for example: not eligible for auto-proxying)
2018-04-27 11:43:12.361  INFO 17944 --- [  restartedMain] trationDelegate$BeanPostProcessorChecker : Bean 'accountMapper' of type [org.mybatis.spring.mapper.MapperFactoryBean] is not eligible for getting processed by all BeanPostProcessors (for example: not eligible for auto-proxying)
2018-04-27 11:43:12.361  INFO 17944 --- [  restartedMain] trationDelegate$BeanPostProcessorChecker : Bean 'accountMapper' of type [com.sun.proxy.$Proxy111] is not eligible for getting processed by all BeanPostProcessors (for example: not eligible for auto-proxying)
2018-04-27 11:43:12.377  INFO 17944 --- [  restartedMain] trationDelegate$BeanPostProcessorChecker : Bean 'accountServiceImpl' of type [com.atm.service.impl.AccountServiceImpl] is not eligible for getting processed by all BeanPostProcessors (for example: not eligible for auto-proxying)
2018-04-27 11:43:12.377  INFO 17944 --- [  restartedMain] trationDelegate$BeanPostProcessorChecker : Bean 'userMapper' of type [org.mybatis.spring.mapper.MapperFactoryBean] is not eligible for getting processed by all BeanPostProcessors (for example: not eligible for auto-proxying)
2018-04-27 11:43:12.377  INFO 17944 --- [  restartedMain] trationDelegate$BeanPostProcessorChecker : Bean 'userMapper' of type [com.sun.proxy.$Proxy112] is not eligible for getting processed by all BeanPostProcessors (for example: not eligible for auto-proxying)
2018-04-27 11:43:12.377  INFO 17944 --- [  restartedMain] trationDelegate$BeanPostProcessorChecker : Bean 'userServiceImpl' of type [com.atm.service.impl.UserServiceImpl] is not eligible for getting processed by all BeanPostProcessors (for example: not eligible for auto-proxying)
2018-04-27 11:43:12.392  INFO 17944 --- [  restartedMain] trationDelegate$BeanPostProcessorChecker : Bean 'org.springframework.boot.autoconfigure.data.redis.RedisAutoConfiguration' of type [org.springframework.boot.autoconfigure.data.redis.RedisAutoConfiguration$$EnhancerBySpringCGLIB$$f1591043] is not eligible for getting processed by all BeanPostProcessors (for example: not eligible for auto-proxying)
2018-04-27 11:43:12.392  INFO 17944 --- [  restartedMain] trationDelegate$BeanPostProcessorChecker : Bean 'spring.redis-org.springframework.boot.autoconfigure.data.redis.RedisProperties' of type [org.springframework.boot.autoconfigure.data.redis.RedisProperties] is not eligible for getting processed by all BeanPostProcessors (for example: not eligible for auto-proxying)
2018-04-27 11:43:12.408  INFO 17944 --- [  restartedMain] trationDelegate$BeanPostProcessorChecker : Bean 'org.springframework.boot.autoconfigure.data.redis.LettuceConnectionConfiguration' of type [org.springframework.boot.autoconfigure.data.redis.LettuceConnectionConfiguration$$EnhancerBySpringCGLIB$$10dba351] is not eligible for getting processed by all BeanPostProcessors (for example: not eligible for auto-proxying)
2018-04-27 11:43:12.408  INFO 17944 --- [  restartedMain] trationDelegate$BeanPostProcessorChecker : Bean 'lettuceClientResources' of type [io.lettuce.core.resource.DefaultClientResources] is not eligible for getting processed by all BeanPostProcessors (for example: not eligible for auto-proxying)
2018-04-27 11:43:12.408  INFO 17944 --- [  restartedMain] trationDelegate$BeanPostProcessorChecker : Bean 'redisConnectionFactory' of type [org.springframework.data.redis.connection.lettuce.LettuceConnectionFactory] is not eligible for getting processed by all BeanPostProcessors (for example: not eligible for auto-proxying)
2018-04-27 11:43:12.408  INFO 17944 --- [  restartedMain] trationDelegate$BeanPostProcessorChecker : Bean 'redisTemplate' of type [org.springframework.data.redis.core.RedisTemplate] is not eligible for getting processed by all BeanPostProcessors (for example: not eligible for auto-proxying)
2018-04-27 11:43:12.424  INFO 17944 --- [  restartedMain] trationDelegate$BeanPostProcessorChecker : Bean 'stringRedisTemplate' of type [org.springframework.data.redis.core.StringRedisTemplate] is not eligible for getting processed by all BeanPostProcessors (for example: not eligible for auto-proxying)
2018-04-27 11:43:12.424  INFO 17944 --- [  restartedMain] trationDelegate$BeanPostProcessorChecker : Bean 'redisService' of type [com.atm.cache.redis.RedisService] is not eligible for getting processed by all BeanPostProcessors (for example: not eligible for auto-proxying)
2018-04-27 11:43:12.424  INFO 17944 --- [  restartedMain] trationDelegate$BeanPostProcessorChecker : Bean 'userRealm' of type [com.atm.shiro.UserRealm] is not eligible for getting processed by all BeanPostProcessors (for example: not eligible for auto-proxying)
2018-04-27 11:43:12.439  INFO 17944 --- [  restartedMain] trationDelegate$BeanPostProcessorChecker : Bean 'redisShiroSessionDao' of type [com.atm.shiro.RedisShiroSessionDao] is not eligible for getting processed by all BeanPostProcessors (for example: not eligible for auto-proxying)
2018-04-27 11:43:12.439  INFO 17944 --- [  restartedMain] trationDelegate$BeanPostProcessorChecker : Bean 'sessionManager' of type [org.apache.shiro.web.session.mgt.DefaultWebSessionManager] is not eligible for getting processed by all BeanPostProcessors (for example: not eligible for auto-proxying)
2018-04-27 11:43:12.455  INFO 17944 --- [  restartedMain] trationDelegate$BeanPostProcessorChecker : Bean 'securityManager' of type [org.apache.shiro.web.mgt.DefaultWebSecurityManager] is not eligible for getting processed by all BeanPostProcessors (for example: not eligible for auto-proxying)
2018-04-27 11:43:12.455  INFO 17944 --- [  restartedMain] trationDelegate$BeanPostProcessorChecker : Bean 'asyncTaskConfig' of type [com.atm.Async.AsyncTaskConfig$$EnhancerBySpringCGLIB$$e3dcfc] is not eligible for getting processed by all BeanPostProcessors (for example: not eligible for auto-proxying)
2018-04-27 11:43:12.455  INFO 17944 --- [  restartedMain] o.s.s.concurrent.ThreadPoolTaskExecutor  : Initializing ExecutorService 
2018-04-27 11:43:12.502  INFO 17944 --- [  restartedMain] trationDelegate$BeanPostProcessorChecker : Bean 'org.springframework.transaction.annotation.ProxyTransactionManagementConfiguration' of type [org.springframework.transaction.annotation.ProxyTransactionManagementConfiguration$$EnhancerBySpringCGLIB$$fbc1e507] is not eligible for getting processed by all BeanPostProcessors (for example: not eligible for auto-proxying)
2018-04-27 11:43:12.517  INFO 17944 --- [  restartedMain] trationDelegate$BeanPostProcessorChecker : Bean 'authorizationAttributeSourceAdvisor' of type [org.apache.shiro.spring.security.interceptor.AuthorizationAttributeSourceAdvisor] is not eligible for getting processed by all BeanPostProcessors (for example: not eligible for auto-proxying)
2018-04-27 11:43:12.814  INFO 17944 --- [  restartedMain] o.s.b.w.embedded.tomcat.TomcatWebServer  : Tomcat initialized with port(s): 8080 (http)
2018-04-27 11:43:12.830  INFO 17944 --- [  restartedMain] o.apache.catalina.core.StandardService   : Starting service [Tomcat]
2018-04-27 11:43:12.830  INFO 17944 --- [  restartedMain] org.apache.catalina.core.StandardEngine  : Starting Servlet Engine: Apache Tomcat/8.5.28
2018-04-27 11:43:12.908  INFO 17944 --- [ost-startStop-1] o.a.c.c.C.[Tomcat].[localhost].[/]       : Initializing Spring embedded WebApplicationContext
2018-04-27 11:43:12.922  INFO 17944 --- [ost-startStop-1] o.s.web.context.ContextLoader            : Root WebApplicationContext: initialization completed in 1922 ms
2018-04-27 11:43:13.094  INFO 17944 --- [ost-startStop-1] o.s.b.w.servlet.ServletRegistrationBean  : Servlet dispatcherServlet mapped to [/]
2018-04-27 11:43:13.094  INFO 17944 --- [ost-startStop-1] o.s.b.w.servlet.FilterRegistrationBean   : Mapping filter: 'characterEncodingFilter' to: [/*]
2018-04-27 11:43:13.109  INFO 17944 --- [ost-startStop-1] o.s.b.w.servlet.FilterRegistrationBean   : Mapping filter: 'hiddenHttpMethodFilter' to: [/*]
2018-04-27 11:43:13.109  INFO 17944 --- [ost-startStop-1] o.s.b.w.servlet.FilterRegistrationBean   : Mapping filter: 'httpPutFormContentFilter' to: [/*]
2018-04-27 11:43:13.109  INFO 17944 --- [ost-startStop-1] o.s.b.w.servlet.FilterRegistrationBean   : Mapping filter: 'requestContextFilter' to: [/*]
2018-04-27 11:43:13.109  INFO 17944 --- [ost-startStop-1] o.s.b.w.servlet.FilterRegistrationBean   : Mapping filter: 'kickoutSessionControlFilter' to: [/*]
2018-04-27 11:43:13.109  INFO 17944 --- [ost-startStop-1] o.s.b.w.servlet.FilterRegistrationBean   : Mapping filter: 'shiroFilter' to: [/*]
2018-04-27 11:43:13.828  INFO 17944 --- [  restartedMain] s.w.s.m.m.a.RequestMappingHandlerAdapter : Looking for @ControllerAdvice: org.springframework.boot.web.servlet.context.AnnotationConfigServletWebServerApplicationContext@5a90829f: startup date [Fri Apr 27 11:43:11 CST 2018]; root of context hierarchy
2018-04-27 11:43:13.891  INFO 17944 --- [  restartedMain] s.w.s.m.m.a.RequestMappingHandlerMapping : Mapped "{[/account/update],methods=[POST]}" onto public com.atm.dto.ResultMap com.atm.controller.AccountController.update(com.atm.entity.Account)
2018-04-27 11:43:13.891  INFO 17944 --- [  restartedMain] s.w.s.m.m.a.RequestMappingHandlerMapping : Mapped "{[/account/list],methods=[GET]}" onto public com.atm.dto.ResultMap com.atm.controller.AccountController.list(java.util.Map<java.lang.String, java.lang.Object>)
2018-04-27 11:43:13.891  INFO 17944 --- [  restartedMain] s.w.s.m.m.a.RequestMappingHandlerMapping : Mapped "{[/account/info/{aid}],methods=[GET]}" onto public com.atm.dto.ResultMap com.atm.controller.AccountController.info(java.lang.Integer)
2018-04-27 11:43:13.891  INFO 17944 --- [  restartedMain] s.w.s.m.m.a.RequestMappingHandlerMapping : Mapped "{[/card/update],methods=[PUT]}" onto public com.atm.dto.ResultMap com.atm.controller.CardController.update(com.atm.entity.Card)
2018-04-27 11:43:13.891  INFO 17944 --- [  restartedMain] s.w.s.m.m.a.RequestMappingHandlerMapping : Mapped "{[/card/list],methods=[GET]}" onto public com.atm.dto.ResultMap com.atm.controller.CardController.list(java.util.Map<java.lang.String, java.lang.Object>)
2018-04-27 11:43:13.891  INFO 17944 --- [  restartedMain] s.w.s.m.m.a.RequestMappingHandlerMapping : Mapped "{[/card/info/{cardid}],methods=[GET]}" onto public com.atm.dto.ResultMap com.atm.controller.CardController.info(java.lang.Integer)
2018-04-27 11:43:13.906  INFO 17944 --- [  restartedMain] s.w.s.m.m.a.RequestMappingHandlerMapping : Mapped "{[/deposit/list],methods=[GET]}" onto public com.atm.dto.ResultMap com.atm.controller.DepositController.list(java.util.Map<java.lang.String, java.lang.Object>)
2018-04-27 11:43:13.906  INFO 17944 --- [  restartedMain] s.w.s.m.m.a.RequestMappingHandlerMapping : Mapped "{[/deposit/save],methods=[POST]}" onto public com.atm.dto.ResultMap com.atm.controller.DepositController.save(java.lang.String)
2018-04-27 11:43:13.906  INFO 17944 --- [  restartedMain] s.w.s.m.m.a.RequestMappingHandlerMapping : Mapped "{[/deposit/info/{id}],methods=[GET]}" onto public com.atm.dto.ResultMap com.atm.controller.DepositController.info(java.lang.Integer)
2018-04-27 11:43:13.906  INFO 17944 --- [  restartedMain] s.w.s.m.m.a.RequestMappingHandlerMapping : Mapped "{[/deposit/listTop/{aid}],methods=[GET]}" onto public com.atm.dto.ResultMap com.atm.controller.DepositController.listTop(java.lang.Integer)
2018-04-27 11:43:13.906  INFO 17944 --- [  restartedMain] s.w.s.m.m.a.RequestMappingHandlerMapping : Mapped "{[/freemaker]}" onto public org.springframework.web.servlet.ModelAndView com.atm.controller.FreemakerController.say(org.springframework.ui.Model)
2018-04-27 11:43:13.906  INFO 17944 --- [  restartedMain] s.w.s.m.m.a.RequestMappingHandlerMapping : Mapped "{[/hello],methods=[GET]}" onto public java.lang.String com.atm.controller.FreemakerController.getHello()
2018-04-27 11:43:13.906  INFO 17944 --- [  restartedMain] s.w.s.m.m.a.RequestMappingHandlerMapping : Mapped "{[/saveAccount],methods=[POST]}" onto public com.atm.dto.ResultMap com.atm.controller.PageController.save(com.atm.entity.Account)
2018-04-27 11:43:13.906  INFO 17944 --- [  restartedMain] s.w.s.m.m.a.RequestMappingHandlerMapping : Mapped "{[/home]}" onto public org.springframework.web.servlet.ModelAndView com.atm.controller.PageController.home()
2018-04-27 11:43:13.906  INFO 17944 --- [  restartedMain] s.w.s.m.m.a.RequestMappingHandlerMapping : Mapped "{[/login.jhtml]}" onto public org.springframework.web.servlet.ModelAndView com.atm.controller.PageController.login()
2018-04-27 11:43:13.906  INFO 17944 --- [  restartedMain] s.w.s.m.m.a.RequestMappingHandlerMapping : Mapped "{[/module/{htmlName}]}" onto public java.lang.String com.atm.controller.PageController.showPage(javax.servlet.http.HttpServletRequest,java.lang.String)
2018-04-27 11:43:13.906  INFO 17944 --- [  restartedMain] s.w.s.m.m.a.RequestMappingHandlerMapping : Mapped "{[/Sign_in],methods=[POST]}" onto public com.atm.dto.ResultMap com.atm.controller.PageController.Sign_in(com.atm.entity.Account)
2018-04-27 11:43:13.906  INFO 17944 --- [  restartedMain] s.w.s.m.m.a.RequestMappingHandlerMapping : Mapped "{[/testRole]}" onto public java.lang.String com.atm.controller.PageController.testRole()
2018-04-27 11:43:13.906  INFO 17944 --- [  restartedMain] s.w.s.m.m.a.RequestMappingHandlerMapping : Mapped "{[/logout],methods=[GET]}" onto public java.lang.String com.atm.controller.PageController.logout()
2018-04-27 11:43:13.906  INFO 17944 --- [  restartedMain] s.w.s.m.m.a.RequestMappingHandlerMapping : Mapped "{[/unauthorizedurl.jhtml]}" onto public java.lang.String com.atm.controller.PageController.unauthorizedurl()
2018-04-27 11:43:13.906  INFO 17944 --- [  restartedMain] s.w.s.m.m.a.RequestMappingHandlerMapping : Mapped "{[/listCard]}" onto public java.util.List<com.atm.entity.Card> com.atm.controller.PageController.listCard()
2018-04-27 11:43:13.906  INFO 17944 --- [  restartedMain] s.w.s.m.m.a.RequestMappingHandlerMapping : Mapped "{[/transfer/toTransfer]}" onto public com.atm.dto.ResultMap com.atm.controller.TransferController.transferAsyncTask(java.lang.String)
2018-04-27 11:43:13.906  INFO 17944 --- [  restartedMain] s.w.s.m.m.a.RequestMappingHandlerMapping : Mapped "{[/transfer/listTop/{senderid}],methods=[GET]}" onto public com.atm.dto.ResultMap com.atm.controller.TransferController.listTop(java.lang.Integer)
2018-04-27 11:43:13.906  INFO 17944 --- [  restartedMain] s.w.s.m.m.a.RequestMappingHandlerMapping : Mapped "{[/User/update]}" onto public com.atm.dto.ResultMap com.atm.controller.UserController.update(com.atm.entity.User)
2018-04-27 11:43:13.906  INFO 17944 --- [  restartedMain] s.w.s.m.m.a.RequestMappingHandlerMapping : Mapped "{[/User/list]}" onto public com.atm.dto.ResultMap com.atm.controller.UserController.list(java.util.Map<java.lang.String, java.lang.Object>)
2018-04-27 11:43:13.906  INFO 17944 --- [  restartedMain] s.w.s.m.m.a.RequestMappingHandlerMapping : Mapped "{[/User/info/{userid}]}" onto public com.atm.dto.ResultMap com.atm.controller.UserController.info(java.lang.Integer)
2018-04-27 11:43:13.922  INFO 17944 --- [  restartedMain] s.w.s.m.m.a.RequestMappingHandlerMapping : Mapped "{[/withdraw/list],methods=[GET]}" onto public com.atm.dto.ResultMap com.atm.controller.WithdrawController.list(java.util.Map<java.lang.String, java.lang.Object>)
2018-04-27 11:43:13.922  INFO 17944 --- [  restartedMain] s.w.s.m.m.a.RequestMappingHandlerMapping : Mapped "{[/withdraw/save],methods=[POST]}" onto public com.atm.dto.ResultMap com.atm.controller.WithdrawController.save(java.lang.String)
2018-04-27 11:43:13.922  INFO 17944 --- [  restartedMain] s.w.s.m.m.a.RequestMappingHandlerMapping : Mapped "{[/withdraw/info/{id}],methods=[GET]}" onto public com.atm.dto.ResultMap com.atm.controller.WithdrawController.info(java.lang.Integer)
2018-04-27 11:43:13.922  INFO 17944 --- [  restartedMain] s.w.s.m.m.a.RequestMappingHandlerMapping : Mapped "{[/withdraw/listTop/{aid}],methods=[GET]}" onto public com.atm.dto.ResultMap com.atm.controller.WithdrawController.listTop(java.lang.Integer)
2018-04-27 11:43:13.933  INFO 17944 --- [  restartedMain] s.w.s.m.m.a.RequestMappingHandlerMapping : Mapped "{[/error]}" onto public org.springframework.http.ResponseEntity<java.util.Map<java.lang.String, java.lang.Object>> org.springframework.boot.autoconfigure.web.servlet.error.BasicErrorController.error(javax.servlet.http.HttpServletRequest)
2018-04-27 11:43:13.934  INFO 17944 --- [  restartedMain] s.w.s.m.m.a.RequestMappingHandlerMapping : Mapped "{[/error],produces=[text/html]}" onto public org.springframework.web.servlet.ModelAndView org.springframework.boot.autoconfigure.web.servlet.error.BasicErrorController.errorHtml(javax.servlet.http.HttpServletRequest,javax.servlet.http.HttpServletResponse)
2018-04-27 11:43:14.068  INFO 17944 --- [  restartedMain] o.s.w.s.handler.SimpleUrlHandlerMapping  : Mapped URL path [/webjars/**] onto handler of type [class org.springframework.web.servlet.resource.ResourceHttpRequestHandler]
2018-04-27 11:43:14.068  INFO 17944 --- [  restartedMain] o.s.w.s.handler.SimpleUrlHandlerMapping  : Mapped URL path [/static/**] onto handler of type [class org.springframework.web.servlet.resource.ResourceHttpRequestHandler]
2018-04-27 11:43:14.146  INFO 17944 --- [  restartedMain] .m.m.a.ExceptionHandlerExceptionResolver : Detected @ExceptionHandler methods in RRExceptionHandler
2018-04-27 11:43:14.209  INFO 17944 --- [  restartedMain] o.s.w.s.handler.SimpleUrlHandlerMapping  : Mapped URL path [/**/favicon.ico] onto handler of type [class org.springframework.web.servlet.resource.ResourceHttpRequestHandler]
2018-04-27 11:43:14.475  INFO 17944 --- [  restartedMain] o.s.w.s.v.f.FreeMarkerConfigurer         : ClassTemplateLoader for Spring macros added to FreeMarker configuration
2018-04-27 11:43:15.865  INFO 17944 --- [  restartedMain] o.s.b.d.a.OptionalLiveReloadServer       : LiveReload server is running on port 35729
2018-04-27 11:43:15.941  INFO 17944 --- [  restartedMain] o.s.j.e.a.AnnotationMBeanExporter        : Registering beans for JMX exposure on startup
2018-04-27 11:43:15.957  INFO 17944 --- [  restartedMain] o.s.j.e.a.AnnotationMBeanExporter        : Bean with name 'dataSource' has been autodetected for JMX exposure
2018-04-27 11:43:15.957  INFO 17944 --- [  restartedMain] o.s.j.e.a.AnnotationMBeanExporter        : Located MBean 'dataSource': registering with JMX server as MBean [com.alibaba.druid.pool:name=dataSource,type=DruidDataSource]
2018-04-27 11:43:15.957  INFO 17944 --- [  restartedMain] o.s.c.support.DefaultLifecycleProcessor  : Starting beans in phase 2147483647
2018-04-27 11:43:15.988  INFO 17944 --- [  restartedMain] o.s.b.w.embedded.tomcat.TomcatWebServer  : Tomcat started on port(s): 8080 (http) with context path ''
2018-04-27 11:43:15.988  INFO 17944 --- [  restartedMain] com.atm.SpringBootStartApplication       : Started SpringBootStartApplication in 5.16 seconds (JVM running for 1976.162)
2018-04-27 11:43:16.004  INFO 17944 --- [  restartedMain] .ConditionEvaluationDeltaLoggingListener : Condition evaluation unchanged
2018-04-27 11:43:24.910  INFO 17944 --- [io-8080-exec-10] o.a.c.c.C.[Tomcat].[localhost].[/]       : Initializing Spring FrameworkServlet 'dispatcherServlet'
2018-04-27 11:43:24.910  INFO 17944 --- [io-8080-exec-10] o.s.web.servlet.DispatcherServlet        : FrameworkServlet 'dispatcherServlet': initialization started
2018-04-27 11:43:24.924  INFO 17944 --- [io-8080-exec-10] o.s.web.servlet.DispatcherServlet        : FrameworkServlet 'dispatcherServlet': initialization completed in 14 ms
2018-04-27 11:43:24.924  INFO 17944 --- [io-8080-exec-10] a.s.s.m.AbstractValidatingSessionManager : Enabling session validation scheduler...
2018-04-27 11:43:32.200  INFO 17944 --- [nio-8080-exec-9] com.alibaba.druid.pool.DruidDataSource   : {dataSource-2} inited
2018-04-27 11:51:38.877  INFO 17944 --- [      Thread-12] ConfigServletWebServerApplicationContext : Closing org.springframework.boot.web.servlet.context.AnnotationConfigServletWebServerApplicationContext@5a90829f: startup date [Fri Apr 27 11:43:11 CST 2018]; root of context hierarchy
2018-04-27 11:51:38.892  INFO 17944 --- [      Thread-12] o.s.c.support.DefaultLifecycleProcessor  : Stopping beans in phase 2147483647
2018-04-27 11:51:38.893  INFO 17944 --- [      Thread-12] o.s.j.e.a.AnnotationMBeanExporter        : Unregistering JMX-exposed beans on shutdown
2018-04-27 11:51:38.893  INFO 17944 --- [      Thread-12] o.s.j.e.a.AnnotationMBeanExporter        : Unregistering JMX-exposed beans
2018-04-27 11:51:38.893  INFO 17944 --- [      Thread-12] a.s.s.m.AbstractValidatingSessionManager : Disabled session validation scheduler.
2018-04-27 11:51:40.003  INFO 17944 --- [      Thread-12] com.alibaba.druid.pool.DruidDataSource   : {dataSource-2} closed
2018-04-27 11:51:40.635  INFO 17944 --- [  restartedMain] com.atm.SpringBootStartApplication       : Starting SpringBootStartApplication on DESKTOP-8J9M5H4 with PID 17944 (started by chenyihui in D:\Java web\atm)
2018-04-27 11:51:40.635  INFO 17944 --- [  restartedMain] com.atm.SpringBootStartApplication       : No active profile set, falling back to default profiles: default
2018-04-27 11:51:40.651  INFO 17944 --- [  restartedMain] ConfigServletWebServerApplicationContext : Refreshing org.springframework.boot.web.servlet.context.AnnotationConfigServletWebServerApplicationContext@58290579: startup date [Fri Apr 27 11:51:40 CST 2018]; root of context hierarchy
2018-04-27 11:51:41.620  INFO 17944 --- [  restartedMain] .s.d.r.c.RepositoryConfigurationDelegate : Multiple Spring Data modules found, entering strict repository configuration mode!
2018-04-27 11:51:41.720  INFO 17944 --- [  restartedMain] trationDelegate$BeanPostProcessorChecker : Bean 'shiroConfig' of type [com.atm.config.ShiroConfig$$EnhancerBySpringCGLIB$$1cac6814] is not eligible for getting processed by all BeanPostProcessors (for example: not eligible for auto-proxying)
2018-04-27 11:51:41.767  INFO 17944 --- [  restartedMain] trationDelegate$BeanPostProcessorChecker : Bean 'org.springframework.boot.context.properties.ConversionServiceDeducer$Factory' of type [org.springframework.boot.context.properties.ConversionServiceDeducer$Factory] is not eligible for getting processed by all BeanPostProcessors (for example: not eligible for auto-proxying)
2018-04-27 11:51:41.782  INFO 17944 --- [  restartedMain] trationDelegate$BeanPostProcessorChecker : Bean 'mybatis-org.mybatis.spring.boot.autoconfigure.MybatisProperties' of type [org.mybatis.spring.boot.autoconfigure.MybatisProperties] is not eligible for getting processed by all BeanPostProcessors (for example: not eligible for auto-proxying)
2018-04-27 11:51:41.782  INFO 17944 --- [  restartedMain] trationDelegate$BeanPostProcessorChecker : Bean 'org.mybatis.spring.boot.autoconfigure.MybatisAutoConfiguration' of type [org.mybatis.spring.boot.autoconfigure.MybatisAutoConfiguration$$EnhancerBySpringCGLIB$$2e963637] is not eligible for getting processed by all BeanPostProcessors (for example: not eligible for auto-proxying)
2018-04-27 11:51:41.782  INFO 17944 --- [  restartedMain] trationDelegate$BeanPostProcessorChecker : Bean 'org.springframework.boot.autoconfigure.jdbc.DataSourceConfiguration$Generic' of type [org.springframework.boot.autoconfigure.jdbc.DataSourceConfiguration$Generic] is not eligible for getting processed by all BeanPostProcessors (for example: not eligible for auto-proxying)
2018-04-27 11:51:41.798  INFO 17944 --- [  restartedMain] trationDelegate$BeanPostProcessorChecker : Bean 'spring.datasource-org.springframework.boot.autoconfigure.jdbc.DataSourceProperties' of type [org.springframework.boot.autoconfigure.jdbc.DataSourceProperties] is not eligible for getting processed by all BeanPostProcessors (for example: not eligible for auto-proxying)
2018-04-27 11:51:41.814  INFO 17944 --- [  restartedMain] trationDelegate$BeanPostProcessorChecker : Bean 'dataSource' of type [com.alibaba.druid.pool.DruidDataSource] is not eligible for getting processed by all BeanPostProcessors (for example: not eligible for auto-proxying)
2018-04-27 11:51:41.954  INFO 17944 --- [  restartedMain] trationDelegate$BeanPostProcessorChecker : Bean 'sqlSessionFactory' of type [org.apache.ibatis.session.defaults.DefaultSqlSessionFactory] is not eligible for getting processed by all BeanPostProcessors (for example: not eligible for auto-proxying)
2018-04-27 11:51:41.954  INFO 17944 --- [  restartedMain] trationDelegate$BeanPostProcessorChecker : Bean 'sqlSessionTemplate' of type [org.mybatis.spring.SqlSessionTemplate] is not eligible for getting processed by all BeanPostProcessors (for example: not eligible for auto-proxying)
2018-04-27 11:51:41.954  INFO 17944 --- [  restartedMain] trationDelegate$BeanPostProcessorChecker : Bean 'accountMapper' of type [org.mybatis.spring.mapper.MapperFactoryBean] is not eligible for getting processed by all BeanPostProcessors (for example: not eligible for auto-proxying)
2018-04-27 11:51:41.970  INFO 17944 --- [  restartedMain] trationDelegate$BeanPostProcessorChecker : Bean 'accountMapper' of type [com.sun.proxy.$Proxy118] is not eligible for getting processed by all BeanPostProcessors (for example: not eligible for auto-proxying)
2018-04-27 11:51:41.970  INFO 17944 --- [  restartedMain] trationDelegate$BeanPostProcessorChecker : Bean 'accountServiceImpl' of type [com.atm.service.impl.AccountServiceImpl] is not eligible for getting processed by all BeanPostProcessors (for example: not eligible for auto-proxying)
2018-04-27 11:51:41.970  INFO 17944 --- [  restartedMain] trationDelegate$BeanPostProcessorChecker : Bean 'userMapper' of type [org.mybatis.spring.mapper.MapperFactoryBean] is not eligible for getting processed by all BeanPostProcessors (for example: not eligible for auto-proxying)
2018-04-27 11:51:41.970  INFO 17944 --- [  restartedMain] trationDelegate$BeanPostProcessorChecker : Bean 'userMapper' of type [com.sun.proxy.$Proxy119] is not eligible for getting processed by all BeanPostProcessors (for example: not eligible for auto-proxying)
2018-04-27 11:51:41.970  INFO 17944 --- [  restartedMain] trationDelegate$BeanPostProcessorChecker : Bean 'userServiceImpl' of type [com.atm.service.impl.UserServiceImpl] is not eligible for getting processed by all BeanPostProcessors (for example: not eligible for auto-proxying)
2018-04-27 11:51:41.986  INFO 17944 --- [  restartedMain] trationDelegate$BeanPostProcessorChecker : Bean 'org.springframework.boot.autoconfigure.data.redis.RedisAutoConfiguration' of type [org.springframework.boot.autoconfigure.data.redis.RedisAutoConfiguration$$EnhancerBySpringCGLIB$$f1591043] is not eligible for getting processed by all BeanPostProcessors (for example: not eligible for auto-proxying)
2018-04-27 11:51:41.986  INFO 17944 --- [  restartedMain] trationDelegate$BeanPostProcessorChecker : Bean 'spring.redis-org.springframework.boot.autoconfigure.data.redis.RedisProperties' of type [org.springframework.boot.autoconfigure.data.redis.RedisProperties] is not eligible for getting processed by all BeanPostProcessors (for example: not eligible for auto-proxying)
2018-04-27 11:51:42.001  INFO 17944 --- [  restartedMain] trationDelegate$BeanPostProcessorChecker : Bean 'org.springframework.boot.autoconfigure.data.redis.LettuceConnectionConfiguration' of type [org.springframework.boot.autoconfigure.data.redis.LettuceConnectionConfiguration$$EnhancerBySpringCGLIB$$10dba351] is not eligible for getting processed by all BeanPostProcessors (for example: not eligible for auto-proxying)
2018-04-27 11:51:42.001  INFO 17944 --- [  restartedMain] trationDelegate$BeanPostProcessorChecker : Bean 'lettuceClientResources' of type [io.lettuce.core.resource.DefaultClientResources] is not eligible for getting processed by all BeanPostProcessors (for example: not eligible for auto-proxying)
2018-04-27 11:51:42.001  INFO 17944 --- [  restartedMain] trationDelegate$BeanPostProcessorChecker : Bean 'redisConnectionFactory' of type [org.springframework.data.redis.connection.lettuce.LettuceConnectionFactory] is not eligible for getting processed by all BeanPostProcessors (for example: not eligible for auto-proxying)
2018-04-27 11:51:42.001  INFO 17944 --- [  restartedMain] trationDelegate$BeanPostProcessorChecker : Bean 'redisTemplate' of type [org.springframework.data.redis.core.RedisTemplate] is not eligible for getting processed by all BeanPostProcessors (for example: not eligible for auto-proxying)
2018-04-27 11:51:42.032  INFO 17944 --- [  restartedMain] trationDelegate$BeanPostProcessorChecker : Bean 'stringRedisTemplate' of type [org.springframework.data.redis.core.StringRedisTemplate] is not eligible for getting processed by all BeanPostProcessors (for example: not eligible for auto-proxying)
2018-04-27 11:51:42.032  INFO 17944 --- [  restartedMain] trationDelegate$BeanPostProcessorChecker : Bean 'redisService' of type [com.atm.cache.redis.RedisService] is not eligible for getting processed by all BeanPostProcessors (for example: not eligible for auto-proxying)
2018-04-27 11:51:42.032  INFO 17944 --- [  restartedMain] trationDelegate$BeanPostProcessorChecker : Bean 'userRealm' of type [com.atm.shiro.UserRealm] is not eligible for getting processed by all BeanPostProcessors (for example: not eligible for auto-proxying)
2018-04-27 11:51:42.048  INFO 17944 --- [  restartedMain] trationDelegate$BeanPostProcessorChecker : Bean 'redisShiroSessionDao' of type [com.atm.shiro.RedisShiroSessionDao] is not eligible for getting processed by all BeanPostProcessors (for example: not eligible for auto-proxying)
2018-04-27 11:51:42.048  INFO 17944 --- [  restartedMain] trationDelegate$BeanPostProcessorChecker : Bean 'sessionManager' of type [org.apache.shiro.web.session.mgt.DefaultWebSessionManager] is not eligible for getting processed by all BeanPostProcessors (for example: not eligible for auto-proxying)
2018-04-27 11:51:42.048  INFO 17944 --- [  restartedMain] trationDelegate$BeanPostProcessorChecker : Bean 'securityManager' of type [org.apache.shiro.web.mgt.DefaultWebSecurityManager] is not eligible for getting processed by all BeanPostProcessors (for example: not eligible for auto-proxying)
2018-04-27 11:51:42.048  INFO 17944 --- [  restartedMain] trationDelegate$BeanPostProcessorChecker : Bean 'asyncTaskConfig' of type [com.atm.Async.AsyncTaskConfig$$EnhancerBySpringCGLIB$$e3dcfc] is not eligible for getting processed by all BeanPostProcessors (for example: not eligible for auto-proxying)
2018-04-27 11:51:42.064  INFO 17944 --- [  restartedMain] o.s.s.concurrent.ThreadPoolTaskExecutor  : Initializing ExecutorService 
2018-04-27 11:51:42.095  INFO 17944 --- [  restartedMain] trationDelegate$BeanPostProcessorChecker : Bean 'org.springframework.transaction.annotation.ProxyTransactionManagementConfiguration' of type [org.springframework.transaction.annotation.ProxyTransactionManagementConfiguration$$EnhancerBySpringCGLIB$$fbc1e507] is not eligible for getting processed by all BeanPostProcessors (for example: not eligible for auto-proxying)
2018-04-27 11:51:42.095  INFO 17944 --- [  restartedMain] trationDelegate$BeanPostProcessorChecker : Bean 'authorizationAttributeSourceAdvisor' of type [org.apache.shiro.spring.security.interceptor.AuthorizationAttributeSourceAdvisor] is not eligible for getting processed by all BeanPostProcessors (for example: not eligible for auto-proxying)
2018-04-27 11:51:42.314  INFO 17944 --- [  restartedMain] o.s.b.w.embedded.tomcat.TomcatWebServer  : Tomcat initialized with port(s): 8080 (http)
2018-04-27 11:51:42.314  INFO 17944 --- [  restartedMain] o.apache.catalina.core.StandardService   : Starting service [Tomcat]
2018-04-27 11:51:42.314  INFO 17944 --- [  restartedMain] org.apache.catalina.core.StandardEngine  : Starting Servlet Engine: Apache Tomcat/8.5.28
2018-04-27 11:51:42.361  INFO 17944 --- [ost-startStop-1] o.a.c.c.C.[Tomcat].[localhost].[/]       : Initializing Spring embedded WebApplicationContext
2018-04-27 11:51:42.361  INFO 17944 --- [ost-startStop-1] o.s.web.context.ContextLoader            : Root WebApplicationContext: initialization completed in 1710 ms
2018-04-27 11:51:42.486  INFO 17944 --- [ost-startStop-1] o.s.b.w.servlet.ServletRegistrationBean  : Servlet dispatcherServlet mapped to [/]
2018-04-27 11:51:42.486  INFO 17944 --- [ost-startStop-1] o.s.b.w.servlet.FilterRegistrationBean   : Mapping filter: 'characterEncodingFilter' to: [/*]
2018-04-27 11:51:42.486  INFO 17944 --- [ost-startStop-1] o.s.b.w.servlet.FilterRegistrationBean   : Mapping filter: 'hiddenHttpMethodFilter' to: [/*]
2018-04-27 11:51:42.486  INFO 17944 --- [ost-startStop-1] o.s.b.w.servlet.FilterRegistrationBean   : Mapping filter: 'httpPutFormContentFilter' to: [/*]
2018-04-27 11:51:42.486  INFO 17944 --- [ost-startStop-1] o.s.b.w.servlet.FilterRegistrationBean   : Mapping filter: 'requestContextFilter' to: [/*]
2018-04-27 11:51:42.486  INFO 17944 --- [ost-startStop-1] o.s.b.w.servlet.FilterRegistrationBean   : Mapping filter: 'kickoutSessionControlFilter' to: [/*]
2018-04-27 11:51:42.486  INFO 17944 --- [ost-startStop-1] o.s.b.w.servlet.FilterRegistrationBean   : Mapping filter: 'shiroFilter' to: [/*]
2018-04-27 11:51:43.157  INFO 17944 --- [  restartedMain] s.w.s.m.m.a.RequestMappingHandlerAdapter : Looking for @ControllerAdvice: org.springframework.boot.web.servlet.context.AnnotationConfigServletWebServerApplicationContext@58290579: startup date [Fri Apr 27 11:51:40 CST 2018]; root of context hierarchy
2018-04-27 11:51:43.237  INFO 17944 --- [  restartedMain] s.w.s.m.m.a.RequestMappingHandlerMapping : Mapped "{[/account/update],methods=[POST]}" onto public com.atm.dto.ResultMap com.atm.controller.AccountController.update(com.atm.entity.Account)
2018-04-27 11:51:43.237  INFO 17944 --- [  restartedMain] s.w.s.m.m.a.RequestMappingHandlerMapping : Mapped "{[/account/list],methods=[GET]}" onto public com.atm.dto.ResultMap com.atm.controller.AccountController.list(java.util.Map<java.lang.String, java.lang.Object>)
2018-04-27 11:51:43.237  INFO 17944 --- [  restartedMain] s.w.s.m.m.a.RequestMappingHandlerMapping : Mapped "{[/account/info/{aid}],methods=[GET]}" onto public com.atm.dto.ResultMap com.atm.controller.AccountController.info(java.lang.Integer)
2018-04-27 11:51:43.252  INFO 17944 --- [  restartedMain] s.w.s.m.m.a.RequestMappingHandlerMapping : Mapped "{[/card/update],methods=[PUT]}" onto public com.atm.dto.ResultMap com.atm.controller.CardController.update(com.atm.entity.Card)
2018-04-27 11:51:43.252  INFO 17944 --- [  restartedMain] s.w.s.m.m.a.RequestMappingHandlerMapping : Mapped "{[/card/list],methods=[GET]}" onto public com.atm.dto.ResultMap com.atm.controller.CardController.list(java.util.Map<java.lang.String, java.lang.Object>)
2018-04-27 11:51:43.252  INFO 17944 --- [  restartedMain] s.w.s.m.m.a.RequestMappingHandlerMapping : Mapped "{[/card/info/{cardid}],methods=[GET]}" onto public com.atm.dto.ResultMap com.atm.controller.CardController.info(java.lang.Integer)
2018-04-27 11:51:43.252  INFO 17944 --- [  restartedMain] s.w.s.m.m.a.RequestMappingHandlerMapping : Mapped "{[/deposit/list],methods=[GET]}" onto public com.atm.dto.ResultMap com.atm.controller.DepositController.list(java.util.Map<java.lang.String, java.lang.Object>)
2018-04-27 11:51:43.252  INFO 17944 --- [  restartedMain] s.w.s.m.m.a.RequestMappingHandlerMapping : Mapped "{[/deposit/save],methods=[POST]}" onto public com.atm.dto.ResultMap com.atm.controller.DepositController.save(java.lang.String)
2018-04-27 11:51:43.252  INFO 17944 --- [  restartedMain] s.w.s.m.m.a.RequestMappingHandlerMapping : Mapped "{[/deposit/info/{id}],methods=[GET]}" onto public com.atm.dto.ResultMap com.atm.controller.DepositController.info(java.lang.Integer)
2018-04-27 11:51:43.252  INFO 17944 --- [  restartedMain] s.w.s.m.m.a.RequestMappingHandlerMapping : Mapped "{[/deposit/listTop/{aid}],methods=[GET]}" onto public com.atm.dto.ResultMap com.atm.controller.DepositController.listTop(java.lang.Integer)
2018-04-27 11:51:43.252  INFO 17944 --- [  restartedMain] s.w.s.m.m.a.RequestMappingHandlerMapping : Mapped "{[/freemaker]}" onto public org.springframework.web.servlet.ModelAndView com.atm.controller.FreemakerController.say(org.springframework.ui.Model)
2018-04-27 11:51:43.252  INFO 17944 --- [  restartedMain] s.w.s.m.m.a.RequestMappingHandlerMapping : Mapped "{[/hello],methods=[GET]}" onto public java.lang.String com.atm.controller.FreemakerController.getHello()
2018-04-27 11:51:43.252  INFO 17944 --- [  restartedMain] s.w.s.m.m.a.RequestMappingHandlerMapping : Mapped "{[/saveAccount],methods=[POST]}" onto public com.atm.dto.ResultMap com.atm.controller.PageController.save(com.atm.entity.Account)
2018-04-27 11:51:43.252  INFO 17944 --- [  restartedMain] s.w.s.m.m.a.RequestMappingHandlerMapping : Mapped "{[/home]}" onto public org.springframework.web.servlet.ModelAndView com.atm.controller.PageController.home()
2018-04-27 11:51:43.252  INFO 17944 --- [  restartedMain] s.w.s.m.m.a.RequestMappingHandlerMapping : Mapped "{[/login.jhtml]}" onto public org.springframework.web.servlet.ModelAndView com.atm.controller.PageController.login()
2018-04-27 11:51:43.252  INFO 17944 --- [  restartedMain] s.w.s.m.m.a.RequestMappingHandlerMapping : Mapped "{[/module/{htmlName}]}" onto public java.lang.String com.atm.controller.PageController.showPage(javax.servlet.http.HttpServletRequest,java.lang.String)
2018-04-27 11:51:43.252  INFO 17944 --- [  restartedMain] s.w.s.m.m.a.RequestMappingHandlerMapping : Mapped "{[/Sign_in],methods=[POST]}" onto public com.atm.dto.ResultMap com.atm.controller.PageController.Sign_in(com.atm.entity.Account)
2018-04-27 11:51:43.252  INFO 17944 --- [  restartedMain] s.w.s.m.m.a.RequestMappingHandlerMapping : Mapped "{[/testRole]}" onto public java.lang.String com.atm.controller.PageController.testRole()
2018-04-27 11:51:43.252  INFO 17944 --- [  restartedMain] s.w.s.m.m.a.RequestMappingHandlerMapping : Mapped "{[/logout],methods=[GET]}" onto public java.lang.String com.atm.controller.PageController.logout()
2018-04-27 11:51:43.252  INFO 17944 --- [  restartedMain] s.w.s.m.m.a.RequestMappingHandlerMapping : Mapped "{[/unauthorizedurl.jhtml]}" onto public java.lang.String com.atm.controller.PageController.unauthorizedurl()
2018-04-27 11:51:43.252  INFO 17944 --- [  restartedMain] s.w.s.m.m.a.RequestMappingHandlerMapping : Mapped "{[/listCard]}" onto public java.util.List<com.atm.entity.Card> com.atm.controller.PageController.listCard()
2018-04-27 11:51:43.252  INFO 17944 --- [  restartedMain] s.w.s.m.m.a.RequestMappingHandlerMapping : Mapped "{[/transfer/toTransfer]}" onto public com.atm.dto.ResultMap com.atm.controller.TransferController.transferAsyncTask(java.lang.String)
2018-04-27 11:51:43.252  INFO 17944 --- [  restartedMain] s.w.s.m.m.a.RequestMappingHandlerMapping : Mapped "{[/transfer/listTop/{senderid}],methods=[GET]}" onto public com.atm.dto.ResultMap com.atm.controller.TransferController.listTop(java.lang.Integer)
2018-04-27 11:51:43.252  INFO 17944 --- [  restartedMain] s.w.s.m.m.a.RequestMappingHandlerMapping : Mapped "{[/User/update]}" onto public com.atm.dto.ResultMap com.atm.controller.UserController.update(com.atm.entity.User)
2018-04-27 11:51:43.252  INFO 17944 --- [  restartedMain] s.w.s.m.m.a.RequestMappingHandlerMapping : Mapped "{[/User/list]}" onto public com.atm.dto.ResultMap com.atm.controller.UserController.list(java.util.Map<java.lang.String, java.lang.Object>)
2018-04-27 11:51:43.252  INFO 17944 --- [  restartedMain] s.w.s.m.m.a.RequestMappingHandlerMapping : Mapped "{[/User/info/{userid}]}" onto public com.atm.dto.ResultMap com.atm.controller.UserController.info(java.lang.Integer)
2018-04-27 11:51:43.268  INFO 17944 --- [  restartedMain] s.w.s.m.m.a.RequestMappingHandlerMapping : Mapped "{[/withdraw/list],methods=[GET]}" onto public com.atm.dto.ResultMap com.atm.controller.WithdrawController.list(java.util.Map<java.lang.String, java.lang.Object>)
2018-04-27 11:51:43.268  INFO 17944 --- [  restartedMain] s.w.s.m.m.a.RequestMappingHandlerMapping : Mapped "{[/withdraw/save],methods=[POST]}" onto public com.atm.dto.ResultMap com.atm.controller.WithdrawController.save(java.lang.String)
2018-04-27 11:51:43.268  INFO 17944 --- [  restartedMain] s.w.s.m.m.a.RequestMappingHandlerMapping : Mapped "{[/withdraw/info/{id}],methods=[GET]}" onto public com.atm.dto.ResultMap com.atm.controller.WithdrawController.info(java.lang.Integer)
2018-04-27 11:51:43.268  INFO 17944 --- [  restartedMain] s.w.s.m.m.a.RequestMappingHandlerMapping : Mapped "{[/withdraw/listTop/{aid}],methods=[GET]}" onto public com.atm.dto.ResultMap com.atm.controller.WithdrawController.listTop(java.lang.Integer)
2018-04-27 11:51:43.268  INFO 17944 --- [  restartedMain] s.w.s.m.m.a.RequestMappingHandlerMapping : Mapped "{[/error]}" onto public org.springframework.http.ResponseEntity<java.util.Map<java.lang.String, java.lang.Object>> org.springframework.boot.autoconfigure.web.servlet.error.BasicErrorController.error(javax.servlet.http.HttpServletRequest)
2018-04-27 11:51:43.268  INFO 17944 --- [  restartedMain] s.w.s.m.m.a.RequestMappingHandlerMapping : Mapped "{[/error],produces=[text/html]}" onto public org.springframework.web.servlet.ModelAndView org.springframework.boot.autoconfigure.web.servlet.error.BasicErrorController.errorHtml(javax.servlet.http.HttpServletRequest,javax.servlet.http.HttpServletResponse)
2018-04-27 11:51:43.424  INFO 17944 --- [  restartedMain] o.s.w.s.handler.SimpleUrlHandlerMapping  : Mapped URL path [/webjars/**] onto handler of type [class org.springframework.web.servlet.resource.ResourceHttpRequestHandler]
2018-04-27 11:51:43.424  INFO 17944 --- [  restartedMain] o.s.w.s.handler.SimpleUrlHandlerMapping  : Mapped URL path [/static/**] onto handler of type [class org.springframework.web.servlet.resource.ResourceHttpRequestHandler]
2018-04-27 11:51:43.518  INFO 17944 --- [  restartedMain] .m.m.a.ExceptionHandlerExceptionResolver : Detected @ExceptionHandler methods in RRExceptionHandler
2018-04-27 11:51:43.565  INFO 17944 --- [  restartedMain] o.s.w.s.handler.SimpleUrlHandlerMapping  : Mapped URL path [/**/favicon.ico] onto handler of type [class org.springframework.web.servlet.resource.ResourceHttpRequestHandler]
2018-04-27 11:51:43.752  INFO 17944 --- [  restartedMain] o.s.w.s.v.f.FreeMarkerConfigurer         : ClassTemplateLoader for Spring macros added to FreeMarker configuration
2018-04-27 11:51:44.784  INFO 17944 --- [  restartedMain] o.s.b.d.a.OptionalLiveReloadServer       : LiveReload server is running on port 35729
2018-04-27 11:51:44.877  INFO 17944 --- [  restartedMain] o.s.j.e.a.AnnotationMBeanExporter        : Registering beans for JMX exposure on startup
2018-04-27 11:51:44.877  INFO 17944 --- [  restartedMain] o.s.j.e.a.AnnotationMBeanExporter        : Bean with name 'dataSource' has been autodetected for JMX exposure
2018-04-27 11:51:44.877  INFO 17944 --- [  restartedMain] o.s.j.e.a.AnnotationMBeanExporter        : Located MBean 'dataSource': registering with JMX server as MBean [com.alibaba.druid.pool:name=dataSource,type=DruidDataSource]
2018-04-27 11:51:44.877  INFO 17944 --- [  restartedMain] o.s.c.support.DefaultLifecycleProcessor  : Starting beans in phase 2147483647
2018-04-27 11:51:44.909  INFO 17944 --- [  restartedMain] o.s.b.w.embedded.tomcat.TomcatWebServer  : Tomcat started on port(s): 8080 (http) with context path ''
2018-04-27 11:51:44.909  INFO 17944 --- [  restartedMain] com.atm.SpringBootStartApplication       : Started SpringBootStartApplication in 4.336 seconds (JVM running for 2485.078)
2018-04-27 11:51:44.909  INFO 17944 --- [  restartedMain] .ConditionEvaluationDeltaLoggingListener : Condition evaluation unchanged
