2018-04-08 00:06:15.773  INFO 16320 --- [io-8080-exec-10] o.a.c.c.C.[Tomcat].[localhost].[/]       : Initializing Spring FrameworkServlet 'dispatcherServlet'
2018-04-08 00:06:15.785  INFO 16320 --- [io-8080-exec-10] o.s.web.servlet.DispatcherServlet        : FrameworkServlet 'dispatcherServlet': initialization started
2018-04-08 00:06:15.800  INFO 16320 --- [io-8080-exec-10] o.s.web.servlet.DispatcherServlet        : FrameworkServlet 'dispatcherServlet': initialization completed in 15 ms
2018-04-08 00:06:15.800  INFO 16320 --- [io-8080-exec-10] a.s.s.m.AbstractValidatingSessionManager : Enabling session validation scheduler...
2018-04-08 00:06:15.816  INFO 16320 --- [io-8080-exec-10] com.alibaba.druid.pool.DruidDataSource   : {dataSource-2} inited
2018-04-08 08:07:25.618  INFO 17816 --- [  restartedMain] com.atm.SpringBootStartApplication       : Starting SpringBootStartApplication on DESKTOP-8J9M5H4 with PID 17816 (started by chenyihui in D:\Java web\atm)
2018-04-08 08:07:25.621  INFO 17816 --- [  restartedMain] com.atm.SpringBootStartApplication       : No active profile set, falling back to default profiles: default
2018-04-08 08:07:25.814  INFO 17816 --- [  restartedMain] ConfigServletWebServerApplicationContext : Refreshing org.springframework.boot.web.servlet.context.AnnotationConfigServletWebServerApplicationContext@34c8f16e: startup date [Sun Apr 08 08:07:25 CST 2018]; root of context hierarchy
2018-04-08 08:07:28.216  INFO 17816 --- [  restartedMain] .s.d.r.c.RepositoryConfigurationDelegate : Multiple Spring Data modules found, entering strict repository configuration mode!
2018-04-08 08:07:28.814  INFO 17816 --- [  restartedMain] trationDelegate$BeanPostProcessorChecker : Bean 'shiroConfig' of type [com.atm.config.ShiroConfig$$EnhancerBySpringCGLIB$$48572eb5] is not eligible for getting processed by all BeanPostProcessors (for example: not eligible for auto-proxying)
2018-04-08 08:07:28.939  INFO 17816 --- [  restartedMain] trationDelegate$BeanPostProcessorChecker : Bean 'org.springframework.boot.context.properties.ConversionServiceDeducer$Factory' of type [org.springframework.boot.context.properties.ConversionServiceDeducer$Factory] is not eligible for getting processed by all BeanPostProcessors (for example: not eligible for auto-proxying)
2018-04-08 08:07:28.961  INFO 17816 --- [  restartedMain] trationDelegate$BeanPostProcessorChecker : Bean 'mybatis-org.mybatis.spring.boot.autoconfigure.MybatisProperties' of type [org.mybatis.spring.boot.autoconfigure.MybatisProperties] is not eligible for getting processed by all BeanPostProcessors (for example: not eligible for auto-proxying)
2018-04-08 08:07:28.987  INFO 17816 --- [  restartedMain] trationDelegate$BeanPostProcessorChecker : Bean 'org.mybatis.spring.boot.autoconfigure.MybatisAutoConfiguration' of type [org.mybatis.spring.boot.autoconfigure.MybatisAutoConfiguration$$EnhancerBySpringCGLIB$$5a40fcd8] is not eligible for getting processed by all BeanPostProcessors (for example: not eligible for auto-proxying)
2018-04-08 08:07:28.995  INFO 17816 --- [  restartedMain] trationDelegate$BeanPostProcessorChecker : Bean 'org.springframework.boot.autoconfigure.jdbc.DataSourceConfiguration$Generic' of type [org.springframework.boot.autoconfigure.jdbc.DataSourceConfiguration$Generic] is not eligible for getting processed by all BeanPostProcessors (for example: not eligible for auto-proxying)
2018-04-08 08:07:29.050  INFO 17816 --- [  restartedMain] trationDelegate$BeanPostProcessorChecker : Bean 'spring.datasource-org.springframework.boot.autoconfigure.jdbc.DataSourceProperties' of type [org.springframework.boot.autoconfigure.jdbc.DataSourceProperties] is not eligible for getting processed by all BeanPostProcessors (for example: not eligible for auto-proxying)
2018-04-08 08:07:29.227  INFO 17816 --- [  restartedMain] trationDelegate$BeanPostProcessorChecker : Bean 'dataSource' of type [com.alibaba.druid.pool.DruidDataSource] is not eligible for getting processed by all BeanPostProcessors (for example: not eligible for auto-proxying)
2018-04-08 08:07:29.882  INFO 17816 --- [  restartedMain] trationDelegate$BeanPostProcessorChecker : Bean 'sqlSessionFactory' of type [org.apache.ibatis.session.defaults.DefaultSqlSessionFactory] is not eligible for getting processed by all BeanPostProcessors (for example: not eligible for auto-proxying)
2018-04-08 08:07:29.904  INFO 17816 --- [  restartedMain] trationDelegate$BeanPostProcessorChecker : Bean 'sqlSessionTemplate' of type [org.mybatis.spring.SqlSessionTemplate] is not eligible for getting processed by all BeanPostProcessors (for example: not eligible for auto-proxying)
2018-04-08 08:07:29.906  INFO 17816 --- [  restartedMain] trationDelegate$BeanPostProcessorChecker : Bean 'accountMapper' of type [org.mybatis.spring.mapper.MapperFactoryBean] is not eligible for getting processed by all BeanPostProcessors (for example: not eligible for auto-proxying)
2018-04-08 08:07:29.913  INFO 17816 --- [  restartedMain] trationDelegate$BeanPostProcessorChecker : Bean 'accountMapper' of type [com.sun.proxy.$Proxy66] is not eligible for getting processed by all BeanPostProcessors (for example: not eligible for auto-proxying)
2018-04-08 08:07:29.918  INFO 17816 --- [  restartedMain] trationDelegate$BeanPostProcessorChecker : Bean 'accountServiceImpl' of type [com.atm.service.impl.AccountServiceImpl] is not eligible for getting processed by all BeanPostProcessors (for example: not eligible for auto-proxying)
2018-04-08 08:07:29.931  INFO 17816 --- [  restartedMain] trationDelegate$BeanPostProcessorChecker : Bean 'userMapper' of type [org.mybatis.spring.mapper.MapperFactoryBean] is not eligible for getting processed by all BeanPostProcessors (for example: not eligible for auto-proxying)
2018-04-08 08:07:29.934  INFO 17816 --- [  restartedMain] trationDelegate$BeanPostProcessorChecker : Bean 'userMapper' of type [com.sun.proxy.$Proxy68] is not eligible for getting processed by all BeanPostProcessors (for example: not eligible for auto-proxying)
2018-04-08 08:07:29.936  INFO 17816 --- [  restartedMain] trationDelegate$BeanPostProcessorChecker : Bean 'userServiceImpl' of type [com.atm.service.impl.UserServiceImpl] is not eligible for getting processed by all BeanPostProcessors (for example: not eligible for auto-proxying)
2018-04-08 08:07:29.940  INFO 17816 --- [  restartedMain] trationDelegate$BeanPostProcessorChecker : Bean 'userRealm' of type [com.atm.shiro.UserRealm] is not eligible for getting processed by all BeanPostProcessors (for example: not eligible for auto-proxying)
2018-04-08 08:07:29.996  INFO 17816 --- [  restartedMain] trationDelegate$BeanPostProcessorChecker : Bean 'org.springframework.boot.autoconfigure.data.redis.RedisAutoConfiguration' of type [org.springframework.boot.autoconfigure.data.redis.RedisAutoConfiguration$$EnhancerBySpringCGLIB$$1d03d6e4] is not eligible for getting processed by all BeanPostProcessors (for example: not eligible for auto-proxying)
2018-04-08 08:07:30.033  INFO 17816 --- [  restartedMain] trationDelegate$BeanPostProcessorChecker : Bean 'spring.redis-org.springframework.boot.autoconfigure.data.redis.RedisProperties' of type [org.springframework.boot.autoconfigure.data.redis.RedisProperties] is not eligible for getting processed by all BeanPostProcessors (for example: not eligible for auto-proxying)
2018-04-08 08:07:30.054  INFO 17816 --- [  restartedMain] trationDelegate$BeanPostProcessorChecker : Bean 'org.springframework.boot.autoconfigure.data.redis.LettuceConnectionConfiguration' of type [org.springframework.boot.autoconfigure.data.redis.LettuceConnectionConfiguration$$EnhancerBySpringCGLIB$$3c8669f2] is not eligible for getting processed by all BeanPostProcessors (for example: not eligible for auto-proxying)
2018-04-08 08:07:30.374  INFO 17816 --- [  restartedMain] trationDelegate$BeanPostProcessorChecker : Bean 'lettuceClientResources' of type [io.lettuce.core.resource.DefaultClientResources] is not eligible for getting processed by all BeanPostProcessors (for example: not eligible for auto-proxying)
2018-04-08 08:07:30.673  INFO 17816 --- [  restartedMain] trationDelegate$BeanPostProcessorChecker : Bean 'redisConnectionFactory' of type [org.springframework.data.redis.connection.lettuce.LettuceConnectionFactory] is not eligible for getting processed by all BeanPostProcessors (for example: not eligible for auto-proxying)
2018-04-08 08:07:30.751  INFO 17816 --- [  restartedMain] trationDelegate$BeanPostProcessorChecker : Bean 'redisTemplate' of type [org.springframework.data.redis.core.RedisTemplate] is not eligible for getting processed by all BeanPostProcessors (for example: not eligible for auto-proxying)
2018-04-08 08:07:30.753  INFO 17816 --- [  restartedMain] trationDelegate$BeanPostProcessorChecker : Bean 'redisService' of type [com.atm.cache.redis.RedisService] is not eligible for getting processed by all BeanPostProcessors (for example: not eligible for auto-proxying)
2018-04-08 08:07:30.754  INFO 17816 --- [  restartedMain] trationDelegate$BeanPostProcessorChecker : Bean 'redisShiroSessionDao' of type [com.atm.shiro.RedisShiroSessionDao] is not eligible for getting processed by all BeanPostProcessors (for example: not eligible for auto-proxying)
2018-04-08 08:07:30.791  INFO 17816 --- [  restartedMain] trationDelegate$BeanPostProcessorChecker : Bean 'sessionManager' of type [org.apache.shiro.web.session.mgt.DefaultWebSessionManager] is not eligible for getting processed by all BeanPostProcessors (for example: not eligible for auto-proxying)
2018-04-08 08:07:32.063  INFO 17816 --- [  restartedMain] trationDelegate$BeanPostProcessorChecker : Bean 'securityManager' of type [org.apache.shiro.web.mgt.DefaultWebSecurityManager] is not eligible for getting processed by all BeanPostProcessors (for example: not eligible for auto-proxying)
2018-04-08 08:07:32.088  INFO 17816 --- [  restartedMain] trationDelegate$BeanPostProcessorChecker : Bean 'asyncTaskConfig' of type [com.atm.Async.AsyncTaskConfig$$EnhancerBySpringCGLIB$$2c8ea39d] is not eligible for getting processed by all BeanPostProcessors (for example: not eligible for auto-proxying)
2018-04-08 08:07:32.095  INFO 17816 --- [  restartedMain] o.s.s.concurrent.ThreadPoolTaskExecutor  : Initializing ExecutorService 
2018-04-08 08:07:32.373  INFO 17816 --- [  restartedMain] trationDelegate$BeanPostProcessorChecker : Bean 'org.springframework.transaction.annotation.ProxyTransactionManagementConfiguration' of type [org.springframework.transaction.annotation.ProxyTransactionManagementConfiguration$$EnhancerBySpringCGLIB$$276caba8] is not eligible for getting processed by all BeanPostProcessors (for example: not eligible for auto-proxying)
2018-04-08 08:07:32.399  INFO 17816 --- [  restartedMain] trationDelegate$BeanPostProcessorChecker : Bean 'authorizationAttributeSourceAdvisor' of type [org.apache.shiro.spring.security.interceptor.AuthorizationAttributeSourceAdvisor] is not eligible for getting processed by all BeanPostProcessors (for example: not eligible for auto-proxying)
2018-04-08 08:07:33.317  INFO 17816 --- [  restartedMain] o.s.b.w.embedded.tomcat.TomcatWebServer  : Tomcat initialized with port(s): 8080 (http)
2018-04-08 08:07:33.356  INFO 17816 --- [  restartedMain] o.apache.catalina.core.StandardService   : Starting service [Tomcat]
2018-04-08 08:07:33.357  INFO 17816 --- [  restartedMain] org.apache.catalina.core.StandardEngine  : Starting Servlet Engine: Apache Tomcat/8.5.28
2018-04-08 08:07:33.370  INFO 17816 --- [ost-startStop-1] o.a.catalina.core.AprLifecycleListener   : The APR based Apache Tomcat Native library which allows optimal performance in production environments was not found on the java.library.path: [C:\Program Files\Java\jdk1.8.0_161\bin;C:\WINDOWS\Sun\Java\bin;C:\WINDOWS\system32;C:\WINDOWS;C:\Program Files\Java\jdk1.8.0_161\bin;C:\Program Files\Java\jdk1.8.0_161\jre\bin;C:\ProgramData\Oracle\Java\javapath;C:\WINDOWS\system32;C:\WINDOWS;C:\WINDOWS\System32\Wbem;C:\WINDOWS\System32\WindowsPowerShell\v1.0\;%USERPROFILE%\.dnx\bin;C:\Program Files\Microsoft DNX\Dnvm\;C:\Program Files\Microsoft SQL Server\120\DTS\Binn\;C:\Program Files (x86)\Windows Kits\10\Windows Performance Toolkit\;C:\Program Files (x86)\MySQL\MySQL Server 5.5\bin;D:\Program Files (x86)\bin;D:\Program Files\github\Git\cmd;C:\Program Files\TortoiseGit\bin;D:\Program Files\node.js\;C:\WINDOWS\system32;C:\WINDOWS;C:\WINDOWS\System32\Wbem;?D:\apache-maven-3.5.3\bin\;%CATALINA_HOME%\lib;%CATALINA_HOME%\bin;C:\Users\chenyihui\AppData\Local\Microsoft\WindowsApps;D:\Program Files\node.js\node_global\;C:\Users\chenyihui\AppData\Roaming\npm\node_modules;C:\Users\chenyihui\AppData\Local\GitHubDesktop\bin;"C:\WINDOWS\system32;";.]
2018-04-08 08:07:33.862  INFO 17816 --- [ost-startStop-1] o.a.c.c.C.[Tomcat].[localhost].[/]       : Initializing Spring embedded WebApplicationContext
2018-04-08 08:07:33.867  INFO 17816 --- [ost-startStop-1] o.s.web.context.ContextLoader            : Root WebApplicationContext: initialization completed in 8052 ms
2018-04-08 08:07:34.769  INFO 17816 --- [ost-startStop-1] o.s.b.w.servlet.ServletRegistrationBean  : Servlet dispatcherServlet mapped to [/]
2018-04-08 08:07:34.779  INFO 17816 --- [ost-startStop-1] o.s.b.w.servlet.FilterRegistrationBean   : Mapping filter: 'characterEncodingFilter' to: [/*]
2018-04-08 08:07:34.780  INFO 17816 --- [ost-startStop-1] o.s.b.w.servlet.FilterRegistrationBean   : Mapping filter: 'hiddenHttpMethodFilter' to: [/*]
2018-04-08 08:07:34.780  INFO 17816 --- [ost-startStop-1] o.s.b.w.servlet.FilterRegistrationBean   : Mapping filter: 'httpPutFormContentFilter' to: [/*]
2018-04-08 08:07:34.780  INFO 17816 --- [ost-startStop-1] o.s.b.w.servlet.FilterRegistrationBean   : Mapping filter: 'requestContextFilter' to: [/*]
2018-04-08 08:07:34.780  INFO 17816 --- [ost-startStop-1] o.s.b.w.servlet.FilterRegistrationBean   : Mapping filter: 'kickoutSessionControlFilter' to: [/*]
2018-04-08 08:07:34.781  INFO 17816 --- [ost-startStop-1] o.s.b.w.servlet.FilterRegistrationBean   : Mapping filter: 'shiroFilter' to: [/*]
2018-04-08 08:07:36.870  INFO 17816 --- [  restartedMain] s.w.s.m.m.a.RequestMappingHandlerAdapter : Looking for @ControllerAdvice: org.springframework.boot.web.servlet.context.AnnotationConfigServletWebServerApplicationContext@34c8f16e: startup date [Sun Apr 08 08:07:25 CST 2018]; root of context hierarchy
2018-04-08 08:07:37.085  INFO 17816 --- [  restartedMain] s.w.s.m.m.a.RequestMappingHandlerMapping : Mapped "{[/account/update],methods=[POST]}" onto public com.atm.dto.ResultMap com.atm.controller.AccountController.update(com.atm.entity.Account)
2018-04-08 08:07:37.087  INFO 17816 --- [  restartedMain] s.w.s.m.m.a.RequestMappingHandlerMapping : Mapped "{[/account/list],methods=[GET]}" onto public com.atm.dto.ResultMap com.atm.controller.AccountController.list(java.util.Map<java.lang.String, java.lang.Object>)
2018-04-08 08:07:37.087  INFO 17816 --- [  restartedMain] s.w.s.m.m.a.RequestMappingHandlerMapping : Mapped "{[/account/info/{aid}],methods=[GET]}" onto public com.atm.dto.ResultMap com.atm.controller.AccountController.info(java.lang.Integer)
2018-04-08 08:07:37.092  INFO 17816 --- [  restartedMain] s.w.s.m.m.a.RequestMappingHandlerMapping : Mapped "{[/card/update],methods=[PUT]}" onto public com.atm.dto.ResultMap com.atm.controller.CardController.update(com.atm.entity.Card)
2018-04-08 08:07:37.093  INFO 17816 --- [  restartedMain] s.w.s.m.m.a.RequestMappingHandlerMapping : Mapped "{[/card/list],methods=[GET]}" onto public com.atm.dto.ResultMap com.atm.controller.CardController.list(java.util.Map<java.lang.String, java.lang.Object>)
2018-04-08 08:07:37.093  INFO 17816 --- [  restartedMain] s.w.s.m.m.a.RequestMappingHandlerMapping : Mapped "{[/card/info/{cardid}],methods=[GET]}" onto public com.atm.dto.ResultMap com.atm.controller.CardController.info(java.lang.Integer)
2018-04-08 08:07:37.095  INFO 17816 --- [  restartedMain] s.w.s.m.m.a.RequestMappingHandlerMapping : Mapped "{[/deposit/list],methods=[GET]}" onto public com.atm.dto.ResultMap com.atm.controller.DepositController.list(java.util.Map<java.lang.String, java.lang.Object>)
2018-04-08 08:07:37.097  INFO 17816 --- [  restartedMain] s.w.s.m.m.a.RequestMappingHandlerMapping : Mapped "{[/deposit/save],methods=[POST]}" onto public com.atm.dto.ResultMap com.atm.controller.DepositController.save(java.lang.String)
2018-04-08 08:07:37.097  INFO 17816 --- [  restartedMain] s.w.s.m.m.a.RequestMappingHandlerMapping : Mapped "{[/deposit/info/{id}],methods=[GET]}" onto public com.atm.dto.ResultMap com.atm.controller.DepositController.info(java.lang.Integer)
2018-04-08 08:07:37.098  INFO 17816 --- [  restartedMain] s.w.s.m.m.a.RequestMappingHandlerMapping : Mapped "{[/freemaker]}" onto public org.springframework.web.servlet.ModelAndView com.atm.controller.FreemakerController.say(org.springframework.ui.Model)
2018-04-08 08:07:37.099  INFO 17816 --- [  restartedMain] s.w.s.m.m.a.RequestMappingHandlerMapping : Mapped "{[/hello],methods=[GET]}" onto public java.lang.String com.atm.controller.FreemakerController.getHello()
2018-04-08 08:07:37.100  INFO 17816 --- [  restartedMain] s.w.s.m.m.a.RequestMappingHandlerMapping : Mapped "{[/saveAccount],methods=[POST]}" onto public com.atm.dto.ResultMap com.atm.controller.PageController.save(com.atm.entity.Account)
2018-04-08 08:07:37.101  INFO 17816 --- [  restartedMain] s.w.s.m.m.a.RequestMappingHandlerMapping : Mapped "{[/home]}" onto public org.springframework.web.servlet.ModelAndView com.atm.controller.PageController.home()
2018-04-08 08:07:37.101  INFO 17816 --- [  restartedMain] s.w.s.m.m.a.RequestMappingHandlerMapping : Mapped "{[/Sign_in],methods=[POST]}" onto public com.atm.dto.ResultMap com.atm.controller.PageController.Sign_in(com.atm.entity.Account)
2018-04-08 08:07:37.101  INFO 17816 --- [  restartedMain] s.w.s.m.m.a.RequestMappingHandlerMapping : Mapped "{[/listCard]}" onto public java.util.List<com.atm.entity.Card> com.atm.controller.PageController.listCard()
2018-04-08 08:07:37.102  INFO 17816 --- [  restartedMain] s.w.s.m.m.a.RequestMappingHandlerMapping : Mapped "{[/login.jhtml]}" onto public org.springframework.web.servlet.ModelAndView com.atm.controller.PageController.login()
2018-04-08 08:07:37.102  INFO 17816 --- [  restartedMain] s.w.s.m.m.a.RequestMappingHandlerMapping : Mapped "{[/logout],methods=[GET]}" onto public java.lang.String com.atm.controller.PageController.logout()
2018-04-08 08:07:37.102  INFO 17816 --- [  restartedMain] s.w.s.m.m.a.RequestMappingHandlerMapping : Mapped "{[/unauthorizedurl.jhtml]}" onto public java.lang.String com.atm.controller.PageController.unauthorizedurl()
2018-04-08 08:07:37.103  INFO 17816 --- [  restartedMain] s.w.s.m.m.a.RequestMappingHandlerMapping : Mapped "{[/testRole]}" onto public java.lang.String com.atm.controller.PageController.testRole()
2018-04-08 08:07:37.104  INFO 17816 --- [  restartedMain] s.w.s.m.m.a.RequestMappingHandlerMapping : Mapped "{[/module/{htmlName}]}" onto public java.lang.String com.atm.controller.PageController.showPage(javax.servlet.http.HttpServletRequest,java.lang.String)
2018-04-08 08:07:37.106  INFO 17816 --- [  restartedMain] s.w.s.m.m.a.RequestMappingHandlerMapping : Mapped "{[/User/update]}" onto public com.atm.dto.ResultMap com.atm.controller.UserController.update(com.atm.entity.User)
2018-04-08 08:07:37.106  INFO 17816 --- [  restartedMain] s.w.s.m.m.a.RequestMappingHandlerMapping : Mapped "{[/User/list]}" onto public com.atm.dto.ResultMap com.atm.controller.UserController.list(java.util.Map<java.lang.String, java.lang.Object>)
2018-04-08 08:07:37.106  INFO 17816 --- [  restartedMain] s.w.s.m.m.a.RequestMappingHandlerMapping : Mapped "{[/User/info/{userid}]}" onto public com.atm.dto.ResultMap com.atm.controller.UserController.info(java.lang.Integer)
2018-04-08 08:07:37.108  INFO 17816 --- [  restartedMain] s.w.s.m.m.a.RequestMappingHandlerMapping : Mapped "{[/withdraw/list],methods=[GET]}" onto public com.atm.dto.ResultMap com.atm.controller.WithdrawController.list(java.util.Map<java.lang.String, java.lang.Object>)
2018-04-08 08:07:37.109  INFO 17816 --- [  restartedMain] s.w.s.m.m.a.RequestMappingHandlerMapping : Mapped "{[/withdraw/save],methods=[POST]}" onto public com.atm.dto.ResultMap com.atm.controller.WithdrawController.save(java.lang.String)
2018-04-08 08:07:37.109  INFO 17816 --- [  restartedMain] s.w.s.m.m.a.RequestMappingHandlerMapping : Mapped "{[/withdraw/info/{id}],methods=[GET]}" onto public com.atm.dto.ResultMap com.atm.controller.WithdrawController.info(java.lang.Integer)
2018-04-08 08:07:37.113  INFO 17816 --- [  restartedMain] s.w.s.m.m.a.RequestMappingHandlerMapping : Mapped "{[/error]}" onto public org.springframework.http.ResponseEntity<java.util.Map<java.lang.String, java.lang.Object>> org.springframework.boot.autoconfigure.web.servlet.error.BasicErrorController.error(javax.servlet.http.HttpServletRequest)
2018-04-08 08:07:37.114  INFO 17816 --- [  restartedMain] s.w.s.m.m.a.RequestMappingHandlerMapping : Mapped "{[/error],produces=[text/html]}" onto public org.springframework.web.servlet.ModelAndView org.springframework.boot.autoconfigure.web.servlet.error.BasicErrorController.errorHtml(javax.servlet.http.HttpServletRequest,javax.servlet.http.HttpServletResponse)
2018-04-08 08:07:37.408  INFO 17816 --- [  restartedMain] o.s.w.s.handler.SimpleUrlHandlerMapping  : Mapped URL path [/webjars/**] onto handler of type [class org.springframework.web.servlet.resource.ResourceHttpRequestHandler]
2018-04-08 08:07:37.408  INFO 17816 --- [  restartedMain] o.s.w.s.handler.SimpleUrlHandlerMapping  : Mapped URL path [/static/**] onto handler of type [class org.springframework.web.servlet.resource.ResourceHttpRequestHandler]
2018-04-08 08:07:37.497  INFO 17816 --- [  restartedMain] .m.m.a.ExceptionHandlerExceptionResolver : Detected @ExceptionHandler methods in RRExceptionHandler
2018-04-08 08:07:37.628  INFO 17816 --- [  restartedMain] o.s.w.s.handler.SimpleUrlHandlerMapping  : Mapped URL path [/**/favicon.ico] onto handler of type [class org.springframework.web.servlet.resource.ResourceHttpRequestHandler]
2018-04-08 08:07:38.855  INFO 17816 --- [  restartedMain] o.s.w.s.v.f.FreeMarkerConfigurer         : ClassTemplateLoader for Spring macros added to FreeMarker configuration
2018-04-08 08:07:39.581  INFO 17816 --- [  restartedMain] o.s.b.d.a.OptionalLiveReloadServer       : LiveReload server is running on port 35729
2018-04-08 08:07:39.771  INFO 17816 --- [  restartedMain] o.s.j.e.a.AnnotationMBeanExporter        : Registering beans for JMX exposure on startup
2018-04-08 08:07:39.775  INFO 17816 --- [  restartedMain] o.s.j.e.a.AnnotationMBeanExporter        : Bean with name 'dataSource' has been autodetected for JMX exposure
2018-04-08 08:07:39.784  INFO 17816 --- [  restartedMain] o.s.j.e.a.AnnotationMBeanExporter        : Located MBean 'dataSource': registering with JMX server as MBean [com.alibaba.druid.pool:name=dataSource,type=DruidDataSource]
2018-04-08 08:07:39.796  INFO 17816 --- [  restartedMain] o.s.c.support.DefaultLifecycleProcessor  : Starting beans in phase 2147483647
2018-04-08 08:07:39.960  INFO 17816 --- [    container-1] io.lettuce.core.EpollProvider            : Starting without optional epoll library
2018-04-08 08:07:39.963  INFO 17816 --- [    container-1] io.lettuce.core.KqueueProvider           : Starting without optional kqueue library
2018-04-08 08:07:43.141  INFO 17816 --- [  restartedMain] o.s.b.w.embedded.tomcat.TomcatWebServer  : Tomcat started on port(s): 8080 (http) with context path ''
2018-04-08 08:07:43.150  INFO 17816 --- [  restartedMain] com.atm.SpringBootStartApplication       : Started SpringBootStartApplication in 18.535 seconds (JVM running for 19.591)
2018-04-08 08:08:12.706  INFO 17816 --- [io-8080-exec-10] o.a.c.c.C.[Tomcat].[localhost].[/]       : Initializing Spring FrameworkServlet 'dispatcherServlet'
2018-04-08 08:08:12.707  INFO 17816 --- [io-8080-exec-10] o.s.web.servlet.DispatcherServlet        : FrameworkServlet 'dispatcherServlet': initialization started
2018-04-08 08:08:12.793  INFO 17816 --- [io-8080-exec-10] o.s.web.servlet.DispatcherServlet        : FrameworkServlet 'dispatcherServlet': initialization completed in 86 ms
2018-04-08 08:08:12.886  INFO 17816 --- [io-8080-exec-10] a.s.s.m.AbstractValidatingSessionManager : Enabling session validation scheduler...
2018-04-08 08:08:14.721  INFO 17816 --- [nio-8080-exec-2] com.alibaba.druid.pool.DruidDataSource   : {dataSource-1} inited
2018-04-08 08:08:15.204  WARN 17816 --- [nio-8080-exec-5] o.s.web.servlet.PageNotFound             : No mapping found for HTTP request with URI [/login.html] in DispatcherServlet with name 'dispatcherServlet'
2018-04-08 08:08:44.160  INFO 17816 --- [nio-8080-exec-5] com.atm.dto.JsonUtils                    : JSON数据转对象成功================({"aid":76152308,"saveMoney":"200","saveTime":"2018-04-08 08:08:43"})
2018-04-08 08:08:44.205  INFO 17816 --- [nio-8080-exec-5] com.atm.controller.CardController        : 存款成功
2018-04-08 08:08:52.953  INFO 17816 --- [nio-8080-exec-1] com.atm.dto.JsonUtils                    : JSON数据转对象成功================({"aid":76152308,"takeMoney":"500","takeTime":"2018-04-08 08:08:52"})
2018-04-08 08:08:59.739  INFO 17816 --- [nio-8080-exec-7] com.atm.dto.JsonUtils                    : JSON数据转对象成功================({"aid":76152308,"takeMoney":"100","takeTime":"2018-04-08 08:08:52"})
2018-04-08 08:09:15.142  INFO 17816 --- [nio-8080-exec-9] com.atm.controller.AccountController     : 修改密码成功
2018-04-08 09:08:12.943  INFO 17816 --- [idationThread-1] a.s.s.m.AbstractValidatingSessionManager : Validating all active sessions...
2018-04-08 09:08:13.085  INFO 17816 --- [idationThread-1] a.s.s.m.AbstractValidatingSessionManager : Finished session validation.  No sessions were stopped.
2018-04-08 20:45:42.355  INFO 15408 --- [  restartedMain] com.atm.SpringBootStartApplication       : Starting SpringBootStartApplication on DESKTOP-8J9M5H4 with PID 15408 (started by chenyihui in D:\Java web\atm)
2018-04-08 20:45:42.373  INFO 15408 --- [  restartedMain] com.atm.SpringBootStartApplication       : No active profile set, falling back to default profiles: default
2018-04-08 20:45:42.583  INFO 15408 --- [  restartedMain] ConfigServletWebServerApplicationContext : Refreshing org.springframework.boot.web.servlet.context.AnnotationConfigServletWebServerApplicationContext@5bf9e90b: startup date [Sun Apr 08 20:45:42 CST 2018]; root of context hierarchy
2018-04-08 20:45:45.612  INFO 15408 --- [  restartedMain] .s.d.r.c.RepositoryConfigurationDelegate : Multiple Spring Data modules found, entering strict repository configuration mode!
2018-04-08 20:45:46.409  INFO 15408 --- [  restartedMain] trationDelegate$BeanPostProcessorChecker : Bean 'shiroConfig' of type [com.atm.config.ShiroConfig$$EnhancerBySpringCGLIB$$dee87d35] is not eligible for getting processed by all BeanPostProcessors (for example: not eligible for auto-proxying)
2018-04-08 20:45:46.598  INFO 15408 --- [  restartedMain] trationDelegate$BeanPostProcessorChecker : Bean 'org.springframework.boot.context.properties.ConversionServiceDeducer$Factory' of type [org.springframework.boot.context.properties.ConversionServiceDeducer$Factory] is not eligible for getting processed by all BeanPostProcessors (for example: not eligible for auto-proxying)
2018-04-08 20:45:46.605  INFO 15408 --- [  restartedMain] trationDelegate$BeanPostProcessorChecker : Bean 'mybatis-org.mybatis.spring.boot.autoconfigure.MybatisProperties' of type [org.mybatis.spring.boot.autoconfigure.MybatisProperties] is not eligible for getting processed by all BeanPostProcessors (for example: not eligible for auto-proxying)
2018-04-08 20:45:46.635  INFO 15408 --- [  restartedMain] trationDelegate$BeanPostProcessorChecker : Bean 'org.mybatis.spring.boot.autoconfigure.MybatisAutoConfiguration' of type [org.mybatis.spring.boot.autoconfigure.MybatisAutoConfiguration$$EnhancerBySpringCGLIB$$f0d24b58] is not eligible for getting processed by all BeanPostProcessors (for example: not eligible for auto-proxying)
2018-04-08 20:45:46.642  INFO 15408 --- [  restartedMain] trationDelegate$BeanPostProcessorChecker : Bean 'org.springframework.boot.autoconfigure.jdbc.DataSourceConfiguration$Generic' of type [org.springframework.boot.autoconfigure.jdbc.DataSourceConfiguration$Generic] is not eligible for getting processed by all BeanPostProcessors (for example: not eligible for auto-proxying)
2018-04-08 20:45:46.697  INFO 15408 --- [  restartedMain] trationDelegate$BeanPostProcessorChecker : Bean 'spring.datasource-org.springframework.boot.autoconfigure.jdbc.DataSourceProperties' of type [org.springframework.boot.autoconfigure.jdbc.DataSourceProperties] is not eligible for getting processed by all BeanPostProcessors (for example: not eligible for auto-proxying)
2018-04-08 20:45:46.846  INFO 15408 --- [  restartedMain] trationDelegate$BeanPostProcessorChecker : Bean 'dataSource' of type [com.alibaba.druid.pool.DruidDataSource] is not eligible for getting processed by all BeanPostProcessors (for example: not eligible for auto-proxying)
2018-04-08 20:45:47.492  INFO 15408 --- [  restartedMain] trationDelegate$BeanPostProcessorChecker : Bean 'sqlSessionFactory' of type [org.apache.ibatis.session.defaults.DefaultSqlSessionFactory] is not eligible for getting processed by all BeanPostProcessors (for example: not eligible for auto-proxying)
2018-04-08 20:45:47.519  INFO 15408 --- [  restartedMain] trationDelegate$BeanPostProcessorChecker : Bean 'sqlSessionTemplate' of type [org.mybatis.spring.SqlSessionTemplate] is not eligible for getting processed by all BeanPostProcessors (for example: not eligible for auto-proxying)
2018-04-08 20:45:47.523  INFO 15408 --- [  restartedMain] trationDelegate$BeanPostProcessorChecker : Bean 'accountMapper' of type [org.mybatis.spring.mapper.MapperFactoryBean] is not eligible for getting processed by all BeanPostProcessors (for example: not eligible for auto-proxying)
2018-04-08 20:45:47.529  INFO 15408 --- [  restartedMain] trationDelegate$BeanPostProcessorChecker : Bean 'accountMapper' of type [com.sun.proxy.$Proxy66] is not eligible for getting processed by all BeanPostProcessors (for example: not eligible for auto-proxying)
2018-04-08 20:45:47.532  INFO 15408 --- [  restartedMain] trationDelegate$BeanPostProcessorChecker : Bean 'accountServiceImpl' of type [com.atm.service.impl.AccountServiceImpl] is not eligible for getting processed by all BeanPostProcessors (for example: not eligible for auto-proxying)
2018-04-08 20:45:47.548  INFO 15408 --- [  restartedMain] trationDelegate$BeanPostProcessorChecker : Bean 'userMapper' of type [org.mybatis.spring.mapper.MapperFactoryBean] is not eligible for getting processed by all BeanPostProcessors (for example: not eligible for auto-proxying)
2018-04-08 20:45:47.550  INFO 15408 --- [  restartedMain] trationDelegate$BeanPostProcessorChecker : Bean 'userMapper' of type [com.sun.proxy.$Proxy68] is not eligible for getting processed by all BeanPostProcessors (for example: not eligible for auto-proxying)
2018-04-08 20:45:47.551  INFO 15408 --- [  restartedMain] trationDelegate$BeanPostProcessorChecker : Bean 'userServiceImpl' of type [com.atm.service.impl.UserServiceImpl] is not eligible for getting processed by all BeanPostProcessors (for example: not eligible for auto-proxying)
2018-04-08 20:45:47.553  INFO 15408 --- [  restartedMain] trationDelegate$BeanPostProcessorChecker : Bean 'userRealm' of type [com.atm.shiro.UserRealm] is not eligible for getting processed by all BeanPostProcessors (for example: not eligible for auto-proxying)
2018-04-08 20:45:47.633  INFO 15408 --- [  restartedMain] trationDelegate$BeanPostProcessorChecker : Bean 'org.springframework.boot.autoconfigure.data.redis.RedisAutoConfiguration' of type [org.springframework.boot.autoconfigure.data.redis.RedisAutoConfiguration$$EnhancerBySpringCGLIB$$b3952564] is not eligible for getting processed by all BeanPostProcessors (for example: not eligible for auto-proxying)
2018-04-08 20:45:47.669  INFO 15408 --- [  restartedMain] trationDelegate$BeanPostProcessorChecker : Bean 'spring.redis-org.springframework.boot.autoconfigure.data.redis.RedisProperties' of type [org.springframework.boot.autoconfigure.data.redis.RedisProperties] is not eligible for getting processed by all BeanPostProcessors (for example: not eligible for auto-proxying)
2018-04-08 20:45:47.686  INFO 15408 --- [  restartedMain] trationDelegate$BeanPostProcessorChecker : Bean 'org.springframework.boot.autoconfigure.data.redis.LettuceConnectionConfiguration' of type [org.springframework.boot.autoconfigure.data.redis.LettuceConnectionConfiguration$$EnhancerBySpringCGLIB$$d317b872] is not eligible for getting processed by all BeanPostProcessors (for example: not eligible for auto-proxying)
2018-04-08 20:45:47.975  INFO 15408 --- [  restartedMain] trationDelegate$BeanPostProcessorChecker : Bean 'lettuceClientResources' of type [io.lettuce.core.resource.DefaultClientResources] is not eligible for getting processed by all BeanPostProcessors (for example: not eligible for auto-proxying)
2018-04-08 20:45:48.188  INFO 15408 --- [  restartedMain] trationDelegate$BeanPostProcessorChecker : Bean 'redisConnectionFactory' of type [org.springframework.data.redis.connection.lettuce.LettuceConnectionFactory] is not eligible for getting processed by all BeanPostProcessors (for example: not eligible for auto-proxying)
2018-04-08 20:45:48.235  INFO 15408 --- [  restartedMain] trationDelegate$BeanPostProcessorChecker : Bean 'redisTemplate' of type [org.springframework.data.redis.core.RedisTemplate] is not eligible for getting processed by all BeanPostProcessors (for example: not eligible for auto-proxying)
2018-04-08 20:45:48.235  INFO 15408 --- [  restartedMain] trationDelegate$BeanPostProcessorChecker : Bean 'redisService' of type [com.atm.cache.redis.RedisService] is not eligible for getting processed by all BeanPostProcessors (for example: not eligible for auto-proxying)
2018-04-08 20:45:48.235  INFO 15408 --- [  restartedMain] trationDelegate$BeanPostProcessorChecker : Bean 'redisShiroSessionDao' of type [com.atm.shiro.RedisShiroSessionDao] is not eligible for getting processed by all BeanPostProcessors (for example: not eligible for auto-proxying)
2018-04-08 20:45:48.284  INFO 15408 --- [  restartedMain] trationDelegate$BeanPostProcessorChecker : Bean 'sessionManager' of type [org.apache.shiro.web.session.mgt.DefaultWebSessionManager] is not eligible for getting processed by all BeanPostProcessors (for example: not eligible for auto-proxying)
2018-04-08 20:45:49.419  INFO 15408 --- [  restartedMain] trationDelegate$BeanPostProcessorChecker : Bean 'securityManager' of type [org.apache.shiro.web.mgt.DefaultWebSecurityManager] is not eligible for getting processed by all BeanPostProcessors (for example: not eligible for auto-proxying)
2018-04-08 20:45:49.457  INFO 15408 --- [  restartedMain] trationDelegate$BeanPostProcessorChecker : Bean 'asyncTaskConfig' of type [com.atm.Async.AsyncTaskConfig$$EnhancerBySpringCGLIB$$c31ff21d] is not eligible for getting processed by all BeanPostProcessors (for example: not eligible for auto-proxying)
2018-04-08 20:45:49.467  INFO 15408 --- [  restartedMain] o.s.s.concurrent.ThreadPoolTaskExecutor  : Initializing ExecutorService 
2018-04-08 20:45:49.621  INFO 15408 --- [  restartedMain] trationDelegate$BeanPostProcessorChecker : Bean 'org.springframework.transaction.annotation.ProxyTransactionManagementConfiguration' of type [org.springframework.transaction.annotation.ProxyTransactionManagementConfiguration$$EnhancerBySpringCGLIB$$bdfdfa28] is not eligible for getting processed by all BeanPostProcessors (for example: not eligible for auto-proxying)
2018-04-08 20:45:49.637  INFO 15408 --- [  restartedMain] trationDelegate$BeanPostProcessorChecker : Bean 'authorizationAttributeSourceAdvisor' of type [org.apache.shiro.spring.security.interceptor.AuthorizationAttributeSourceAdvisor] is not eligible for getting processed by all BeanPostProcessors (for example: not eligible for auto-proxying)
2018-04-08 20:45:50.472  INFO 15408 --- [  restartedMain] o.s.b.w.embedded.tomcat.TomcatWebServer  : Tomcat initialized with port(s): 8080 (http)
2018-04-08 20:45:50.532  INFO 15408 --- [  restartedMain] o.apache.catalina.core.StandardService   : Starting service [Tomcat]
2018-04-08 20:45:50.532  INFO 15408 --- [  restartedMain] org.apache.catalina.core.StandardEngine  : Starting Servlet Engine: Apache Tomcat/8.5.28
2018-04-08 20:45:50.548  INFO 15408 --- [ost-startStop-1] o.a.catalina.core.AprLifecycleListener   : The APR based Apache Tomcat Native library which allows optimal performance in production environments was not found on the java.library.path: [C:\Program Files\Java\jdk1.8.0_161\bin;C:\WINDOWS\Sun\Java\bin;C:\WINDOWS\system32;C:\WINDOWS;C:\Program Files\Java\jdk1.8.0_161\bin;C:\Program Files\Java\jdk1.8.0_161\jre\bin;C:\ProgramData\Oracle\Java\javapath;C:\WINDOWS\system32;C:\WINDOWS;C:\WINDOWS\System32\Wbem;C:\WINDOWS\System32\WindowsPowerShell\v1.0\;%USERPROFILE%\.dnx\bin;C:\Program Files\Microsoft DNX\Dnvm\;C:\Program Files\Microsoft SQL Server\120\DTS\Binn\;C:\Program Files (x86)\Windows Kits\10\Windows Performance Toolkit\;C:\Program Files (x86)\MySQL\MySQL Server 5.5\bin;D:\Program Files (x86)\bin;D:\Program Files\github\Git\cmd;C:\Program Files\TortoiseGit\bin;D:\Program Files\node.js\;C:\WINDOWS\system32;C:\WINDOWS;C:\WINDOWS\System32\Wbem;?D:\apache-maven-3.5.3\bin\;%CATALINA_HOME%\lib;%CATALINA_HOME%\bin;C:\Users\chenyihui\AppData\Local\Microsoft\WindowsApps;D:\Program Files\node.js\node_global\;C:\Users\chenyihui\AppData\Roaming\npm\node_modules;C:\Users\chenyihui\AppData\Local\GitHubDesktop\bin;"C:\WINDOWS\system32;";.]
2018-04-08 20:45:50.736  INFO 15408 --- [ost-startStop-1] o.a.c.c.C.[Tomcat].[localhost].[/]       : Initializing Spring embedded WebApplicationContext
2018-04-08 20:45:50.736  INFO 15408 --- [ost-startStop-1] o.s.web.context.ContextLoader            : Root WebApplicationContext: initialization completed in 8153 ms
2018-04-08 20:45:51.137  INFO 15408 --- [ost-startStop-1] o.s.b.w.servlet.ServletRegistrationBean  : Servlet dispatcherServlet mapped to [/]
2018-04-08 20:45:51.144  INFO 15408 --- [ost-startStop-1] o.s.b.w.servlet.FilterRegistrationBean   : Mapping filter: 'characterEncodingFilter' to: [/*]
2018-04-08 20:45:51.146  INFO 15408 --- [ost-startStop-1] o.s.b.w.servlet.FilterRegistrationBean   : Mapping filter: 'hiddenHttpMethodFilter' to: [/*]
2018-04-08 20:45:51.147  INFO 15408 --- [ost-startStop-1] o.s.b.w.servlet.FilterRegistrationBean   : Mapping filter: 'httpPutFormContentFilter' to: [/*]
2018-04-08 20:45:51.149  INFO 15408 --- [ost-startStop-1] o.s.b.w.servlet.FilterRegistrationBean   : Mapping filter: 'requestContextFilter' to: [/*]
2018-04-08 20:45:51.150  INFO 15408 --- [ost-startStop-1] o.s.b.w.servlet.FilterRegistrationBean   : Mapping filter: 'kickoutSessionControlFilter' to: [/*]
2018-04-08 20:45:51.151  INFO 15408 --- [ost-startStop-1] o.s.b.w.servlet.FilterRegistrationBean   : Mapping filter: 'shiroFilter' to: [/*]
2018-04-08 20:45:53.158  INFO 15408 --- [  restartedMain] s.w.s.m.m.a.RequestMappingHandlerAdapter : Looking for @ControllerAdvice: org.springframework.boot.web.servlet.context.AnnotationConfigServletWebServerApplicationContext@5bf9e90b: startup date [Sun Apr 08 20:45:42 CST 2018]; root of context hierarchy
2018-04-08 20:45:53.342  INFO 15408 --- [  restartedMain] s.w.s.m.m.a.RequestMappingHandlerMapping : Mapped "{[/account/update],methods=[POST]}" onto public com.atm.dto.ResultMap com.atm.controller.AccountController.update(com.atm.entity.Account)
2018-04-08 20:45:53.344  INFO 15408 --- [  restartedMain] s.w.s.m.m.a.RequestMappingHandlerMapping : Mapped "{[/account/list],methods=[GET]}" onto public com.atm.dto.ResultMap com.atm.controller.AccountController.list(java.util.Map<java.lang.String, java.lang.Object>)
2018-04-08 20:45:53.344  INFO 15408 --- [  restartedMain] s.w.s.m.m.a.RequestMappingHandlerMapping : Mapped "{[/account/info/{aid}],methods=[GET]}" onto public com.atm.dto.ResultMap com.atm.controller.AccountController.info(java.lang.Integer)
2018-04-08 20:45:53.348  INFO 15408 --- [  restartedMain] s.w.s.m.m.a.RequestMappingHandlerMapping : Mapped "{[/card/update],methods=[PUT]}" onto public com.atm.dto.ResultMap com.atm.controller.CardController.update(com.atm.entity.Card)
2018-04-08 20:45:53.350  INFO 15408 --- [  restartedMain] s.w.s.m.m.a.RequestMappingHandlerMapping : Mapped "{[/card/list],methods=[GET]}" onto public com.atm.dto.ResultMap com.atm.controller.CardController.list(java.util.Map<java.lang.String, java.lang.Object>)
2018-04-08 20:45:53.351  INFO 15408 --- [  restartedMain] s.w.s.m.m.a.RequestMappingHandlerMapping : Mapped "{[/card/info/{cardid}],methods=[GET]}" onto public com.atm.dto.ResultMap com.atm.controller.CardController.info(java.lang.Integer)
2018-04-08 20:45:53.354  INFO 15408 --- [  restartedMain] s.w.s.m.m.a.RequestMappingHandlerMapping : Mapped "{[/deposit/list],methods=[GET]}" onto public com.atm.dto.ResultMap com.atm.controller.DepositController.list(java.util.Map<java.lang.String, java.lang.Object>)
2018-04-08 20:45:53.356  INFO 15408 --- [  restartedMain] s.w.s.m.m.a.RequestMappingHandlerMapping : Mapped "{[/deposit/save],methods=[POST]}" onto public com.atm.dto.ResultMap com.atm.controller.DepositController.save(java.lang.String)
2018-04-08 20:45:53.357  INFO 15408 --- [  restartedMain] s.w.s.m.m.a.RequestMappingHandlerMapping : Mapped "{[/deposit/info/{id}],methods=[GET]}" onto public com.atm.dto.ResultMap com.atm.controller.DepositController.info(java.lang.Integer)
2018-04-08 20:45:53.359  INFO 15408 --- [  restartedMain] s.w.s.m.m.a.RequestMappingHandlerMapping : Mapped "{[/hello],methods=[GET]}" onto public java.lang.String com.atm.controller.FreemakerController.getHello()
2018-04-08 20:45:53.360  INFO 15408 --- [  restartedMain] s.w.s.m.m.a.RequestMappingHandlerMapping : Mapped "{[/freemaker]}" onto public org.springframework.web.servlet.ModelAndView com.atm.controller.FreemakerController.say(org.springframework.ui.Model)
2018-04-08 20:45:53.363  INFO 15408 --- [  restartedMain] s.w.s.m.m.a.RequestMappingHandlerMapping : Mapped "{[/saveAccount],methods=[POST]}" onto public com.atm.dto.ResultMap com.atm.controller.PageController.save(com.atm.entity.Account)
2018-04-08 20:45:53.368  INFO 15408 --- [  restartedMain] s.w.s.m.m.a.RequestMappingHandlerMapping : Mapped "{[/home]}" onto public org.springframework.web.servlet.ModelAndView com.atm.controller.PageController.home()
2018-04-08 20:45:53.370  INFO 15408 --- [  restartedMain] s.w.s.m.m.a.RequestMappingHandlerMapping : Mapped "{[/listCard]}" onto public java.util.List<com.atm.entity.Card> com.atm.controller.PageController.listCard()
2018-04-08 20:45:53.371  INFO 15408 --- [  restartedMain] s.w.s.m.m.a.RequestMappingHandlerMapping : Mapped "{[/unauthorizedurl.jhtml]}" onto public java.lang.String com.atm.controller.PageController.unauthorizedurl()
2018-04-08 20:45:53.373  INFO 15408 --- [  restartedMain] s.w.s.m.m.a.RequestMappingHandlerMapping : Mapped "{[/login.jhtml]}" onto public org.springframework.web.servlet.ModelAndView com.atm.controller.PageController.login()
2018-04-08 20:45:53.374  INFO 15408 --- [  restartedMain] s.w.s.m.m.a.RequestMappingHandlerMapping : Mapped "{[/testRole]}" onto public java.lang.String com.atm.controller.PageController.testRole()
2018-04-08 20:45:53.375  INFO 15408 --- [  restartedMain] s.w.s.m.m.a.RequestMappingHandlerMapping : Mapped "{[/logout],methods=[GET]}" onto public java.lang.String com.atm.controller.PageController.logout()
2018-04-08 20:45:53.375  INFO 15408 --- [  restartedMain] s.w.s.m.m.a.RequestMappingHandlerMapping : Mapped "{[/module/{htmlName}]}" onto public java.lang.String com.atm.controller.PageController.showPage(javax.servlet.http.HttpServletRequest,java.lang.String)
2018-04-08 20:45:53.376  INFO 15408 --- [  restartedMain] s.w.s.m.m.a.RequestMappingHandlerMapping : Mapped "{[/Sign_in],methods=[POST]}" onto public com.atm.dto.ResultMap com.atm.controller.PageController.Sign_in(com.atm.entity.Account)
2018-04-08 20:45:53.380  INFO 15408 --- [  restartedMain] s.w.s.m.m.a.RequestMappingHandlerMapping : Mapped "{[/User/update]}" onto public com.atm.dto.ResultMap com.atm.controller.UserController.update(com.atm.entity.User)
2018-04-08 20:45:53.389  INFO 15408 --- [  restartedMain] s.w.s.m.m.a.RequestMappingHandlerMapping : Mapped "{[/User/list]}" onto public com.atm.dto.ResultMap com.atm.controller.UserController.list(java.util.Map<java.lang.String, java.lang.Object>)
2018-04-08 20:45:53.391  INFO 15408 --- [  restartedMain] s.w.s.m.m.a.RequestMappingHandlerMapping : Mapped "{[/User/info/{userid}]}" onto public com.atm.dto.ResultMap com.atm.controller.UserController.info(java.lang.Integer)
2018-04-08 20:45:53.397  INFO 15408 --- [  restartedMain] s.w.s.m.m.a.RequestMappingHandlerMapping : Mapped "{[/withdraw/list],methods=[GET]}" onto public com.atm.dto.ResultMap com.atm.controller.WithdrawController.list(java.util.Map<java.lang.String, java.lang.Object>)
2018-04-08 20:45:53.400  INFO 15408 --- [  restartedMain] s.w.s.m.m.a.RequestMappingHandlerMapping : Mapped "{[/withdraw/save],methods=[POST]}" onto public com.atm.dto.ResultMap com.atm.controller.WithdrawController.save(java.lang.String)
2018-04-08 20:45:53.403  INFO 15408 --- [  restartedMain] s.w.s.m.m.a.RequestMappingHandlerMapping : Mapped "{[/withdraw/info/{id}],methods=[GET]}" onto public com.atm.dto.ResultMap com.atm.controller.WithdrawController.info(java.lang.Integer)
2018-04-08 20:45:53.413  INFO 15408 --- [  restartedMain] s.w.s.m.m.a.RequestMappingHandlerMapping : Mapped "{[/error]}" onto public org.springframework.http.ResponseEntity<java.util.Map<java.lang.String, java.lang.Object>> org.springframework.boot.autoconfigure.web.servlet.error.BasicErrorController.error(javax.servlet.http.HttpServletRequest)
2018-04-08 20:45:53.416  INFO 15408 --- [  restartedMain] s.w.s.m.m.a.RequestMappingHandlerMapping : Mapped "{[/error],produces=[text/html]}" onto public org.springframework.web.servlet.ModelAndView org.springframework.boot.autoconfigure.web.servlet.error.BasicErrorController.errorHtml(javax.servlet.http.HttpServletRequest,javax.servlet.http.HttpServletResponse)
2018-04-08 20:45:53.736  INFO 15408 --- [  restartedMain] o.s.w.s.handler.SimpleUrlHandlerMapping  : Mapped URL path [/webjars/**] onto handler of type [class org.springframework.web.servlet.resource.ResourceHttpRequestHandler]
2018-04-08 20:45:53.736  INFO 15408 --- [  restartedMain] o.s.w.s.handler.SimpleUrlHandlerMapping  : Mapped URL path [/static/**] onto handler of type [class org.springframework.web.servlet.resource.ResourceHttpRequestHandler]
2018-04-08 20:45:53.789  INFO 15408 --- [  restartedMain] .m.m.a.ExceptionHandlerExceptionResolver : Detected @ExceptionHandler methods in RRExceptionHandler
2018-04-08 20:45:53.930  INFO 15408 --- [  restartedMain] o.s.w.s.handler.SimpleUrlHandlerMapping  : Mapped URL path [/**/favicon.ico] onto handler of type [class org.springframework.web.servlet.resource.ResourceHttpRequestHandler]
2018-04-08 20:45:54.906  INFO 15408 --- [  restartedMain] o.s.w.s.v.f.FreeMarkerConfigurer         : ClassTemplateLoader for Spring macros added to FreeMarker configuration
2018-04-08 20:45:55.426  INFO 15408 --- [  restartedMain] o.s.b.d.a.OptionalLiveReloadServer       : LiveReload server is running on port 35729
2018-04-08 20:45:55.598  INFO 15408 --- [  restartedMain] o.s.j.e.a.AnnotationMBeanExporter        : Registering beans for JMX exposure on startup
2018-04-08 20:45:55.598  INFO 15408 --- [  restartedMain] o.s.j.e.a.AnnotationMBeanExporter        : Bean with name 'dataSource' has been autodetected for JMX exposure
2018-04-08 20:45:55.613  INFO 15408 --- [  restartedMain] o.s.j.e.a.AnnotationMBeanExporter        : Located MBean 'dataSource': registering with JMX server as MBean [com.alibaba.druid.pool:name=dataSource,type=DruidDataSource]
2018-04-08 20:45:55.629  INFO 15408 --- [  restartedMain] o.s.c.support.DefaultLifecycleProcessor  : Starting beans in phase 2147483647
2018-04-08 20:45:55.754  INFO 15408 --- [    container-1] io.lettuce.core.EpollProvider            : Starting without optional epoll library
2018-04-08 20:45:55.754  INFO 15408 --- [    container-1] io.lettuce.core.KqueueProvider           : Starting without optional kqueue library
2018-04-08 20:45:56.951  INFO 15408 --- [  restartedMain] o.s.b.w.embedded.tomcat.TomcatWebServer  : Tomcat started on port(s): 8080 (http) with context path ''
2018-04-08 20:45:56.955  INFO 15408 --- [  restartedMain] com.atm.SpringBootStartApplication       : Started SpringBootStartApplication in 15.795 seconds (JVM running for 17.289)
2018-04-08 23:16:26.732  INFO 17236 --- [  restartedMain] com.atm.SpringBootStartApplication       : Starting SpringBootStartApplication on DESKTOP-8J9M5H4 with PID 17236 (started by chenyihui in D:\Java web\atm)
2018-04-08 23:16:26.735  INFO 17236 --- [  restartedMain] com.atm.SpringBootStartApplication       : No active profile set, falling back to default profiles: default
2018-04-08 23:16:26.889  INFO 17236 --- [  restartedMain] ConfigServletWebServerApplicationContext : Refreshing org.springframework.boot.web.servlet.context.AnnotationConfigServletWebServerApplicationContext@27a6c063: startup date [Sun Apr 08 23:16:26 CST 2018]; root of context hierarchy
2018-04-08 23:16:35.909  INFO 17236 --- [  restartedMain] .s.d.r.c.RepositoryConfigurationDelegate : Multiple Spring Data modules found, entering strict repository configuration mode!
2018-04-08 23:16:36.865  INFO 17236 --- [  restartedMain] trationDelegate$BeanPostProcessorChecker : Bean 'shiroConfig' of type [com.atm.config.ShiroConfig$$EnhancerBySpringCGLIB$$52532bbc] is not eligible for getting processed by all BeanPostProcessors (for example: not eligible for auto-proxying)
